{"C:\\Users\\abish\\zvision_development\\zvision_frontend\\app\\layout.tsx": {"path":"C:\\Users\\abish\\zvision_development\\zvision_frontend\\app\\layout.tsx","statementMap":{"0":{"start":{"line":18,"column":24},"end":{"line":18,"column":35}},"1":{"start":{"line":12,"column":13},"end":{"line":12,"column":21}},"2":{"start":{"line":3,"column":22},"end":{"line":3,"column":null}},"3":{"start":{"line":5,"column":30},"end":{"line":5,"column":null}},"4":{"start":{"line":6,"column":24},"end":{"line":6,"column":null}},"5":{"start":{"line":7,"column":19},"end":{"line":7,"column":null}},"6":{"start":{"line":8,"column":7},"end":{"line":8,"column":null}},"7":{"start":{"line":10,"column":14},"end":{"line":10,"column":null}},"8":{"start":{"line":12,"column":34},"end":{"line":16,"column":null}}},"fnMap":{"0":{"name":"RootLayout","decl":{"start":{"line":18,"column":24},"end":{"line":18,"column":35}},"loc":{"start":{"line":22,"column":1},"end":{"line":49,"column":1}}}},"branchMap":{},"s":{"0":0,"1":0,"2":0,"3":0,"4":0,"5":0,"6":0,"7":0,"8":0},"f":{"0":0},"b":{}}
,"C:\\Users\\abish\\zvision_development\\zvision_frontend\\app\\page.tsx": {"path":"C:\\Users\\abish\\zvision_development\\zvision_frontend\\app\\page.tsx","statementMap":{"0":{"start":{"line":8,"column":24},"end":{"line":8,"column":null}},"1":{"start":{"line":3,"column":23},"end":{"line":3,"column":null}},"2":{"start":{"line":4,"column":61},"end":{"line":4,"column":null}},"3":{"start":{"line":5,"column":23},"end":{"line":5,"column":null}},"4":{"start":{"line":6,"column":17},"end":{"line":6,"column":null}},"5":{"start":{"line":9,"column":19},"end":{"line":35,"column":null}},"6":{"start":{"line":66,"column":10},"end":{"line":67,"column":null}}},"fnMap":{"0":{"name":"Home","decl":{"start":{"line":8,"column":24},"end":{"line":8,"column":null}},"loc":{"start":{"line":8,"column":24},"end":{"line":90,"column":null}}},"1":{"name":"(anonymous_3)","decl":{"start":{"line":65,"column":22},"end":{"line":65,"column":23}},"loc":{"start":{"line":66,"column":10},"end":{"line":67,"column":null}}}},"branchMap":{},"s":{"0":5,"1":1,"2":1,"3":1,"4":1,"5":5,"6":20},"f":{"0":5,"1":20},"b":{}}
,"C:\\Users\\abish\\zvision_development\\zvision_frontend\\app\\api\\analytics\\compare\\route.ts": {"path":"C:\\Users\\abish\\zvision_development\\zvision_frontend\\app\\api\\analytics\\compare\\route.ts","statementMap":{"0":{"start":{"line":3,"column":22},"end":{"line":3,"column":26}},"1":{"start":{"line":1,"column":29},"end":{"line":1,"column":null}},"2":{"start":{"line":5,"column":27},"end":{"line":5,"column":null}},"3":{"start":{"line":6,"column":20},"end":{"line":6,"column":null}},"4":{"start":{"line":9,"column":2},"end":{"line":9,"column":null}},"5":{"start":{"line":9,"column":33},"end":{"line":9,"column":null}},"6":{"start":{"line":12,"column":15},"end":{"line":20,"column":null}},"7":{"start":{"line":22,"column":2},"end":{"line":22,"column":null}}},"fnMap":{"0":{"name":"GET","decl":{"start":{"line":3,"column":22},"end":{"line":3,"column":26}},"loc":{"start":{"line":3,"column":42},"end":{"line":23,"column":null}}},"1":{"name":"(anonymous_2)","decl":{"start":{"line":9,"column":20},"end":{"line":9,"column":21}},"loc":{"start":{"line":9,"column":33},"end":{"line":9,"column":null}}}},"branchMap":{"0":{"loc":{"start":{"line":6,"column":20},"end":{"line":6,"column":null}},"type":"binary-expr","locations":[{"start":{"line":6,"column":20},"end":{"line":6,"column":53}},{"start":{"line":6,"column":53},"end":{"line":6,"column":null}}]}},"s":{"0":0,"1":0,"2":0,"3":0,"4":0,"5":0,"6":0,"7":0},"f":{"0":0,"1":0},"b":{"0":[0,0]}}
,"C:\\Users\\abish\\zvision_development\\zvision_frontend\\app\\api\\cameras\\route.ts": {"path":"C:\\Users\\abish\\zvision_development\\zvision_frontend\\app\\api\\cameras\\route.ts","statementMap":{"0":{"start":{"line":56,"column":22},"end":{"line":56,"column":25}},"1":{"start":{"line":64,"column":22},"end":{"line":64,"column":26}},"2":{"start":{"line":4,"column":13},"end":{"line":4,"column":20}},"3":{"start":{"line":1,"column":29},"end":{"line":1,"column":null}},"4":{"start":{"line":4,"column":23},"end":{"line":54,"column":null}},"5":{"start":{"line":58,"column":2},"end":{"line":58,"column":null}},"6":{"start":{"line":58,"column":33},"end":{"line":58,"column":null}},"7":{"start":{"line":61,"column":2},"end":{"line":61,"column":null}},"8":{"start":{"line":65,"column":15},"end":{"line":65,"column":null}},"9":{"start":{"line":68,"column":2},"end":{"line":70,"column":null}},"10":{"start":{"line":69,"column":4},"end":{"line":69,"column":null}},"11":{"start":{"line":73,"column":2},"end":{"line":75,"column":null}},"12":{"start":{"line":73,"column":31},"end":{"line":73,"column":52}},"13":{"start":{"line":74,"column":4},"end":{"line":74,"column":null}},"14":{"start":{"line":78,"column":20},"end":{"line":84,"column":null}},"15":{"start":{"line":87,"column":2},"end":{"line":87,"column":null}},"16":{"start":{"line":89,"column":2},"end":{"line":89,"column":null}}},"fnMap":{"0":{"name":"GET","decl":{"start":{"line":56,"column":22},"end":{"line":56,"column":25}},"loc":{"start":{"line":56,"column":22},"end":{"line":62,"column":null}}},"1":{"name":"(anonymous_5)","decl":{"start":{"line":58,"column":20},"end":{"line":58,"column":21}},"loc":{"start":{"line":58,"column":33},"end":{"line":58,"column":null}}},"2":{"name":"POST","decl":{"start":{"line":64,"column":22},"end":{"line":64,"column":26}},"loc":{"start":{"line":64,"column":43},"end":{"line":90,"column":null}}},"3":{"name":"(anonymous_7)","decl":{"start":{"line":73,"column":19},"end":{"line":73,"column":20}},"loc":{"start":{"line":73,"column":31},"end":{"line":73,"column":52}}}},"branchMap":{"0":{"loc":{"start":{"line":68,"column":2},"end":{"line":70,"column":null}},"type":"if","locations":[{"start":{"line":68,"column":2},"end":{"line":70,"column":null}}]},"1":{"loc":{"start":{"line":68,"column":6},"end":{"line":68,"column":44}},"type":"binary-expr","locations":[{"start":{"line":68,"column":6},"end":{"line":68,"column":14}},{"start":{"line":68,"column":18},"end":{"line":68,"column":28}},{"start":{"line":68,"column":32},"end":{"line":68,"column":44}}]},"2":{"loc":{"start":{"line":73,"column":2},"end":{"line":75,"column":null}},"type":"if","locations":[{"start":{"line":73,"column":2},"end":{"line":75,"column":null}}]}},"s":{"0":0,"1":0,"2":0,"3":0,"4":0,"5":0,"6":0,"7":0,"8":0,"9":0,"10":0,"11":0,"12":0,"13":0,"14":0,"15":0,"16":0},"f":{"0":0,"1":0,"2":0,"3":0},"b":{"0":[0],"1":[0,0,0],"2":[0]}}
,"C:\\Users\\abish\\zvision_development\\zvision_frontend\\app\\api\\cameras\\[id]\\route.ts": {"path":"C:\\Users\\abish\\zvision_development\\zvision_frontend\\app\\api\\cameras\\[id]\\route.ts","statementMap":{"0":{"start":{"line":17,"column":22},"end":{"line":17,"column":28}},"1":{"start":{"line":4,"column":22},"end":{"line":4,"column":25}},"2":{"start":{"line":57,"column":22},"end":{"line":57,"column":27}},"3":{"start":{"line":34,"column":22},"end":{"line":34,"column":25}},"4":{"start":{"line":1,"column":29},"end":{"line":1,"column":null}},"5":{"start":{"line":2,"column":24},"end":{"line":2,"column":null}},"6":{"start":{"line":5,"column":13},"end":{"line":5,"column":22}},"7":{"start":{"line":8,"column":17},"end":{"line":8,"column":null}},"8":{"start":{"line":8,"column":42},"end":{"line":8,"column":null}},"9":{"start":{"line":10,"column":2},"end":{"line":12,"column":null}},"10":{"start":{"line":11,"column":4},"end":{"line":11,"column":null}},"11":{"start":{"line":14,"column":2},"end":{"line":14,"column":null}},"12":{"start":{"line":18,"column":13},"end":{"line":18,"column":22}},"13":{"start":{"line":21,"column":22},"end":{"line":21,"column":null}},"14":{"start":{"line":21,"column":52},"end":{"line":21,"column":null}},"15":{"start":{"line":23,"column":2},"end":{"line":25,"column":null}},"16":{"start":{"line":24,"column":4},"end":{"line":24,"column":null}},"17":{"start":{"line":28,"column":2},"end":{"line":28,"column":null}},"18":{"start":{"line":31,"column":2},"end":{"line":31,"column":null}},"19":{"start":{"line":35,"column":13},"end":{"line":35,"column":22}},"20":{"start":{"line":36,"column":15},"end":{"line":36,"column":null}},"21":{"start":{"line":39,"column":22},"end":{"line":39,"column":null}},"22":{"start":{"line":39,"column":52},"end":{"line":39,"column":null}},"23":{"start":{"line":41,"column":2},"end":{"line":43,"column":null}},"24":{"start":{"line":42,"column":4},"end":{"line":42,"column":null}},"25":{"start":{"line":46,"column":2},"end":{"line":46,"column":null}},"26":{"start":{"line":46,"column":33},"end":{"line":46,"column":null}},"27":{"start":{"line":49,"column":2},"end":{"line":52,"column":null}},"28":{"start":{"line":54,"column":2},"end":{"line":54,"column":null}},"29":{"start":{"line":58,"column":13},"end":{"line":58,"column":22}},"30":{"start":{"line":59,"column":15},"end":{"line":59,"column":null}},"31":{"start":{"line":62,"column":22},"end":{"line":62,"column":null}},"32":{"start":{"line":62,"column":52},"end":{"line":62,"column":null}},"33":{"start":{"line":64,"column":2},"end":{"line":66,"column":null}},"34":{"start":{"line":65,"column":4},"end":{"line":65,"column":null}},"35":{"start":{"line":69,"column":2},"end":{"line":72,"column":null}},"36":{"start":{"line":74,"column":2},"end":{"line":74,"column":null}}},"fnMap":{"0":{"name":"GET","decl":{"start":{"line":4,"column":22},"end":{"line":4,"column":25}},"loc":{"start":{"line":4,"column":82},"end":{"line":15,"column":null}}},"1":{"name":"(anonymous_6)","decl":{"start":{"line":8,"column":30},"end":{"line":8,"column":31}},"loc":{"start":{"line":8,"column":42},"end":{"line":8,"column":null}}},"2":{"name":"DELETE","decl":{"start":{"line":17,"column":22},"end":{"line":17,"column":28}},"loc":{"start":{"line":17,"column":85},"end":{"line":32,"column":null}}},"3":{"name":"(anonymous_8)","decl":{"start":{"line":21,"column":40},"end":{"line":21,"column":41}},"loc":{"start":{"line":21,"column":52},"end":{"line":21,"column":null}}},"4":{"name":"PUT","decl":{"start":{"line":34,"column":22},"end":{"line":34,"column":25}},"loc":{"start":{"line":34,"column":82},"end":{"line":55,"column":null}}},"5":{"name":"(anonymous_10)","decl":{"start":{"line":39,"column":40},"end":{"line":39,"column":41}},"loc":{"start":{"line":39,"column":52},"end":{"line":39,"column":null}}},"6":{"name":"(anonymous_11)","decl":{"start":{"line":46,"column":20},"end":{"line":46,"column":21}},"loc":{"start":{"line":46,"column":33},"end":{"line":46,"column":null}}},"7":{"name":"PATCH","decl":{"start":{"line":57,"column":22},"end":{"line":57,"column":27}},"loc":{"start":{"line":57,"column":84},"end":{"line":75,"column":null}}},"8":{"name":"(anonymous_13)","decl":{"start":{"line":62,"column":40},"end":{"line":62,"column":41}},"loc":{"start":{"line":62,"column":52},"end":{"line":62,"column":null}}}},"branchMap":{"0":{"loc":{"start":{"line":10,"column":2},"end":{"line":12,"column":null}},"type":"if","locations":[{"start":{"line":10,"column":2},"end":{"line":12,"column":null}}]},"1":{"loc":{"start":{"line":23,"column":2},"end":{"line":25,"column":null}},"type":"if","locations":[{"start":{"line":23,"column":2},"end":{"line":25,"column":null}}]},"2":{"loc":{"start":{"line":41,"column":2},"end":{"line":43,"column":null}},"type":"if","locations":[{"start":{"line":41,"column":2},"end":{"line":43,"column":null}}]},"3":{"loc":{"start":{"line":64,"column":2},"end":{"line":66,"column":null}},"type":"if","locations":[{"start":{"line":64,"column":2},"end":{"line":66,"column":null}}]}},"s":{"0":0,"1":0,"2":0,"3":0,"4":0,"5":0,"6":0,"7":0,"8":0,"9":0,"10":0,"11":0,"12":0,"13":0,"14":0,"15":0,"16":0,"17":0,"18":0,"19":0,"20":0,"21":0,"22":0,"23":0,"24":0,"25":0,"26":0,"27":0,"28":0,"29":0,"30":0,"31":0,"32":0,"33":0,"34":0,"35":0,"36":0},"f":{"0":0,"1":0,"2":0,"3":0,"4":0,"5":0,"6":0,"7":0,"8":0},"b":{"0":[0],"1":[0],"2":[0],"3":[0]}}
,"C:\\Users\\abish\\zvision_development\\zvision_frontend\\app\\api\\cameras\\[id]\\roi\\route.ts": {"path":"C:\\Users\\abish\\zvision_development\\zvision_frontend\\app\\api\\cameras\\[id]\\roi\\route.ts","statementMap":{"0":{"start":{"line":4,"column":22},"end":{"line":4,"column":27}},"1":{"start":{"line":1,"column":29},"end":{"line":1,"column":null}},"2":{"start":{"line":2,"column":24},"end":{"line":2,"column":null}},"3":{"start":{"line":5,"column":13},"end":{"line":5,"column":22}},"4":{"start":{"line":6,"column":15},"end":{"line":6,"column":null}},"5":{"start":{"line":9,"column":22},"end":{"line":9,"column":null}},"6":{"start":{"line":9,"column":52},"end":{"line":9,"column":null}},"7":{"start":{"line":11,"column":2},"end":{"line":13,"column":null}},"8":{"start":{"line":12,"column":4},"end":{"line":12,"column":null}},"9":{"start":{"line":16,"column":2},"end":{"line":24,"column":null}},"10":{"start":{"line":23,"column":4},"end":{"line":23,"column":null}},"11":{"start":{"line":27,"column":2},"end":{"line":29,"column":null}},"12":{"start":{"line":28,"column":4},"end":{"line":28,"column":null}},"13":{"start":{"line":32,"column":2},"end":{"line":36,"column":null}},"14":{"start":{"line":38,"column":2},"end":{"line":38,"column":null}}},"fnMap":{"0":{"name":"POST","decl":{"start":{"line":4,"column":22},"end":{"line":4,"column":27}},"loc":{"start":{"line":4,"column":83},"end":{"line":39,"column":null}}},"1":{"name":"(anonymous_2)","decl":{"start":{"line":9,"column":40},"end":{"line":9,"column":41}},"loc":{"start":{"line":9,"column":52},"end":{"line":9,"column":null}}}},"branchMap":{"0":{"loc":{"start":{"line":11,"column":2},"end":{"line":13,"column":null}},"type":"if","locations":[{"start":{"line":11,"column":2},"end":{"line":13,"column":null}}]},"1":{"loc":{"start":{"line":16,"column":2},"end":{"line":24,"column":null}},"type":"if","locations":[{"start":{"line":16,"column":2},"end":{"line":24,"column":null}}]},"2":{"loc":{"start":{"line":17,"column":4},"end":{"line":21,"column":null}},"type":"binary-expr","locations":[{"start":{"line":17,"column":4},"end":{"line":17,"column":13}},{"start":{"line":18,"column":4},"end":{"line":18,"column":null}},{"start":{"line":19,"column":4},"end":{"line":19,"column":null}},{"start":{"line":20,"column":4},"end":{"line":20,"column":null}},{"start":{"line":21,"column":4},"end":{"line":21,"column":null}}]},"3":{"loc":{"start":{"line":27,"column":2},"end":{"line":29,"column":null}},"type":"if","locations":[{"start":{"line":27,"column":2},"end":{"line":29,"column":null}}]},"4":{"loc":{"start":{"line":27,"column":6},"end":{"line":27,"column":96}},"type":"binary-expr","locations":[{"start":{"line":27,"column":6},"end":{"line":27,"column":26}},{"start":{"line":27,"column":30},"end":{"line":27,"column":64}},{"start":{"line":27,"column":64},"end":{"line":27,"column":96}}]},"5":{"loc":{"start":{"line":35,"column":21},"end":{"line":35,"column":81}},"type":"binary-expr","locations":[{"start":{"line":35,"column":21},"end":{"line":35,"column":41}},{"start":{"line":35,"column":45},"end":{"line":35,"column":81}}]}},"s":{"0":0,"1":0,"2":0,"3":0,"4":0,"5":0,"6":0,"7":0,"8":0,"9":0,"10":0,"11":0,"12":0,"13":0,"14":0},"f":{"0":0,"1":0},"b":{"0":[0],"1":[0],"2":[0,0,0,0,0],"3":[0],"4":[0,0,0],"5":[0,0]}}
,"C:\\Users\\abish\\zvision_development\\zvision_frontend\\app\\api\\cameras\\[id]\\roi\\clear\\route.ts": {"path":"C:\\Users\\abish\\zvision_development\\zvision_frontend\\app\\api\\cameras\\[id]\\roi\\clear\\route.ts","statementMap":{"0":{"start":{"line":4,"column":22},"end":{"line":4,"column":27}},"1":{"start":{"line":1,"column":29},"end":{"line":1,"column":null}},"2":{"start":{"line":2,"column":24},"end":{"line":2,"column":null}},"3":{"start":{"line":5,"column":13},"end":{"line":5,"column":22}},"4":{"start":{"line":8,"column":22},"end":{"line":8,"column":null}},"5":{"start":{"line":8,"column":52},"end":{"line":8,"column":null}},"6":{"start":{"line":10,"column":2},"end":{"line":12,"column":null}},"7":{"start":{"line":11,"column":4},"end":{"line":11,"column":null}},"8":{"start":{"line":15,"column":39},"end":{"line":15,"column":59}},"9":{"start":{"line":18,"column":2},"end":{"line":18,"column":null}},"10":{"start":{"line":20,"column":2},"end":{"line":20,"column":null}}},"fnMap":{"0":{"name":"POST","decl":{"start":{"line":4,"column":22},"end":{"line":4,"column":27}},"loc":{"start":{"line":4,"column":83},"end":{"line":21,"column":null}}},"1":{"name":"(anonymous_2)","decl":{"start":{"line":8,"column":40},"end":{"line":8,"column":41}},"loc":{"start":{"line":8,"column":52},"end":{"line":8,"column":null}}}},"branchMap":{"0":{"loc":{"start":{"line":10,"column":2},"end":{"line":12,"column":null}},"type":"if","locations":[{"start":{"line":10,"column":2},"end":{"line":12,"column":null}}]}},"s":{"0":0,"1":0,"2":0,"3":0,"4":0,"5":0,"6":0,"7":0,"8":0,"9":0,"10":0},"f":{"0":0,"1":0},"b":{"0":[0]}}
,"C:\\Users\\abish\\zvision_development\\zvision_frontend\\app\\api\\detection\\start\\route.ts": {"path":"C:\\Users\\abish\\zvision_development\\zvision_frontend\\app\\api\\detection\\start\\route.ts","statementMap":{"0":{"start":{"line":4,"column":22},"end":{"line":4,"column":null}},"1":{"start":{"line":1,"column":29},"end":{"line":1,"column":null}},"2":{"start":{"line":5,"column":2},"end":{"line":19,"column":null}},"3":{"start":{"line":7,"column":4},"end":{"line":7,"column":null}},"4":{"start":{"line":7,"column":35},"end":{"line":7,"column":null}},"5":{"start":{"line":10,"column":4},"end":{"line":10,"column":null}},"6":{"start":{"line":12,"column":4},"end":{"line":15,"column":null}},"7":{"start":{"line":17,"column":4},"end":{"line":17,"column":null}},"8":{"start":{"line":18,"column":4},"end":{"line":18,"column":null}}},"fnMap":{"0":{"name":"POST","decl":{"start":{"line":4,"column":22},"end":{"line":4,"column":null}},"loc":{"start":{"line":4,"column":22},"end":{"line":20,"column":null}}},"1":{"name":"(anonymous_2)","decl":{"start":{"line":7,"column":22},"end":{"line":7,"column":23}},"loc":{"start":{"line":7,"column":35},"end":{"line":7,"column":null}}}},"branchMap":{},"s":{"0":0,"1":0,"2":0,"3":0,"4":0,"5":0,"6":0,"7":0,"8":0},"f":{"0":0,"1":0},"b":{}}
,"C:\\Users\\abish\\zvision_development\\zvision_frontend\\app\\api\\detection\\stop\\route.ts": {"path":"C:\\Users\\abish\\zvision_development\\zvision_frontend\\app\\api\\detection\\stop\\route.ts","statementMap":{"0":{"start":{"line":4,"column":22},"end":{"line":4,"column":null}},"1":{"start":{"line":1,"column":29},"end":{"line":1,"column":null}},"2":{"start":{"line":5,"column":2},"end":{"line":19,"column":null}},"3":{"start":{"line":7,"column":4},"end":{"line":7,"column":null}},"4":{"start":{"line":7,"column":35},"end":{"line":7,"column":null}},"5":{"start":{"line":10,"column":4},"end":{"line":10,"column":null}},"6":{"start":{"line":12,"column":4},"end":{"line":15,"column":null}},"7":{"start":{"line":17,"column":4},"end":{"line":17,"column":null}},"8":{"start":{"line":18,"column":4},"end":{"line":18,"column":null}}},"fnMap":{"0":{"name":"POST","decl":{"start":{"line":4,"column":22},"end":{"line":4,"column":null}},"loc":{"start":{"line":4,"column":22},"end":{"line":20,"column":null}}},"1":{"name":"(anonymous_2)","decl":{"start":{"line":7,"column":22},"end":{"line":7,"column":23}},"loc":{"start":{"line":7,"column":35},"end":{"line":7,"column":null}}}},"branchMap":{},"s":{"0":0,"1":0,"2":0,"3":0,"4":0,"5":0,"6":0,"7":0,"8":0},"f":{"0":0,"1":0},"b":{}}
,"C:\\Users\\abish\\zvision_development\\zvision_frontend\\app\\api\\detections\\recent\\route.ts": {"path":"C:\\Users\\abish\\zvision_development\\zvision_frontend\\app\\api\\detections\\recent\\route.ts","statementMap":{"0":{"start":{"line":87,"column":22},"end":{"line":87,"column":26}},"1":{"start":{"line":1,"column":29},"end":{"line":1,"column":null}},"2":{"start":{"line":4,"column":19},"end":{"line":85,"column":null}},"3":{"start":{"line":89,"column":27},"end":{"line":89,"column":null}},"4":{"start":{"line":90,"column":19},"end":{"line":90,"column":null}},"5":{"start":{"line":91,"column":17},"end":{"line":91,"column":null}},"6":{"start":{"line":94,"column":2},"end":{"line":94,"column":null}},"7":{"start":{"line":94,"column":33},"end":{"line":94,"column":null}},"8":{"start":{"line":97,"column":27},"end":{"line":97,"column":null}},"9":{"start":{"line":99,"column":2},"end":{"line":102,"column":null}},"10":{"start":{"line":100,"column":17},"end":{"line":100,"column":null}},"11":{"start":{"line":101,"column":4},"end":{"line":101,"column":null}},"12":{"start":{"line":101,"column":66},"end":{"line":101,"column":null}},"13":{"start":{"line":104,"column":2},"end":{"line":107,"column":null}},"14":{"start":{"line":105,"column":15},"end":{"line":105,"column":null}},"15":{"start":{"line":106,"column":4},"end":{"line":106,"column":null}},"16":{"start":{"line":106,"column":66},"end":{"line":106,"column":null}},"17":{"start":{"line":110,"column":2},"end":{"line":110,"column":null}},"18":{"start":{"line":110,"column":36},"end":{"line":110,"column":null}},"19":{"start":{"line":112,"column":2},"end":{"line":112,"column":null}}},"fnMap":{"0":{"name":"GET","decl":{"start":{"line":87,"column":22},"end":{"line":87,"column":26}},"loc":{"start":{"line":87,"column":42},"end":{"line":113,"column":null}}},"1":{"name":"(anonymous_2)","decl":{"start":{"line":94,"column":20},"end":{"line":94,"column":21}},"loc":{"start":{"line":94,"column":33},"end":{"line":94,"column":null}}},"2":{"name":"(anonymous_3)","decl":{"start":{"line":101,"column":51},"end":{"line":101,"column":52}},"loc":{"start":{"line":101,"column":66},"end":{"line":101,"column":null}}},"3":{"name":"(anonymous_4)","decl":{"start":{"line":106,"column":51},"end":{"line":106,"column":52}},"loc":{"start":{"line":106,"column":66},"end":{"line":106,"column":null}}},"4":{"name":"(anonymous_5)","decl":{"start":{"line":110,"column":26},"end":{"line":110,"column":27}},"loc":{"start":{"line":110,"column":36},"end":{"line":110,"column":null}}}},"branchMap":{"0":{"loc":{"start":{"line":99,"column":2},"end":{"line":102,"column":null}},"type":"if","locations":[{"start":{"line":99,"column":2},"end":{"line":102,"column":null}}]},"1":{"loc":{"start":{"line":104,"column":2},"end":{"line":107,"column":null}},"type":"if","locations":[{"start":{"line":104,"column":2},"end":{"line":107,"column":null}}]}},"s":{"0":0,"1":0,"2":0,"3":0,"4":0,"5":0,"6":0,"7":0,"8":0,"9":0,"10":0,"11":0,"12":0,"13":0,"14":0,"15":0,"16":0,"17":0,"18":0,"19":0},"f":{"0":0,"1":0,"2":0,"3":0,"4":0},"b":{"0":[0],"1":[0]}}
,"C:\\Users\\abish\\zvision_development\\zvision_frontend\\app\\api\\events\\route.ts": {"path":"C:\\Users\\abish\\zvision_development\\zvision_frontend\\app\\api\\events\\route.ts","statementMap":{"0":{"start":{"line":63,"column":22},"end":{"line":63,"column":26}},"1":{"start":{"line":1,"column":29},"end":{"line":1,"column":null}},"2":{"start":{"line":4,"column":15},"end":{"line":61,"column":null}},"3":{"start":{"line":65,"column":27},"end":{"line":65,"column":null}},"4":{"start":{"line":66,"column":19},"end":{"line":66,"column":null}},"5":{"start":{"line":67,"column":17},"end":{"line":67,"column":null}},"6":{"start":{"line":68,"column":16},"end":{"line":68,"column":null}},"7":{"start":{"line":71,"column":2},"end":{"line":71,"column":null}},"8":{"start":{"line":71,"column":33},"end":{"line":71,"column":null}},"9":{"start":{"line":74,"column":23},"end":{"line":74,"column":null}},"10":{"start":{"line":76,"column":2},"end":{"line":79,"column":null}},"11":{"start":{"line":77,"column":17},"end":{"line":77,"column":null}},"12":{"start":{"line":78,"column":4},"end":{"line":78,"column":null}},"13":{"start":{"line":78,"column":54},"end":{"line":78,"column":null}},"14":{"start":{"line":81,"column":2},"end":{"line":84,"column":null}},"15":{"start":{"line":82,"column":15},"end":{"line":82,"column":null}},"16":{"start":{"line":83,"column":4},"end":{"line":83,"column":null}},"17":{"start":{"line":83,"column":54},"end":{"line":83,"column":null}},"18":{"start":{"line":86,"column":2},"end":{"line":88,"column":null}},"19":{"start":{"line":87,"column":4},"end":{"line":87,"column":null}},"20":{"start":{"line":87,"column":54},"end":{"line":87,"column":null}},"21":{"start":{"line":91,"column":2},"end":{"line":91,"column":null}},"22":{"start":{"line":91,"column":32},"end":{"line":91,"column":null}},"23":{"start":{"line":93,"column":2},"end":{"line":93,"column":null}}},"fnMap":{"0":{"name":"GET","decl":{"start":{"line":63,"column":22},"end":{"line":63,"column":26}},"loc":{"start":{"line":63,"column":42},"end":{"line":94,"column":null}}},"1":{"name":"(anonymous_2)","decl":{"start":{"line":71,"column":20},"end":{"line":71,"column":21}},"loc":{"start":{"line":71,"column":33},"end":{"line":71,"column":null}}},"2":{"name":"(anonymous_3)","decl":{"start":{"line":78,"column":43},"end":{"line":78,"column":44}},"loc":{"start":{"line":78,"column":54},"end":{"line":78,"column":null}}},"3":{"name":"(anonymous_4)","decl":{"start":{"line":83,"column":43},"end":{"line":83,"column":44}},"loc":{"start":{"line":83,"column":54},"end":{"line":83,"column":null}}},"4":{"name":"(anonymous_5)","decl":{"start":{"line":87,"column":43},"end":{"line":87,"column":44}},"loc":{"start":{"line":87,"column":54},"end":{"line":87,"column":null}}},"5":{"name":"(anonymous_6)","decl":{"start":{"line":91,"column":22},"end":{"line":91,"column":23}},"loc":{"start":{"line":91,"column":32},"end":{"line":91,"column":null}}}},"branchMap":{"0":{"loc":{"start":{"line":76,"column":2},"end":{"line":79,"column":null}},"type":"if","locations":[{"start":{"line":76,"column":2},"end":{"line":79,"column":null}}]},"1":{"loc":{"start":{"line":81,"column":2},"end":{"line":84,"column":null}},"type":"if","locations":[{"start":{"line":81,"column":2},"end":{"line":84,"column":null}}]},"2":{"loc":{"start":{"line":86,"column":2},"end":{"line":88,"column":null}},"type":"if","locations":[{"start":{"line":86,"column":2},"end":{"line":88,"column":null}}]}},"s":{"0":0,"1":0,"2":0,"3":0,"4":0,"5":0,"6":0,"7":0,"8":0,"9":0,"10":0,"11":0,"12":0,"13":0,"14":0,"15":0,"16":0,"17":0,"18":0,"19":0,"20":0,"21":0,"22":0,"23":0},"f":{"0":0,"1":0,"2":0,"3":0,"4":0,"5":0},"b":{"0":[0],"1":[0],"2":[0]}}
,"C:\\Users\\abish\\zvision_development\\zvision_frontend\\app\\api\\metrics\\route.ts": {"path":"C:\\Users\\abish\\zvision_development\\zvision_frontend\\app\\api\\metrics\\route.ts","statementMap":{"0":{"start":{"line":3,"column":22},"end":{"line":3,"column":26}},"1":{"start":{"line":1,"column":29},"end":{"line":1,"column":null}},"2":{"start":{"line":5,"column":27},"end":{"line":5,"column":null}},"3":{"start":{"line":6,"column":20},"end":{"line":6,"column":null}},"4":{"start":{"line":9,"column":2},"end":{"line":9,"column":null}},"5":{"start":{"line":9,"column":33},"end":{"line":9,"column":null}},"6":{"start":{"line":12,"column":15},"end":{"line":48,"column":null}},"7":{"start":{"line":50,"column":2},"end":{"line":50,"column":null}}},"fnMap":{"0":{"name":"GET","decl":{"start":{"line":3,"column":22},"end":{"line":3,"column":26}},"loc":{"start":{"line":3,"column":42},"end":{"line":51,"column":null}}},"1":{"name":"(anonymous_2)","decl":{"start":{"line":9,"column":20},"end":{"line":9,"column":21}},"loc":{"start":{"line":9,"column":33},"end":{"line":9,"column":null}}}},"branchMap":{"0":{"loc":{"start":{"line":6,"column":20},"end":{"line":6,"column":null}},"type":"binary-expr","locations":[{"start":{"line":6,"column":20},"end":{"line":6,"column":53}},{"start":{"line":6,"column":53},"end":{"line":6,"column":null}}]}},"s":{"0":0,"1":0,"2":0,"3":0,"4":0,"5":0,"6":0,"7":0},"f":{"0":0,"1":0},"b":{"0":[0,0]}}
,"C:\\Users\\abish\\zvision_development\\zvision_frontend\\app\\api\\metrics\\daily\\route.ts": {"path":"C:\\Users\\abish\\zvision_development\\zvision_frontend\\app\\api\\metrics\\daily\\route.ts","statementMap":{"0":{"start":{"line":3,"column":22},"end":{"line":3,"column":26}},"1":{"start":{"line":1,"column":29},"end":{"line":1,"column":null}},"2":{"start":{"line":5,"column":27},"end":{"line":5,"column":null}},"3":{"start":{"line":6,"column":20},"end":{"line":6,"column":null}},"4":{"start":{"line":9,"column":2},"end":{"line":9,"column":null}},"5":{"start":{"line":9,"column":33},"end":{"line":9,"column":null}},"6":{"start":{"line":12,"column":15},"end":{"line":12,"column":null}},"7":{"start":{"line":14,"column":15},"end":{"line":14,"column":17}},"8":{"start":{"line":15,"column":16},"end":{"line":15,"column":null}},"9":{"start":{"line":17,"column":2},"end":{"line":31,"column":null}},"10":{"start":{"line":17,"column":15},"end":{"line":17,"column":25}},"11":{"start":{"line":18,"column":17},"end":{"line":18,"column":null}},"12":{"start":{"line":19,"column":4},"end":{"line":19,"column":null}},"13":{"start":{"line":22,"column":26},"end":{"line":22,"column":58}},"14":{"start":{"line":25,"column":18},"end":{"line":25,"column":null}},"15":{"start":{"line":27,"column":4},"end":{"line":30,"column":null}},"16":{"start":{"line":33,"column":2},"end":{"line":33,"column":null}}},"fnMap":{"0":{"name":"GET","decl":{"start":{"line":3,"column":22},"end":{"line":3,"column":26}},"loc":{"start":{"line":3,"column":42},"end":{"line":34,"column":null}}},"1":{"name":"(anonymous_2)","decl":{"start":{"line":9,"column":20},"end":{"line":9,"column":21}},"loc":{"start":{"line":9,"column":33},"end":{"line":9,"column":null}}}},"branchMap":{"0":{"loc":{"start":{"line":6,"column":20},"end":{"line":6,"column":null}},"type":"binary-expr","locations":[{"start":{"line":6,"column":20},"end":{"line":6,"column":53}},{"start":{"line":6,"column":53},"end":{"line":6,"column":null}}]},"1":{"loc":{"start":{"line":12,"column":15},"end":{"line":12,"column":null}},"type":"cond-expr","locations":[{"start":{"line":12,"column":36},"end":{"line":12,"column":40}},{"start":{"line":12,"column":40},"end":{"line":12,"column":null}}]},"2":{"loc":{"start":{"line":12,"column":40},"end":{"line":12,"column":null}},"type":"cond-expr","locations":[{"start":{"line":12,"column":62},"end":{"line":12,"column":67}},{"start":{"line":12,"column":67},"end":{"line":12,"column":null}}]},"3":{"loc":{"start":{"line":12,"column":67},"end":{"line":12,"column":null}},"type":"cond-expr","locations":[{"start":{"line":12,"column":89},"end":{"line":12,"column":94}},{"start":{"line":12,"column":94},"end":{"line":12,"column":null}}]}},"s":{"0":0,"1":0,"2":0,"3":0,"4":0,"5":0,"6":0,"7":0,"8":0,"9":0,"10":0,"11":0,"12":0,"13":0,"14":0,"15":0,"16":0},"f":{"0":0,"1":0},"b":{"0":[0,0],"1":[0,0],"2":[0,0],"3":[0,0]}}
,"C:\\Users\\abish\\zvision_development\\zvision_frontend\\app\\api\\metrics\\summary\\route.ts": {"path":"C:\\Users\\abish\\zvision_development\\zvision_frontend\\app\\api\\metrics\\summary\\route.ts","statementMap":{"0":{"start":{"line":3,"column":22},"end":{"line":3,"column":26}},"1":{"start":{"line":1,"column":29},"end":{"line":1,"column":null}},"2":{"start":{"line":5,"column":27},"end":{"line":5,"column":null}},"3":{"start":{"line":6,"column":20},"end":{"line":6,"column":null}},"4":{"start":{"line":9,"column":2},"end":{"line":9,"column":null}},"5":{"start":{"line":9,"column":33},"end":{"line":9,"column":null}},"6":{"start":{"line":12,"column":15},"end":{"line":18,"column":null}},"7":{"start":{"line":20,"column":2},"end":{"line":20,"column":null}}},"fnMap":{"0":{"name":"GET","decl":{"start":{"line":3,"column":22},"end":{"line":3,"column":26}},"loc":{"start":{"line":3,"column":42},"end":{"line":21,"column":null}}},"1":{"name":"(anonymous_2)","decl":{"start":{"line":9,"column":20},"end":{"line":9,"column":21}},"loc":{"start":{"line":9,"column":33},"end":{"line":9,"column":null}}}},"branchMap":{"0":{"loc":{"start":{"line":6,"column":20},"end":{"line":6,"column":null}},"type":"binary-expr","locations":[{"start":{"line":6,"column":20},"end":{"line":6,"column":53}},{"start":{"line":6,"column":53},"end":{"line":6,"column":null}}]}},"s":{"0":0,"1":0,"2":0,"3":0,"4":0,"5":0,"6":0,"7":0},"f":{"0":0,"1":0},"b":{"0":[0,0]}}
,"C:\\Users\\abish\\zvision_development\\zvision_frontend\\app\\api\\snapshot\\[path]\\route.ts": {"path":"C:\\Users\\abish\\zvision_development\\zvision_frontend\\app\\api\\snapshot\\[path]\\route.ts","statementMap":{"0":{"start":{"line":3,"column":22},"end":{"line":3,"column":26}},"1":{"start":{"line":1,"column":29},"end":{"line":1,"column":null}},"2":{"start":{"line":4,"column":15},"end":{"line":4,"column":26}},"3":{"start":{"line":11,"column":2},"end":{"line":11,"column":null}},"4":{"start":{"line":11,"column":33},"end":{"line":11,"column":null}},"5":{"start":{"line":13,"column":2},"end":{"line":19,"column":null}}},"fnMap":{"0":{"name":"GET","decl":{"start":{"line":3,"column":22},"end":{"line":3,"column":26}},"loc":{"start":{"line":3,"column":84},"end":{"line":20,"column":null}}},"1":{"name":"(anonymous_2)","decl":{"start":{"line":11,"column":20},"end":{"line":11,"column":21}},"loc":{"start":{"line":11,"column":33},"end":{"line":11,"column":null}}}},"branchMap":{},"s":{"0":0,"1":0,"2":0,"3":0,"4":0,"5":0},"f":{"0":0,"1":0},"b":{}}
,"C:\\Users\\abish\\zvision_development\\zvision_frontend\\app\\api\\status\\route.ts": {"path":"C:\\Users\\abish\\zvision_development\\zvision_frontend\\app\\api\\status\\route.ts","statementMap":{"0":{"start":{"line":3,"column":22},"end":{"line":3,"column":26}},"1":{"start":{"line":1,"column":29},"end":{"line":1,"column":null}},"2":{"start":{"line":5,"column":27},"end":{"line":5,"column":null}},"3":{"start":{"line":6,"column":19},"end":{"line":6,"column":null}},"4":{"start":{"line":9,"column":2},"end":{"line":9,"column":null}},"5":{"start":{"line":9,"column":33},"end":{"line":9,"column":null}},"6":{"start":{"line":15,"column":25},"end":{"line":15,"column":45}},"7":{"start":{"line":17,"column":17},"end":{"line":20,"column":null}},"8":{"start":{"line":22,"column":2},"end":{"line":26,"column":null}},"9":{"start":{"line":23,"column":4},"end":{"line":23,"column":null}},"10":{"start":{"line":24,"column":4},"end":{"line":24,"column":null}},"11":{"start":{"line":25,"column":4},"end":{"line":25,"column":null}},"12":{"start":{"line":28,"column":2},"end":{"line":28,"column":null}}},"fnMap":{"0":{"name":"GET","decl":{"start":{"line":3,"column":22},"end":{"line":3,"column":26}},"loc":{"start":{"line":3,"column":42},"end":{"line":29,"column":null}}},"1":{"name":"(anonymous_2)","decl":{"start":{"line":9,"column":20},"end":{"line":9,"column":21}},"loc":{"start":{"line":9,"column":33},"end":{"line":9,"column":null}}}},"branchMap":{"0":{"loc":{"start":{"line":22,"column":2},"end":{"line":26,"column":null}},"type":"if","locations":[{"start":{"line":22,"column":2},"end":{"line":26,"column":null}}]},"1":{"loc":{"start":{"line":25,"column":23},"end":{"line":25,"column":null}},"type":"cond-expr","locations":[{"start":{"line":25,"column":45},"end":{"line":25,"column":53}},{"start":{"line":25,"column":53},"end":{"line":25,"column":null}}]}},"s":{"0":0,"1":0,"2":0,"3":0,"4":0,"5":0,"6":0,"7":0,"8":0,"9":0,"10":0,"11":0,"12":0},"f":{"0":0,"1":0},"b":{"0":[0],"1":[0,0]}}
,"C:\\Users\\abish\\zvision_development\\zvision_frontend\\app\\cameras\\page.tsx": {"path":"C:\\Users\\abish\\zvision_development\\zvision_frontend\\app\\cameras\\page.tsx","statementMap":{"0":{"start":{"line":26,"column":24},"end":{"line":26,"column":null}},"1":{"start":{"line":3,"column":36},"end":{"line":3,"column":null}},"2":{"start":{"line":4,"column":18},"end":{"line":4,"column":null}},"3":{"start":{"line":5,"column":25},"end":{"line":5,"column":null}},"4":{"start":{"line":6,"column":23},"end":{"line":6,"column":null}},"5":{"start":{"line":7,"column":26},"end":{"line":7,"column":null}},"6":{"start":{"line":8,"column":31},"end":{"line":8,"column":null}},"7":{"start":{"line":9,"column":40},"end":{"line":9,"column":null}},"8":{"start":{"line":27,"column":32},"end":{"line":27,"column":null}},"9":{"start":{"line":28,"column":32},"end":{"line":28,"column":null}},"10":{"start":{"line":29,"column":28},"end":{"line":29,"column":null}},"11":{"start":{"line":30,"column":20},"end":{"line":30,"column":null}},"12":{"start":{"line":33,"column":23},"end":{"line":121,"column":null}},"13":{"start":{"line":34,"column":4},"end":{"line":120,"column":null}},"14":{"start":{"line":35,"column":6},"end":{"line":35,"column":null}},"15":{"start":{"line":38,"column":6},"end":{"line":50,"column":null}},"16":{"start":{"line":39,"column":25},"end":{"line":39,"column":null}},"17":{"start":{"line":42,"column":8},"end":{"line":46,"column":null}},"18":{"start":{"line":43,"column":10},"end":{"line":43,"column":null}},"19":{"start":{"line":44,"column":10},"end":{"line":44,"column":null}},"20":{"start":{"line":45,"column":10},"end":{"line":45,"column":null}},"21":{"start":{"line":48,"column":8},"end":{"line":48,"column":null}},"22":{"start":{"line":53,"column":6},"end":{"line":53,"column":null}},"23":{"start":{"line":54,"column":26},"end":{"line":104,"column":null}},"24":{"start":{"line":106,"column":6},"end":{"line":106,"column":null}},"25":{"start":{"line":107,"column":6},"end":{"line":107,"column":null}},"26":{"start":{"line":109,"column":6},"end":{"line":109,"column":null}},"27":{"start":{"line":110,"column":6},"end":{"line":110,"column":null}},"28":{"start":{"line":111,"column":6},"end":{"line":111,"column":null}},"29":{"start":{"line":112,"column":6},"end":{"line":117,"column":null}},"30":{"start":{"line":119,"column":6},"end":{"line":119,"column":null}},"31":{"start":{"line":123,"column":2},"end":{"line":125,"column":null}},"32":{"start":{"line":124,"column":4},"end":{"line":124,"column":null}},"33":{"start":{"line":127,"column":26},"end":{"line":144,"column":null}},"34":{"start":{"line":128,"column":4},"end":{"line":143,"column":null}},"35":{"start":{"line":129,"column":23},"end":{"line":129,"column":null}},"36":{"start":{"line":130,"column":6},"end":{"line":130,"column":null}},"37":{"start":{"line":131,"column":6},"end":{"line":135,"column":null}},"38":{"start":{"line":137,"column":6},"end":{"line":142,"column":null}},"39":{"start":{"line":146,"column":29},"end":{"line":163,"column":null}},"40":{"start":{"line":147,"column":4},"end":{"line":162,"column":null}},"41":{"start":{"line":148,"column":6},"end":{"line":148,"column":null}},"42":{"start":{"line":149,"column":6},"end":{"line":149,"column":null}},"43":{"start":{"line":149,"column":44},"end":{"line":149,"column":null}},"44":{"start":{"line":150,"column":6},"end":{"line":154,"column":null}},"45":{"start":{"line":156,"column":6},"end":{"line":161,"column":null}},"46":{"start":{"line":192,"column":14},"end":{"line":193,"column":null}}},"fnMap":{"0":{"name":"CamerasPage","decl":{"start":{"line":26,"column":24},"end":{"line":26,"column":null}},"loc":{"start":{"line":26,"column":24},"end":{"line":207,"column":null}}},"1":{"name":"(anonymous_3)","decl":{"start":{"line":33,"column":23},"end":{"line":33,"column":null}},"loc":{"start":{"line":33,"column":23},"end":{"line":121,"column":null}}},"2":{"name":"(anonymous_4)","decl":{"start":{"line":123,"column":12},"end":{"line":123,"column":null}},"loc":{"start":{"line":123,"column":12},"end":{"line":125,"column":5}}},"3":{"name":"(anonymous_5)","decl":{"start":{"line":127,"column":26},"end":{"line":127,"column":33}},"loc":{"start":{"line":127,"column":33},"end":{"line":144,"column":null}}},"4":{"name":"(anonymous_6)","decl":{"start":{"line":146,"column":29},"end":{"line":146,"column":36}},"loc":{"start":{"line":146,"column":36},"end":{"line":163,"column":null}}},"5":{"name":"(anonymous_7)","decl":{"start":{"line":149,"column":32},"end":{"line":149,"column":33}},"loc":{"start":{"line":149,"column":44},"end":{"line":149,"column":null}}},"6":{"name":"(anonymous_8)","decl":{"start":{"line":191,"column":25},"end":{"line":191,"column":26}},"loc":{"start":{"line":192,"column":14},"end":{"line":193,"column":null}}}},"branchMap":{"0":{"loc":{"start":{"line":42,"column":8},"end":{"line":46,"column":null}},"type":"if","locations":[{"start":{"line":42,"column":8},"end":{"line":46,"column":null}}]},"1":{"loc":{"start":{"line":176,"column":7},"end":{"line":204,"column":null}},"type":"cond-expr","locations":[{"start":{"line":177,"column":8},"end":{"line":180,"column":null}},{"start":{"line":180,"column":10},"end":{"line":204,"column":null}}]},"2":{"loc":{"start":{"line":180,"column":10},"end":{"line":204,"column":null}},"type":"cond-expr","locations":[{"start":{"line":181,"column":8},"end":{"line":184,"column":11}},{"start":{"line":184,"column":10},"end":{"line":204,"column":null}}]},"3":{"loc":{"start":{"line":184,"column":10},"end":{"line":204,"column":null}},"type":"cond-expr","locations":[{"start":{"line":185,"column":8},"end":{"line":188,"column":11}},{"start":{"line":188,"column":10},"end":{"line":204,"column":null}}]},"4":{"loc":{"start":{"line":184,"column":10},"end":{"line":184,"column":null}},"type":"binary-expr","locations":[{"start":{"line":184,"column":10},"end":{"line":184,"column":22}},{"start":{"line":184,"column":22},"end":{"line":184,"column":32}},{"start":{"line":184,"column":32},"end":{"line":184,"column":58}},{"start":{"line":184,"column":58},"end":{"line":184,"column":null}}]},"5":{"loc":{"start":{"line":188,"column":10},"end":{"line":204,"column":null}},"type":"cond-expr","locations":[{"start":{"line":189,"column":8},"end":{"line":204,"column":null}},{"start":{"line":204,"column":10},"end":{"line":204,"column":null}}]},"6":{"loc":{"start":{"line":188,"column":10},"end":{"line":188,"column":null}},"type":"binary-expr","locations":[{"start":{"line":188,"column":10},"end":{"line":188,"column":22}},{"start":{"line":188,"column":22},"end":{"line":188,"column":32}},{"start":{"line":188,"column":32},"end":{"line":188,"column":null}}]}},"s":{"0":5,"1":1,"2":1,"3":1,"4":1,"5":1,"6":1,"7":1,"8":10,"9":10,"10":10,"11":10,"12":10,"13":5,"14":5,"15":5,"16":5,"17":3,"18":3,"19":3,"20":3,"21":1,"22":1,"23":1,"24":1,"25":1,"26":0,"27":0,"28":0,"29":0,"30":4,"31":10,"32":5,"33":10,"34":1,"35":1,"36":1,"37":1,"38":0,"39":10,"40":0,"41":0,"42":0,"43":0,"44":0,"45":0,"46":9},"f":{"0":10,"1":5,"2":5,"3":1,"4":0,"5":0,"6":9},"b":{"0":[3],"1":[5,5],"2":[0,5],"3":[1,4],"4":[5,5,5,5],"5":[4,0],"6":[4,4,4]}}
,"C:\\Users\\abish\\zvision_development\\zvision_frontend\\app\\cameras\\[id]\\page.tsx": {"path":"C:\\Users\\abish\\zvision_development\\zvision_frontend\\app\\cameras\\[id]\\page.tsx","statementMap":{"0":{"start":{"line":32,"column":24},"end":{"line":32,"column":null}},"1":{"start":{"line":3,"column":36},"end":{"line":3,"column":null}},"2":{"start":{"line":4,"column":37},"end":{"line":4,"column":null}},"3":{"start":{"line":5,"column":18},"end":{"line":5,"column":null}},"4":{"start":{"line":6,"column":25},"end":{"line":6,"column":null}},"5":{"start":{"line":7,"column":49},"end":{"line":7,"column":null}},"6":{"start":{"line":8,"column":23},"end":{"line":8,"column":null}},"7":{"start":{"line":9,"column":43},"end":{"line":9,"column":null}},"8":{"start":{"line":10,"column":22},"end":{"line":10,"column":null}},"9":{"start":{"line":11,"column":24},"end":{"line":11,"column":null}},"10":{"start":{"line":12,"column":17},"end":{"line":12,"column":null}},"11":{"start":{"line":13,"column":38},"end":{"line":13,"column":null}},"12":{"start":{"line":33,"column":17},"end":{"line":33,"column":null}},"13":{"start":{"line":34,"column":17},"end":{"line":34,"column":null}},"14":{"start":{"line":35,"column":20},"end":{"line":35,"column":null}},"15":{"start":{"line":36,"column":19},"end":{"line":36,"column":28}},"16":{"start":{"line":38,"column":30},"end":{"line":38,"column":null}},"17":{"start":{"line":39,"column":32},"end":{"line":39,"column":null}},"18":{"start":{"line":40,"column":28},"end":{"line":40,"column":null}},"19":{"start":{"line":41,"column":24},"end":{"line":41,"column":null}},"20":{"start":{"line":42,"column":46},"end":{"line":42,"column":null}},"21":{"start":{"line":43,"column":30},"end":{"line":43,"column":null}},"22":{"start":{"line":46,"column":29},"end":{"line":156,"column":null}},"23":{"start":{"line":47,"column":4},"end":{"line":155,"column":null}},"24":{"start":{"line":48,"column":6},"end":{"line":48,"column":null}},"25":{"start":{"line":51,"column":6},"end":{"line":72,"column":null}},"26":{"start":{"line":52,"column":25},"end":{"line":52,"column":null}},"27":{"start":{"line":55,"column":8},"end":{"line":68,"column":null}},"28":{"start":{"line":56,"column":10},"end":{"line":56,"column":null}},"29":{"start":{"line":59,"column":10},"end":{"line":61,"column":null}},"30":{"start":{"line":60,"column":12},"end":{"line":60,"column":null}},"31":{"start":{"line":62,"column":10},"end":{"line":64,"column":null}},"32":{"start":{"line":63,"column":12},"end":{"line":63,"column":null}},"33":{"start":{"line":66,"column":10},"end":{"line":66,"column":null}},"34":{"start":{"line":67,"column":10},"end":{"line":67,"column":null}},"35":{"start":{"line":70,"column":8},"end":{"line":70,"column":null}},"36":{"start":{"line":75,"column":6},"end":{"line":75,"column":null}},"37":{"start":{"line":76,"column":26},"end":{"line":126,"column":null}},"38":{"start":{"line":128,"column":25},"end":{"line":128,"column":null}},"39":{"start":{"line":128,"column":51},"end":{"line":128,"column":null}},"40":{"start":{"line":130,"column":6},"end":{"line":143,"column":null}},"41":{"start":{"line":131,"column":8},"end":{"line":131,"column":null}},"42":{"start":{"line":133,"column":8},"end":{"line":135,"column":null}},"43":{"start":{"line":134,"column":10},"end":{"line":134,"column":null}},"44":{"start":{"line":136,"column":8},"end":{"line":138,"column":null}},"45":{"start":{"line":137,"column":10},"end":{"line":137,"column":null}},"46":{"start":{"line":140,"column":8},"end":{"line":140,"column":null}},"47":{"start":{"line":142,"column":8},"end":{"line":142,"column":null}},"48":{"start":{"line":145,"column":6},"end":{"line":145,"column":null}},"49":{"start":{"line":146,"column":6},"end":{"line":146,"column":null}},"50":{"start":{"line":147,"column":6},"end":{"line":152,"column":null}},"51":{"start":{"line":154,"column":6},"end":{"line":154,"column":null}},"52":{"start":{"line":158,"column":2},"end":{"line":162,"column":null}},"53":{"start":{"line":159,"column":4},"end":{"line":161,"column":null}},"54":{"start":{"line":160,"column":6},"end":{"line":160,"column":null}},"55":{"start":{"line":164,"column":24},"end":{"line":212,"column":null}},"56":{"start":{"line":165,"column":4},"end":{"line":173,"column":null}},"57":{"start":{"line":166,"column":6},"end":{"line":171,"column":null}},"58":{"start":{"line":172,"column":6},"end":{"line":172,"column":null}},"59":{"start":{"line":175,"column":4},"end":{"line":211,"column":null}},"60":{"start":{"line":176,"column":6},"end":{"line":176,"column":null}},"61":{"start":{"line":178,"column":6},"end":{"line":186,"column":null}},"62":{"start":{"line":179,"column":8},"end":{"line":182,"column":null}},"63":{"start":{"line":184,"column":8},"end":{"line":184,"column":null}},"64":{"start":{"line":188,"column":6},"end":{"line":192,"column":null}},"65":{"start":{"line":195,"column":6},"end":{"line":201,"column":null}},"66":{"start":{"line":196,"column":8},"end":{"line":200,"column":null}},"67":{"start":{"line":203,"column":6},"end":{"line":208,"column":null}},"68":{"start":{"line":210,"column":6},"end":{"line":210,"column":null}},"69":{"start":{"line":214,"column":25},"end":{"line":249,"column":null}},"70":{"start":{"line":215,"column":4},"end":{"line":248,"column":null}},"71":{"start":{"line":216,"column":6},"end":{"line":216,"column":null}},"72":{"start":{"line":218,"column":6},"end":{"line":223,"column":null}},"73":{"start":{"line":219,"column":8},"end":{"line":219,"column":null}},"74":{"start":{"line":221,"column":8},"end":{"line":221,"column":null}},"75":{"start":{"line":225,"column":6},"end":{"line":225,"column":null}},"76":{"start":{"line":227,"column":6},"end":{"line":231,"column":null}},"77":{"start":{"line":234,"column":6},"end":{"line":238,"column":null}},"78":{"start":{"line":235,"column":30},"end":{"line":235,"column":null}},"79":{"start":{"line":236,"column":8},"end":{"line":236,"column":null}},"80":{"start":{"line":237,"column":8},"end":{"line":237,"column":null}},"81":{"start":{"line":240,"column":6},"end":{"line":245,"column":null}},"82":{"start":{"line":247,"column":6},"end":{"line":247,"column":null}},"83":{"start":{"line":251,"column":2},"end":{"line":259,"column":null}},"84":{"start":{"line":261,"column":2},"end":{"line":273,"column":null}},"85":{"start":{"line":336,"column":38},"end":{"line":336,"column":null}}},"fnMap":{"0":{"name":"CameraDetailsPage","decl":{"start":{"line":32,"column":24},"end":{"line":32,"column":null}},"loc":{"start":{"line":32,"column":24},"end":{"line":369,"column":null}}},"1":{"name":"(anonymous_3)","decl":{"start":{"line":46,"column":29},"end":{"line":46,"column":null}},"loc":{"start":{"line":46,"column":29},"end":{"line":156,"column":null}}},"2":{"name":"(anonymous_4)","decl":{"start":{"line":128,"column":42},"end":{"line":128,"column":43}},"loc":{"start":{"line":128,"column":51},"end":{"line":128,"column":null}}},"3":{"name":"(anonymous_5)","decl":{"start":{"line":158,"column":12},"end":{"line":158,"column":null}},"loc":{"start":{"line":158,"column":12},"end":{"line":162,"column":5}}},"4":{"name":"(anonymous_6)","decl":{"start":{"line":164,"column":24},"end":{"line":164,"column":null}},"loc":{"start":{"line":164,"column":24},"end":{"line":212,"column":null}}},"5":{"name":"(anonymous_7)","decl":{"start":{"line":214,"column":25},"end":{"line":214,"column":null}},"loc":{"start":{"line":214,"column":25},"end":{"line":249,"column":null}}},"6":{"name":"(anonymous_8)","decl":{"start":{"line":336,"column":27},"end":{"line":336,"column":28}},"loc":{"start":{"line":336,"column":38},"end":{"line":336,"column":null}}}},"branchMap":{"0":{"loc":{"start":{"line":55,"column":8},"end":{"line":68,"column":null}},"type":"if","locations":[{"start":{"line":55,"column":8},"end":{"line":68,"column":null}}]},"1":{"loc":{"start":{"line":55,"column":12},"end":{"line":55,"column":85}},"type":"binary-expr","locations":[{"start":{"line":55,"column":12},"end":{"line":55,"column":25}},{"start":{"line":55,"column":29},"end":{"line":55,"column":66}},{"start":{"line":55,"column":66},"end":{"line":55,"column":85}}]},"2":{"loc":{"start":{"line":59,"column":10},"end":{"line":61,"column":null}},"type":"if","locations":[{"start":{"line":59,"column":10},"end":{"line":61,"column":null}}]},"3":{"loc":{"start":{"line":62,"column":10},"end":{"line":64,"column":null}},"type":"if","locations":[{"start":{"line":62,"column":10},"end":{"line":64,"column":null}}]},"4":{"loc":{"start":{"line":130,"column":6},"end":{"line":143,"column":null}},"type":"if","locations":[{"start":{"line":130,"column":6},"end":{"line":143,"column":null}},{"start":{"line":141,"column":13},"end":{"line":143,"column":null}}]},"5":{"loc":{"start":{"line":133,"column":8},"end":{"line":135,"column":null}},"type":"if","locations":[{"start":{"line":133,"column":8},"end":{"line":135,"column":null}}]},"6":{"loc":{"start":{"line":136,"column":8},"end":{"line":138,"column":null}},"type":"if","locations":[{"start":{"line":136,"column":8},"end":{"line":138,"column":null}}]},"7":{"loc":{"start":{"line":159,"column":4},"end":{"line":161,"column":null}},"type":"if","locations":[{"start":{"line":159,"column":4},"end":{"line":161,"column":null}}]},"8":{"loc":{"start":{"line":165,"column":4},"end":{"line":173,"column":null}},"type":"if","locations":[{"start":{"line":165,"column":4},"end":{"line":173,"column":null}}]},"9":{"loc":{"start":{"line":195,"column":6},"end":{"line":201,"column":null}},"type":"if","locations":[{"start":{"line":195,"column":6},"end":{"line":201,"column":null}}]},"10":{"loc":{"start":{"line":234,"column":6},"end":{"line":238,"column":null}},"type":"if","locations":[{"start":{"line":234,"column":6},"end":{"line":238,"column":null}}]},"11":{"loc":{"start":{"line":251,"column":2},"end":{"line":259,"column":null}},"type":"if","locations":[{"start":{"line":251,"column":2},"end":{"line":259,"column":null}}]},"12":{"loc":{"start":{"line":261,"column":2},"end":{"line":273,"column":null}},"type":"if","locations":[{"start":{"line":261,"column":2},"end":{"line":273,"column":null}}]},"13":{"loc":{"start":{"line":261,"column":6},"end":{"line":261,"column":24}},"type":"binary-expr","locations":[{"start":{"line":261,"column":6},"end":{"line":261,"column":15}},{"start":{"line":261,"column":15},"end":{"line":261,"column":24}}]},"14":{"loc":{"start":{"line":269,"column":14},"end":{"line":269,"column":null}},"type":"binary-expr","locations":[{"start":{"line":269,"column":14},"end":{"line":269,"column":23}},{"start":{"line":269,"column":23},"end":{"line":269,"column":null}}]},"15":{"loc":{"start":{"line":297,"column":41},"end":{"line":297,"column":92}},"type":"cond-expr","locations":[{"start":{"line":297,"column":57},"end":{"line":297,"column":76}},{"start":{"line":297,"column":76},"end":{"line":297,"column":92}}]},"16":{"loc":{"start":{"line":298,"column":15},"end":{"line":298,"column":null}},"type":"cond-expr","locations":[{"start":{"line":298,"column":31},"end":{"line":298,"column":42}},{"start":{"line":298,"column":42},"end":{"line":298,"column":null}}]},"17":{"loc":{"start":{"line":305,"column":14},"end":{"line":312,"column":15}},"type":"cond-expr","locations":[{"start":{"line":305,"column":14},"end":{"line":312,"column":15}}]},"18":{"loc":{"start":{"line":316,"column":45},"end":{"line":316,"column":null}},"type":"binary-expr","locations":[{"start":{"line":316,"column":45},"end":{"line":316,"column":67}},{"start":{"line":316,"column":71},"end":{"line":316,"column":null}}]},"19":{"loc":{"start":{"line":319,"column":41},"end":{"line":319,"column":103}},"type":"cond-expr","locations":[{"start":{"line":319,"column":68},"end":{"line":319,"column":87}},{"start":{"line":319,"column":87},"end":{"line":319,"column":103}}]},"20":{"loc":{"start":{"line":320,"column":15},"end":{"line":320,"column":null}},"type":"cond-expr","locations":[{"start":{"line":320,"column":42},"end":{"line":320,"column":64}},{"start":{"line":320,"column":64},"end":{"line":320,"column":null}}]},"21":{"loc":{"start":{"line":351,"column":52},"end":{"line":351,"column":68}},"type":"binary-expr","locations":[{"start":{"line":351,"column":52},"end":{"line":351,"column":62}},{"start":{"line":351,"column":62},"end":{"line":351,"column":68}}]},"22":{"loc":{"start":{"line":352,"column":22},"end":{"line":352,"column":75}},"type":"cond-expr","locations":[{"start":{"line":352,"column":22},"end":{"line":352,"column":75}}]},"23":{"loc":{"start":{"line":359,"column":22},"end":{"line":359,"column":43}},"type":"binary-expr","locations":[{"start":{"line":359,"column":22},"end":{"line":359,"column":32}},{"start":{"line":359,"column":32},"end":{"line":359,"column":43}}]}},"s":{"0":8,"1":1,"2":1,"3":1,"4":1,"5":1,"6":1,"7":1,"8":1,"9":1,"10":1,"11":1,"12":20,"13":20,"14":20,"15":20,"16":20,"17":19,"18":19,"19":19,"20":19,"21":19,"22":19,"23":8,"24":8,"25":8,"26":8,"27":7,"28":7,"29":7,"30":7,"31":7,"32":7,"33":7,"34":7,"35":1,"36":1,"37":1,"38":1,"39":1,"40":1,"41":1,"42":1,"43":1,"44":1,"45":1,"46":1,"47":0,"48":0,"49":0,"50":0,"51":8,"52":19,"53":8,"54":8,"55":19,"56":1,"57":0,"58":0,"59":1,"60":1,"61":1,"62":1,"63":0,"64":1,"65":1,"66":1,"67":0,"68":1,"69":19,"70":1,"71":1,"72":1,"73":1,"74":0,"75":1,"76":1,"77":1,"78":1,"79":1,"80":1,"81":0,"82":1,"83":19,"84":11,"85":0},"f":{"0":20,"1":8,"2":1,"3":8,"4":1,"5":1,"6":0},"b":{"0":[7],"1":[7,7,7],"2":[7],"3":[7],"4":[1,0],"5":[1],"6":[1],"7":[8],"8":[0],"9":[1],"10":[1],"11":[8],"12":[0],"13":[11,11],"14":[0,0],"15":[11,0],"16":[11,0],"17":[10],"18":[11,0],"19":[11,0],"20":[11,0],"21":[11,9],"22":[2],"23":[11,9]}}
,"C:\\Users\\abish\\zvision_development\\zvision_frontend\\app\\dashboard\\page.tsx": {"path":"C:\\Users\\abish\\zvision_development\\zvision_frontend\\app\\dashboard\\page.tsx","statementMap":{"0":{"start":{"line":14,"column":24},"end":{"line":14,"column":null}},"1":{"start":{"line":3,"column":25},"end":{"line":3,"column":null}},"2":{"start":{"line":4,"column":21},"end":{"line":4,"column":null}},"3":{"start":{"line":5,"column":57},"end":{"line":5,"column":null}},"4":{"start":{"line":6,"column":28},"end":{"line":6,"column":null}},"5":{"start":{"line":7,"column":29},"end":{"line":7,"column":null}},"6":{"start":{"line":8,"column":26},"end":{"line":8,"column":null}},"7":{"start":{"line":9,"column":25},"end":{"line":9,"column":null}},"8":{"start":{"line":10,"column":27},"end":{"line":10,"column":null}},"9":{"start":{"line":11,"column":29},"end":{"line":11,"column":null}},"10":{"start":{"line":12,"column":30},"end":{"line":12,"column":null}},"11":{"start":{"line":15,"column":36},"end":{"line":15,"column":null}}},"fnMap":{"0":{"name":"DashboardPage","decl":{"start":{"line":14,"column":24},"end":{"line":14,"column":null}},"loc":{"start":{"line":14,"column":24},"end":{"line":67,"column":null}}}},"branchMap":{},"s":{"0":5,"1":1,"2":1,"3":1,"4":1,"5":1,"6":1,"7":1,"8":1,"9":1,"10":1,"11":7},"f":{"0":7},"b":{}}
,"C:\\Users\\abish\\zvision_development\\zvision_frontend\\app\\events\\loading.tsx": {"path":"C:\\Users\\abish\\zvision_development\\zvision_frontend\\app\\events\\loading.tsx","statementMap":{"0":{"start":{"line":1,"column":24},"end":{"line":1,"column":null}},"1":{"start":{"line":2,"column":2},"end":{"line":2,"column":null}}},"fnMap":{"0":{"name":"Loading","decl":{"start":{"line":1,"column":24},"end":{"line":1,"column":null}},"loc":{"start":{"line":1,"column":24},"end":{"line":3,"column":null}}}},"branchMap":{},"s":{"0":0,"1":0},"f":{"0":0},"b":{}}
,"C:\\Users\\abish\\zvision_development\\zvision_frontend\\app\\events\\page.tsx": {"path":"C:\\Users\\abish\\zvision_development\\zvision_frontend\\app\\events\\page.tsx","statementMap":{"0":{"start":{"line":17,"column":24},"end":{"line":17,"column":null}},"1":{"start":{"line":3,"column":36},"end":{"line":3,"column":null}},"2":{"start":{"line":4,"column":32},"end":{"line":4,"column":null}},"3":{"start":{"line":5,"column":18},"end":{"line":5,"column":null}},"4":{"start":{"line":6,"column":23},"end":{"line":6,"column":null}},"5":{"start":{"line":7,"column":23},"end":{"line":7,"column":null}},"6":{"start":{"line":8,"column":21},"end":{"line":8,"column":null}},"7":{"start":{"line":9,"column":57},"end":{"line":9,"column":null}},"8":{"start":{"line":10,"column":25},"end":{"line":10,"column":null}},"9":{"start":{"line":11,"column":23},"end":{"line":11,"column":null}},"10":{"start":{"line":12,"column":28},"end":{"line":12,"column":null}},"11":{"start":{"line":13,"column":28},"end":{"line":13,"column":null}},"12":{"start":{"line":14,"column":28},"end":{"line":14,"column":null}},"13":{"start":{"line":15,"column":40},"end":{"line":15,"column":null}},"14":{"start":{"line":18,"column":23},"end":{"line":18,"column":null}},"15":{"start":{"line":19,"column":20},"end":{"line":19,"column":null}},"16":{"start":{"line":21,"column":30},"end":{"line":21,"column":null}},"17":{"start":{"line":22,"column":38},"end":{"line":22,"column":null}},"18":{"start":{"line":23,"column":32},"end":{"line":23,"column":null}},"19":{"start":{"line":24,"column":36},"end":{"line":30,"column":null}},"20":{"start":{"line":31,"column":38},"end":{"line":31,"column":null}},"21":{"start":{"line":32,"column":40},"end":{"line":32,"column":null}},"22":{"start":{"line":34,"column":2},"end":{"line":37,"column":null}},"23":{"start":{"line":35,"column":4},"end":{"line":35,"column":null}},"24":{"start":{"line":36,"column":4},"end":{"line":36,"column":null}},"25":{"start":{"line":39,"column":22},"end":{"line":116,"column":null}},"26":{"start":{"line":40,"column":4},"end":{"line":115,"column":null}},"27":{"start":{"line":41,"column":6},"end":{"line":41,"column":null}},"28":{"start":{"line":44,"column":26},"end":{"line":44,"column":null}},"29":{"start":{"line":45,"column":6},"end":{"line":47,"column":null}},"30":{"start":{"line":46,"column":8},"end":{"line":46,"column":null}},"31":{"start":{"line":48,"column":6},"end":{"line":50,"column":null}},"32":{"start":{"line":49,"column":8},"end":{"line":49,"column":null}},"33":{"start":{"line":51,"column":6},"end":{"line":55,"column":null}},"34":{"start":{"line":52,"column":8},"end":{"line":54,"column":null}},"35":{"start":{"line":53,"column":10},"end":{"line":53,"column":null}},"36":{"start":{"line":57,"column":6},"end":{"line":65,"column":null}},"37":{"start":{"line":58,"column":25},"end":{"line":58,"column":null}},"38":{"start":{"line":59,"column":8},"end":{"line":62,"column":null}},"39":{"start":{"line":60,"column":10},"end":{"line":60,"column":null}},"40":{"start":{"line":61,"column":10},"end":{"line":61,"column":null}},"41":{"start":{"line":64,"column":8},"end":{"line":64,"column":null}},"42":{"start":{"line":68,"column":25},"end":{"line":104,"column":null}},"43":{"start":{"line":105,"column":6},"end":{"line":105,"column":null}},"44":{"start":{"line":107,"column":6},"end":{"line":107,"column":null}},"45":{"start":{"line":108,"column":6},"end":{"line":112,"column":null}},"46":{"start":{"line":114,"column":6},"end":{"line":114,"column":null}},"47":{"start":{"line":118,"column":26},"end":{"line":195,"column":null}},"48":{"start":{"line":119,"column":4},"end":{"line":194,"column":null}},"49":{"start":{"line":120,"column":6},"end":{"line":120,"column":null}},"50":{"start":{"line":123,"column":26},"end":{"line":123,"column":null}},"51":{"start":{"line":124,"column":6},"end":{"line":126,"column":null}},"52":{"start":{"line":125,"column":8},"end":{"line":125,"column":null}},"53":{"start":{"line":127,"column":6},"end":{"line":129,"column":null}},"54":{"start":{"line":128,"column":8},"end":{"line":128,"column":null}},"55":{"start":{"line":131,"column":6},"end":{"line":139,"column":null}},"56":{"start":{"line":132,"column":25},"end":{"line":132,"column":null}},"57":{"start":{"line":133,"column":8},"end":{"line":136,"column":null}},"58":{"start":{"line":134,"column":10},"end":{"line":134,"column":null}},"59":{"start":{"line":135,"column":10},"end":{"line":135,"column":null}},"60":{"start":{"line":138,"column":8},"end":{"line":138,"column":null}},"61":{"start":{"line":142,"column":29},"end":{"line":183,"column":null}},"62":{"start":{"line":184,"column":6},"end":{"line":184,"column":null}},"63":{"start":{"line":186,"column":6},"end":{"line":186,"column":null}},"64":{"start":{"line":187,"column":6},"end":{"line":191,"column":null}},"65":{"start":{"line":193,"column":6},"end":{"line":193,"column":null}},"66":{"start":{"line":197,"column":32},"end":{"line":199,"column":null}},"67":{"start":{"line":198,"column":4},"end":{"line":198,"column":null}},"68":{"start":{"line":201,"column":32},"end":{"line":204,"column":null}},"69":{"start":{"line":202,"column":4},"end":{"line":202,"column":null}},"70":{"start":{"line":203,"column":4},"end":{"line":203,"column":null}},"71":{"start":{"line":206,"column":23},"end":{"line":209,"column":null}},"72":{"start":{"line":207,"column":4},"end":{"line":207,"column":null}},"73":{"start":{"line":208,"column":4},"end":{"line":208,"column":null}},"74":{"start":{"line":216,"column":69},"end":{"line":216,"column":null}}},"fnMap":{"0":{"name":"EventsPage","decl":{"start":{"line":17,"column":24},"end":{"line":17,"column":null}},"loc":{"start":{"line":17,"column":24},"end":{"line":265,"column":null}}},"1":{"name":"(anonymous_3)","decl":{"start":{"line":34,"column":12},"end":{"line":34,"column":null}},"loc":{"start":{"line":34,"column":12},"end":{"line":37,"column":5}}},"2":{"name":"(anonymous_4)","decl":{"start":{"line":39,"column":22},"end":{"line":39,"column":null}},"loc":{"start":{"line":39,"column":22},"end":{"line":116,"column":null}}},"3":{"name":"(anonymous_5)","decl":{"start":{"line":52,"column":27},"end":{"line":52,"column":28}},"loc":{"start":{"line":52,"column":28},"end":{"line":54,"column":null}}},"4":{"name":"(anonymous_6)","decl":{"start":{"line":118,"column":26},"end":{"line":118,"column":null}},"loc":{"start":{"line":118,"column":26},"end":{"line":195,"column":null}}},"5":{"name":"(anonymous_7)","decl":{"start":{"line":197,"column":32},"end":{"line":197,"column":33}},"loc":{"start":{"line":197,"column":33},"end":{"line":199,"column":null}}},"6":{"name":"(anonymous_8)","decl":{"start":{"line":201,"column":32},"end":{"line":201,"column":33}},"loc":{"start":{"line":201,"column":33},"end":{"line":204,"column":null}}},"7":{"name":"(anonymous_9)","decl":{"start":{"line":206,"column":23},"end":{"line":206,"column":null}},"loc":{"start":{"line":206,"column":23},"end":{"line":209,"column":null}}},"8":{"name":"(anonymous_10)","decl":{"start":{"line":216,"column":63},"end":{"line":216,"column":69}},"loc":{"start":{"line":216,"column":69},"end":{"line":216,"column":null}}}},"branchMap":{"0":{"loc":{"start":{"line":45,"column":6},"end":{"line":47,"column":null}},"type":"if","locations":[{"start":{"line":45,"column":6},"end":{"line":47,"column":null}}]},"1":{"loc":{"start":{"line":48,"column":6},"end":{"line":50,"column":null}},"type":"if","locations":[{"start":{"line":48,"column":6},"end":{"line":50,"column":null}}]},"2":{"loc":{"start":{"line":51,"column":6},"end":{"line":55,"column":null}},"type":"if","locations":[{"start":{"line":51,"column":6},"end":{"line":55,"column":null}}]},"3":{"loc":{"start":{"line":59,"column":8},"end":{"line":62,"column":null}},"type":"if","locations":[{"start":{"line":59,"column":8},"end":{"line":62,"column":null}}]},"4":{"loc":{"start":{"line":124,"column":6},"end":{"line":126,"column":null}},"type":"if","locations":[{"start":{"line":124,"column":6},"end":{"line":126,"column":null}}]},"5":{"loc":{"start":{"line":127,"column":6},"end":{"line":129,"column":null}},"type":"if","locations":[{"start":{"line":127,"column":6},"end":{"line":129,"column":null}}]},"6":{"loc":{"start":{"line":133,"column":8},"end":{"line":136,"column":null}},"type":"if","locations":[{"start":{"line":133,"column":8},"end":{"line":136,"column":null}}]},"7":{"loc":{"start":{"line":225,"column":9},"end":{"line":225,"column":null}},"type":"binary-expr","locations":[{"start":{"line":225,"column":9},"end":{"line":225,"column":null}}]},"8":{"loc":{"start":{"line":252,"column":21},"end":{"line":252,"column":54}},"type":"cond-expr","locations":[{"start":{"line":252,"column":21},"end":{"line":252,"column":54}}]},"9":{"loc":{"start":{"line":256,"column":21},"end":{"line":256,"column":54}},"type":"cond-expr","locations":[{"start":{"line":256,"column":21},"end":{"line":256,"column":54}}]},"10":{"loc":{"start":{"line":260,"column":21},"end":{"line":260,"column":54}},"type":"cond-expr","locations":[{"start":{"line":260,"column":21},"end":{"line":260,"column":54}}]}},"s":{"0":7,"1":1,"2":1,"3":1,"4":1,"5":1,"6":1,"7":1,"8":1,"9":1,"10":1,"11":1,"12":1,"13":1,"14":16,"15":16,"16":16,"17":15,"18":15,"19":15,"20":15,"21":15,"22":15,"23":7,"24":7,"25":15,"26":8,"27":8,"28":8,"29":8,"30":0,"31":8,"32":0,"33":8,"34":0,"35":0,"36":8,"37":8,"38":8,"39":8,"40":8,"41":0,"42":0,"43":0,"44":0,"45":0,"46":8,"47":15,"48":7,"49":7,"50":7,"51":7,"52":0,"53":7,"54":0,"55":7,"56":7,"57":7,"58":7,"59":7,"60":0,"61":0,"62":0,"63":0,"64":0,"65":7,"66":15,"67":0,"68":15,"69":1,"70":1,"71":15,"72":0,"73":0,"74":2},"f":{"0":16,"1":7,"2":8,"3":0,"4":7,"5":0,"6":1,"7":0,"8":2},"b":{"0":[0],"1":[0],"2":[0],"3":[8],"4":[0],"5":[0],"6":[7],"7":[15],"8":[8],"9":[8],"10":[8]}}
,"C:\\Users\\abish\\zvision_development\\zvision_frontend\\app\\live\\loading.tsx": {"path":"C:\\Users\\abish\\zvision_development\\zvision_frontend\\app\\live\\loading.tsx","statementMap":{"0":{"start":{"line":1,"column":24},"end":{"line":1,"column":null}},"1":{"start":{"line":2,"column":2},"end":{"line":2,"column":null}}},"fnMap":{"0":{"name":"Loading","decl":{"start":{"line":1,"column":24},"end":{"line":1,"column":null}},"loc":{"start":{"line":1,"column":24},"end":{"line":3,"column":null}}}},"branchMap":{},"s":{"0":0,"1":0},"f":{"0":0},"b":{}}
,"C:\\Users\\abish\\zvision_development\\zvision_frontend\\app\\live\\page.tsx": {"path":"C:\\Users\\abish\\zvision_development\\zvision_frontend\\app\\live\\page.tsx","statementMap":{"0":{"start":{"line":38,"column":24},"end":{"line":38,"column":null}},"1":{"start":{"line":3,"column":44},"end":{"line":3,"column":null}},"2":{"start":{"line":4,"column":32},"end":{"line":4,"column":null}},"3":{"start":{"line":5,"column":18},"end":{"line":5,"column":null}},"4":{"start":{"line":6,"column":67},"end":{"line":6,"column":null}},"5":{"start":{"line":7,"column":21},"end":{"line":7,"column":null}},"6":{"start":{"line":8,"column":23},"end":{"line":8,"column":null}},"7":{"start":{"line":9,"column":25},"end":{"line":9,"column":null}},"8":{"start":{"line":10,"column":23},"end":{"line":10,"column":null}},"9":{"start":{"line":11,"column":22},"end":{"line":11,"column":null}},"10":{"start":{"line":12,"column":26},"end":{"line":12,"column":null}},"11":{"start":{"line":13,"column":22},"end":{"line":13,"column":null}},"12":{"start":{"line":14,"column":78},"end":{"line":14,"column":null}},"13":{"start":{"line":15,"column":22},"end":{"line":15,"column":null}},"14":{"start":{"line":16,"column":24},"end":{"line":16,"column":null}},"15":{"start":{"line":17,"column":31},"end":{"line":17,"column":null}},"16":{"start":{"line":18,"column":28},"end":{"line":18,"column":null}},"17":{"start":{"line":19,"column":31},"end":{"line":19,"column":null}},"18":{"start":{"line":20,"column":40},"end":{"line":20,"column":null}},"19":{"start":{"line":39,"column":23},"end":{"line":39,"column":null}},"20":{"start":{"line":40,"column":20},"end":{"line":40,"column":null}},"21":{"start":{"line":41,"column":26},"end":{"line":41,"column":null}},"22":{"start":{"line":43,"column":32},"end":{"line":43,"column":null}},"23":{"start":{"line":44,"column":46},"end":{"line":44,"column":null}},"24":{"start":{"line":45,"column":32},"end":{"line":45,"column":null}},"25":{"start":{"line":46,"column":30},"end":{"line":49,"column":null}},"26":{"start":{"line":50,"column":42},"end":{"line":50,"column":null}},"27":{"start":{"line":51,"column":42},"end":{"line":51,"column":null}},"28":{"start":{"line":52,"column":40},"end":{"line":52,"column":null}},"29":{"start":{"line":53,"column":36},"end":{"line":53,"column":null}},"30":{"start":{"line":55,"column":24},"end":{"line":55,"column":null}},"31":{"start":{"line":57,"column":2},"end":{"line":69,"column":null}},"32":{"start":{"line":58,"column":4},"end":{"line":58,"column":null}},"33":{"start":{"line":61,"column":4},"end":{"line":61,"column":null}},"34":{"start":{"line":63,"column":4},"end":{"line":68,"column":null}},"35":{"start":{"line":65,"column":6},"end":{"line":67,"column":null}},"36":{"start":{"line":66,"column":8},"end":{"line":66,"column":null}},"37":{"start":{"line":71,"column":2},"end":{"line":81,"column":null}},"38":{"start":{"line":73,"column":4},"end":{"line":75,"column":null}},"39":{"start":{"line":74,"column":6},"end":{"line":74,"column":null}},"40":{"start":{"line":76,"column":4},"end":{"line":79,"column":null}},"41":{"start":{"line":80,"column":4},"end":{"line":80,"column":null}},"42":{"start":{"line":83,"column":23},"end":{"line":146,"column":null}},"43":{"start":{"line":84,"column":4},"end":{"line":145,"column":null}},"44":{"start":{"line":85,"column":6},"end":{"line":85,"column":null}},"45":{"start":{"line":87,"column":6},"end":{"line":95,"column":null}},"46":{"start":{"line":88,"column":25},"end":{"line":88,"column":null}},"47":{"start":{"line":89,"column":8},"end":{"line":92,"column":null}},"48":{"start":{"line":90,"column":10},"end":{"line":90,"column":null}},"49":{"start":{"line":91,"column":10},"end":{"line":91,"column":null}},"50":{"start":{"line":94,"column":8},"end":{"line":94,"column":null}},"51":{"start":{"line":98,"column":26},"end":{"line":134,"column":null}},"52":{"start":{"line":135,"column":6},"end":{"line":135,"column":null}},"53":{"start":{"line":137,"column":6},"end":{"line":137,"column":null}},"54":{"start":{"line":138,"column":6},"end":{"line":142,"column":null}},"55":{"start":{"line":144,"column":6},"end":{"line":144,"column":null}},"56":{"start":{"line":148,"column":29},"end":{"line":152,"column":null}},"57":{"start":{"line":151,"column":4},"end":{"line":151,"column":null}},"58":{"start":{"line":154,"column":22},"end":{"line":182,"column":null}},"59":{"start":{"line":155,"column":4},"end":{"line":181,"column":null}},"60":{"start":{"line":156,"column":6},"end":{"line":164,"column":null}},"61":{"start":{"line":157,"column":25},"end":{"line":157,"column":null}},"62":{"start":{"line":158,"column":8},"end":{"line":161,"column":null}},"63":{"start":{"line":159,"column":10},"end":{"line":159,"column":null}},"64":{"start":{"line":160,"column":10},"end":{"line":160,"column":null}},"65":{"start":{"line":163,"column":8},"end":{"line":163,"column":null}},"66":{"start":{"line":167,"column":33},"end":{"line":170,"column":null}},"67":{"start":{"line":172,"column":6},"end":{"line":176,"column":null}},"68":{"start":{"line":173,"column":8},"end":{"line":173,"column":null}},"69":{"start":{"line":174,"column":8},"end":{"line":174,"column":null}},"70":{"start":{"line":175,"column":8},"end":{"line":175,"column":null}},"71":{"start":{"line":178,"column":6},"end":{"line":178,"column":null}},"72":{"start":{"line":180,"column":6},"end":{"line":180,"column":null}},"73":{"start":{"line":184,"column":29},"end":{"line":186,"column":null}},"74":{"start":{"line":185,"column":4},"end":{"line":185,"column":null}},"75":{"start":{"line":188,"column":32},"end":{"line":209,"column":null}},"76":{"start":{"line":189,"column":4},"end":{"line":208,"column":null}},"77":{"start":{"line":190,"column":6},"end":{"line":192,"column":null}},"78":{"start":{"line":195,"column":6},"end":{"line":195,"column":null}},"79":{"start":{"line":195,"column":39},"end":{"line":195,"column":null}},"80":{"start":{"line":197,"column":6},"end":{"line":200,"column":null}},"81":{"start":{"line":199,"column":58},"end":{"line":199,"column":78}},"82":{"start":{"line":202,"column":6},"end":{"line":202,"column":null}},"83":{"start":{"line":203,"column":6},"end":{"line":207,"column":null}},"84":{"start":{"line":211,"column":33},"end":{"line":229,"column":null}},"85":{"start":{"line":212,"column":4},"end":{"line":228,"column":null}},"86":{"start":{"line":213,"column":19},"end":{"line":213,"column":null}},"87":{"start":{"line":214,"column":6},"end":{"line":214,"column":null}},"88":{"start":{"line":217,"column":6},"end":{"line":225,"column":null}},"89":{"start":{"line":218,"column":8},"end":{"line":224,"column":null}},"90":{"start":{"line":227,"column":6},"end":{"line":227,"column":null}},"91":{"start":{"line":231,"column":29},"end":{"line":231,"column":null}},"92":{"start":{"line":231,"column":51},"end":{"line":231,"column":null}},"93":{"start":{"line":244,"column":16},"end":{"line":244,"column":44}},"94":{"start":{"line":250,"column":81},"end":{"line":250,"column":null}}},"fnMap":{"0":{"name":"LivePage","decl":{"start":{"line":38,"column":24},"end":{"line":38,"column":null}},"loc":{"start":{"line":38,"column":24},"end":{"line":438,"column":null}}},"1":{"name":"(anonymous_3)","decl":{"start":{"line":57,"column":12},"end":{"line":57,"column":null}},"loc":{"start":{"line":57,"column":12},"end":{"line":69,"column":5}}},"2":{"name":"(anonymous_4)","decl":{"start":{"line":63,"column":11},"end":{"line":63,"column":null}},"loc":{"start":{"line":63,"column":11},"end":{"line":68,"column":null}}},"3":{"name":"(anonymous_5)","decl":{"start":{"line":71,"column":12},"end":{"line":71,"column":null}},"loc":{"start":{"line":71,"column":12},"end":{"line":81,"column":5}}},"4":{"name":"(anonymous_6)","decl":{"start":{"line":83,"column":23},"end":{"line":83,"column":null}},"loc":{"start":{"line":83,"column":23},"end":{"line":146,"column":null}}},"5":{"name":"(anonymous_7)","decl":{"start":{"line":148,"column":29},"end":{"line":148,"column":null}},"loc":{"start":{"line":148,"column":29},"end":{"line":152,"column":null}}},"6":{"name":"(anonymous_8)","decl":{"start":{"line":154,"column":22},"end":{"line":154,"column":null}},"loc":{"start":{"line":154,"column":22},"end":{"line":182,"column":null}}},"7":{"name":"(anonymous_9)","decl":{"start":{"line":184,"column":29},"end":{"line":184,"column":30}},"loc":{"start":{"line":184,"column":30},"end":{"line":186,"column":null}}},"8":{"name":"(anonymous_10)","decl":{"start":{"line":188,"column":32},"end":{"line":188,"column":39}},"loc":{"start":{"line":188,"column":57},"end":{"line":209,"column":null}}},"9":{"name":"(anonymous_11)","decl":{"start":{"line":195,"column":29},"end":{"line":195,"column":30}},"loc":{"start":{"line":195,"column":39},"end":{"line":195,"column":null}}},"10":{"name":"(anonymous_12)","decl":{"start":{"line":199,"column":51},"end":{"line":199,"column":52}},"loc":{"start":{"line":199,"column":58},"end":{"line":199,"column":78}}},"11":{"name":"(anonymous_13)","decl":{"start":{"line":211,"column":33},"end":{"line":211,"column":34}},"loc":{"start":{"line":211,"column":34},"end":{"line":229,"column":null}}},"12":{"name":"(anonymous_14)","decl":{"start":{"line":231,"column":42},"end":{"line":231,"column":43}},"loc":{"start":{"line":231,"column":51},"end":{"line":231,"column":null}}},"13":{"name":"(anonymous_15)","decl":{"start":{"line":243,"column":27},"end":{"line":243,"column":28}},"loc":{"start":{"line":244,"column":16},"end":{"line":244,"column":44}}},"14":{"name":"(anonymous_16)","decl":{"start":{"line":250,"column":75},"end":{"line":250,"column":81}},"loc":{"start":{"line":250,"column":81},"end":{"line":250,"column":null}}}},"branchMap":{"0":{"loc":{"start":{"line":41,"column":26},"end":{"line":41,"column":null}},"type":"binary-expr","locations":[{"start":{"line":41,"column":26},"end":{"line":41,"column":56}},{"start":{"line":41,"column":56},"end":{"line":41,"column":null}}]},"1":{"loc":{"start":{"line":65,"column":6},"end":{"line":67,"column":null}},"type":"if","locations":[{"start":{"line":65,"column":6},"end":{"line":67,"column":null}}]},"2":{"loc":{"start":{"line":73,"column":4},"end":{"line":75,"column":null}},"type":"if","locations":[{"start":{"line":73,"column":4},"end":{"line":75,"column":null}}]},"3":{"loc":{"start":{"line":89,"column":8},"end":{"line":92,"column":null}},"type":"if","locations":[{"start":{"line":89,"column":8},"end":{"line":92,"column":null}}]},"4":{"loc":{"start":{"line":158,"column":8},"end":{"line":161,"column":null}},"type":"if","locations":[{"start":{"line":158,"column":8},"end":{"line":161,"column":null}}]},"5":{"loc":{"start":{"line":158,"column":12},"end":{"line":158,"column":64}},"type":"binary-expr","locations":[{"start":{"line":158,"column":12},"end":{"line":158,"column":25}},{"start":{"line":158,"column":29},"end":{"line":158,"column":64}}]},"6":{"loc":{"start":{"line":172,"column":6},"end":{"line":176,"column":null}},"type":"if","locations":[{"start":{"line":172,"column":6},"end":{"line":176,"column":null}}]},"7":{"loc":{"start":{"line":175,"column":31},"end":{"line":175,"column":null}},"type":"cond-expr","locations":[{"start":{"line":175,"column":53},"end":{"line":175,"column":61}},{"start":{"line":175,"column":61},"end":{"line":175,"column":null}}]},"8":{"loc":{"start":{"line":195,"column":39},"end":{"line":195,"column":null}},"type":"cond-expr","locations":[{"start":{"line":195,"column":61},"end":{"line":195,"column":102}},{"start":{"line":195,"column":102},"end":{"line":195,"column":null}}]},"9":{"loc":{"start":{"line":198,"column":15},"end":{"line":198,"column":null}},"type":"cond-expr","locations":[{"start":{"line":198,"column":25},"end":{"line":198,"column":47}},{"start":{"line":198,"column":47},"end":{"line":198,"column":null}}]},"10":{"loc":{"start":{"line":199,"column":95},"end":{"line":199,"column":128}},"type":"cond-expr","locations":[{"start":{"line":199,"column":105},"end":{"line":199,"column":117}},{"start":{"line":199,"column":117},"end":{"line":199,"column":128}}]},"11":{"loc":{"start":{"line":217,"column":6},"end":{"line":225,"column":null}},"type":"if","locations":[{"start":{"line":217,"column":6},"end":{"line":225,"column":null}}]},"12":{"loc":{"start":{"line":217,"column":10},"end":{"line":217,"column":74}},"type":"binary-expr","locations":[{"start":{"line":217,"column":10},"end":{"line":217,"column":39}},{"start":{"line":217,"column":39},"end":{"line":217,"column":74}}]},"13":{"loc":{"start":{"line":245,"column":33},"end":{"line":245,"column":null}},"type":"binary-expr","locations":[{"start":{"line":245,"c
[...]
,"C:\\Users\\abish\\zvision_development\\zvision_frontend\\components\\ui\\textarea.tsx": {"path":"C:\\Users\\abish\\zvision_development\\zvision_frontend\\components\\ui\\textarea.tsx","statementMap":{"0":{"start":{"line":22,"column":9},"end":{"line":22,"column":null}},"1":{"start":{"line":1,"column":23},"end":{"line":1,"column":null}},"2":{"start":{"line":3,"column":19},"end":{"line":3,"column":null}},"3":{"start":{"line":5,"column":17},"end":{"line":19,"column":null}},"4":{"start":{"line":20,"column":0},"end":{"line":20,"column":null}}},"fnMap":{"0":{"name":"(anonymous_4)","decl":{"start":{"line":8,"column":2},"end":{"line":8,"column":3}},"loc":{"start":{"line":8,"column":28},"end":{"line":19,"column":null}}}},"branchMap":{},"s":{"0":0,"1":0,"2":0,"3":0,"4":0},"f":{"0":0},"b":{}}
,"C:\\Users\\abish\\zvision_development\\zvision_frontend\\components\\ui\\toast.tsx": {"path":"C:\\Users\\abish\\zvision_development\\zvision_frontend\\components\\ui\\toast.tsx","statementMap":{"0":{"start":{"line":106,"column":2},"end":{"line":106,"column":7}},"1":{"start":{"line":110,"column":2},"end":{"line":110,"column":13}},"2":{"start":{"line":109,"column":2},"end":{"line":109,"column":12}},"3":{"start":{"line":108,"column":2},"end":{"line":108,"column":18}},"4":{"start":{"line":104,"column":2},"end":{"line":104,"column":15}},"5":{"start":{"line":107,"column":2},"end":{"line":107,"column":12}},"6":{"start":{"line":105,"column":2},"end":{"line":105,"column":15}},"7":{"start":{"line":1,"column":23},"end":{"line":1,"column":null}},"8":{"start":{"line":2,"column":33},"end":{"line":2,"column":null}},"9":{"start":{"line":3,"column":39},"end":{"line":3,"column":null}},"10":{"start":{"line":4,"column":18},"end":{"line":4,"column":null}},"11":{"start":{"line":6,"column":19},"end":{"line":6,"column":null}},"12":{"start":{"line":8,"column":22},"end":{"line":8,"column":46}},"13":{"start":{"line":23,"column":0},"end":{"line":23,"column":null}},"14":{"start":{"line":25,"column":22},"end":{"line":37,"column":null}},"15":{"start":{"line":40,"column":14},"end":{"line":45,"column":null}},"16":{"start":{"line":46,"column":0},"end":{"line":46,"column":null}},"17":{"start":{"line":61,"column":0},"end":{"line":61,"column":null}},"18":{"start":{"line":79,"column":0},"end":{"line":79,"column":null}},"19":{"start":{"line":87,"column":0},"end":{"line":87,"column":null}},"20":{"start":{"line":95,"column":0},"end":{"line":95,"column":null}}},"fnMap":{"0":{"name":"(anonymous_12)","decl":{"start":{"line":43,"column":2},"end":{"line":43,"column":3}},"loc":{"start":{"line":43,"column":37},"end":{"line":45,"column":null}}}},"branchMap":{},"s":{"0":0,"1":0,"2":0,"3":0,"4":0,"5":0,"6":0,"7":0,"8":0,"9":0,"10":0,"11":0,"12":0,"13":0,"14":0,"15":0,"16":0,"17":0,"18":0,"19":0,"20":0},"f":{"0":0},"b":{}}
,"C:\\Users\\abish\\zvision_development\\zvision_frontend\\components\\ui\\toaster.tsx": {"path":"C:\\Users\\abish\\zvision_development\\zvision_frontend\\components\\ui\\toaster.tsx","statementMap":{"0":{"start":{"line":6,"column":16},"end":{"line":6,"column":null}},"1":{"start":{"line":3,"column":94},"end":{"line":3,"column":null}},"2":{"start":{"line":4,"column":25},"end":{"line":4,"column":null}},"3":{"start":{"line":7,"column":21},"end":{"line":7,"column":null}},"4":{"start":{"line":12,"column":8},"end":{"line":12,"column":25}}},"fnMap":{"0":{"name":"Toaster","decl":{"start":{"line":6,"column":16},"end":{"line":6,"column":null}},"loc":{"start":{"line":6,"column":16},"end":{"line":24,"column":null}}},"1":{"name":"(anonymous_2)","decl":{"start":{"line":11,"column":18},"end":{"line":11,"column":19}},"loc":{"start":{"line":12,"column":8},"end":{"line":12,"column":25}}}},"branchMap":{"0":{"loc":{"start":{"line":14,"column":13},"end":{"line":14,"column":22}},"type":"binary-expr","locations":[{"start":{"line":14,"column":13},"end":{"line":14,"column":22}}]},"1":{"loc":{"start":{"line":15,"column":13},"end":{"line":15,"column":28}},"type":"binary-expr","locations":[{"start":{"line":15,"column":13},"end":{"line":15,"column":28}}]}},"s":{"0":0,"1":0,"2":0,"3":0,"4":0},"f":{"0":0,"1":0},"b":{"0":[0],"1":[0]}}
,"C:\\Users\\abish\\zvision_development\\zvision_frontend\\components\\ui\\toggle-group.tsx": {"path":"C:\\Users\\abish\\zvision_development\\zvision_frontend\\components\\ui\\toggle-group.tsx","statementMap":{"0":{"start":{"line":61,"column":9},"end":{"line":61,"column":20}},"1":{"start":{"line":61,"column":22},"end":{"line":61,"column":37}},"2":{"start":{"line":3,"column":23},"end":{"line":3,"column":null}},"3":{"start":{"line":4,"column":38},"end":{"line":4,"column":null}},"4":{"start":{"line":7,"column":19},"end":{"line":7,"column":null}},"5":{"start":{"line":8,"column":31},"end":{"line":8,"column":null}},"6":{"start":{"line":10,"column":27},"end":{"line":15,"column":null}},"7":{"start":{"line":33,"column":0},"end":{"line":33,"column":null}},"8":{"start":{"line":35,"column":24},"end":{"line":57,"column":null}},"9":{"start":{"line":40,"column":18},"end":{"line":40,"column":null}},"10":{"start":{"line":59,"column":0},"end":{"line":59,"column":null}}},"fnMap":{"0":{"name":"(anonymous_7)","decl":{"start":{"line":39,"column":2},"end":{"line":39,"column":3}},"loc":{"start":{"line":39,"column":53},"end":{"line":57,"column":null}}}},"branchMap":{"0":{"loc":{"start":{"line":47,"column":19},"end":{"line":47,"column":null}},"type":"binary-expr","locations":[{"start":{"line":47,"column":19},"end":{"line":47,"column":34}},{"start":{"line":47,"column":38},"end":{"line":47,"column":null}}]},"1":{"loc":{"start":{"line":48,"column":16},"end":{"line":48,"column":null}},"type":"binary-expr","locations":[{"start":{"line":48,"column":16},"end":{"line":48,"column":28}},{"start":{"line":48,"column":32},"end":{"line":48,"column":null}}]}},"s":{"0":0,"1":0,"2":0,"3":0,"4":0,"5":0,"6":0,"7":0,"8":0,"9":0,"10":0},"f":{"0":0},"b":{"0":[0,0],"1":[0,0]}}
,"C:\\Users\\abish\\zvision_development\\zvision_frontend\\components\\ui\\toggle.tsx": {"path":"C:\\Users\\abish\\zvision_development\\zvision_frontend\\components\\ui\\toggle.tsx","statementMap":{"0":{"start":{"line":45,"column":9},"end":{"line":45,"column":15}},"1":{"start":{"line":45,"column":17},"end":{"line":45,"column":31}},"2":{"start":{"line":3,"column":23},"end":{"line":3,"column":null}},"3":{"start":{"line":4,"column":33},"end":{"line":4,"column":null}},"4":{"start":{"line":5,"column":39},"end":{"line":5,"column":null}},"5":{"start":{"line":7,"column":19},"end":{"line":7,"column":null}},"6":{"start":{"line":9,"column":23},"end":{"line":28,"column":null}},"7":{"start":{"line":43,"column":0},"end":{"line":43,"column":null}}},"fnMap":{},"branchMap":{},"s":{"0":0,"1":0,"2":0,"3":0,"4":0,"5":0,"6":0,"7":0},"f":{},"b":{}}
,"C:\\Users\\abish\\zvision_development\\zvision_frontend\\components\\ui\\tooltip.tsx": {"path":"C:\\Users\\abish\\zvision_development\\zvision_frontend\\components\\ui\\tooltip.tsx","statementMap":{"0":{"start":{"line":30,"column":9},"end":{"line":30,"column":16}},"1":{"start":{"line":30,"column":34},"end":{"line":30,"column":48}},"2":{"start":{"line":30,"column":50},"end":{"line":30,"column":65}},"3":{"start":{"line":30,"column":18},"end":{"line":30,"column":32}},"4":{"start":{"line":3,"column":23},"end":{"line":3,"column":null}},"5":{"start":{"line":4,"column":34},"end":{"line":4,"column":null}},"6":{"start":{"line":6,"column":19},"end":{"line":6,"column":null}},"7":{"start":{"line":8,"column":24},"end":{"line":8,"column":49}},"8":{"start":{"line":10,"column":16},"end":{"line":10,"column":37}},"9":{"start":{"line":12,"column":23},"end":{"line":12,"column":47}},"10":{"start":{"line":28,"column":0},"end":{"line":28,"column":null}}},"fnMap":{},"branchMap":{"0":{"loc":{"start":{"line":17,"column":16},"end":{"line":17,"column":30}},"type":"default-arg","locations":[{"start":{"line":17,"column":29},"end":{"line":17,"column":30}}]}},"s":{"0":18,"1":18,"2":18,"3":18,"4":5,"5":5,"6":5,"7":5,"8":5,"9":5,"10":5},"f":{},"b":{"0":[18]}}
,"C:\\Users\\abish\\zvision_development\\zvision_frontend\\components\\ui\\use-mobile.tsx": {"path":"C:\\Users\\abish\\zvision_development\\zvision_frontend\\components\\ui\\use-mobile.tsx","statementMap":{"0":{"start":{"line":5,"column":16},"end":{"line":5,"column":null}},"1":{"start":{"line":1,"column":23},"end":{"line":1,"column":null}},"2":{"start":{"line":3,"column":26},"end":{"line":3,"column":null}},"3":{"start":{"line":6,"column":34},"end":{"line":6,"column":null}},"4":{"start":{"line":8,"column":2},"end":{"line":16,"column":null}},"5":{"start":{"line":9,"column":16},"end":{"line":9,"column":null}},"6":{"start":{"line":10,"column":21},"end":{"line":12,"column":null}},"7":{"start":{"line":11,"column":6},"end":{"line":11,"column":null}},"8":{"start":{"line":13,"column":4},"end":{"line":13,"column":null}},"9":{"start":{"line":14,"column":4},"end":{"line":14,"column":null}},"10":{"start":{"line":15,"column":4},"end":{"line":15,"column":null}},"11":{"start":{"line":15,"column":17},"end":{"line":15,"column":null}},"12":{"start":{"line":18,"column":2},"end":{"line":18,"column":null}}},"fnMap":{"0":{"name":"useIsMobile","decl":{"start":{"line":5,"column":16},"end":{"line":5,"column":null}},"loc":{"start":{"line":5,"column":16},"end":{"line":19,"column":null}}},"1":{"name":"(anonymous_5)","decl":{"start":{"line":8,"column":18},"end":{"line":8,"column":null}},"loc":{"start":{"line":8,"column":18},"end":{"line":16,"column":5}}},"2":{"name":"(anonymous_6)","decl":{"start":{"line":10,"column":21},"end":{"line":10,"column":null}},"loc":{"start":{"line":10,"column":21},"end":{"line":12,"column":null}}},"3":{"name":"(anonymous_7)","decl":{"start":{"line":15,"column":11},"end":{"line":15,"column":17}},"loc":{"start":{"line":15,"column":17},"end":{"line":15,"column":null}}}},"branchMap":{},"s":{"0":0,"1":0,"2":0,"3":0,"4":0,"5":0,"6":0,"7":0,"8":0,"9":0,"10":0,"11":0,"12":0},"f":{"0":0,"1":0,"2":0,"3":0},"b":{}}
,"C:\\Users\\abish\\zvision_development\\zvision_frontend\\components\\ui\\use-toast.ts": {"path":"C:\\Users\\abish\\zvision_development\\zvision_frontend\\components\\ui\\use-toast.ts","statementMap":{"0":{"start":{"line":188,"column":19},"end":{"line":188,"column":24}},"1":{"start":{"line":188,"column":9},"end":{"line":188,"column":17}},"2":{"start":{"line":3,"column":23},"end":{"line":3,"column":null}},"3":{"start":{"line":7,"column":20},"end":{"line":7,"column":null}},"4":{"start":{"line":8,"column":27},"end":{"line":8,"column":null}},"5":{"start":{"line":17,"column":20},"end":{"line":22,"column":null}},"6":{"start":{"line":24,"column":12},"end":{"line":24,"column":null}},"7":{"start":{"line":27,"column":2},"end":{"line":27,"column":null}},"8":{"start":{"line":28,"column":2},"end":{"line":28,"column":null}},"9":{"start":{"line":55,"column":22},"end":{"line":55,"column":null}},"10":{"start":{"line":57,"column":16},"end":{"line":108,"column":null}},"11":{"start":{"line":58,"column":2},"end":{"line":107,"column":null}},"12":{"start":{"line":60,"column":6},"end":{"line":63,"column":null}},"13":{"start":{"line":66,"column":6},"end":{"line":69,"column":null}},"14":{"start":{"line":68,"column":41},"end":{"line":68,"column":null}},"15":{"start":{"line":72,"column":26},"end":{"line":72,"column":null}},"16":{"start":{"line":76,"column":6},"end":{"line":82,"column":null}},"17":{"start":{"line":77,"column":8},"end":{"line":77,"column":null}},"18":{"start":{"line":79,"column":8},"end":{"line":81,"column":null}},"19":{"start":{"line":80,"column":10},"end":{"line":80,"column":null}},"20":{"start":{"line":84,"column":6},"end":{"line":94,"column":null}},"21":{"start":{"line":87,"column":10},"end":{"line":92,"column":null}},"22":{"start":{"line":97,"column":6},"end":{"line":102,"column":null}},"23":{"start":{"line":98,"column":8},"end":{"line":101,"column":null}},"24":{"start":{"line":103,"column":6},"end":{"line":106,"column":null}},"25":{"start":{"line":105,"column":43},"end":{"line":105,"column":66}},"26":{"start":{"line":110,"column":49},"end":{"line":110,"column":51}},"27":{"start":{"line":112,"column":25},"end":{"line":112,"column":null}},"28":{"start":{"line":115,"column":2},"end":{"line":115,"column":null}},"29":{"start":{"line":116,"column":2},"end":{"line":118,"column":null}},"30":{"start":{"line":117,"column":4},"end":{"line":117,"column":null}},"31":{"start":{"line":124,"column":13},"end":{"line":124,"column":null}},"32":{"start":{"line":126,"column":17},"end":{"line":130,"column":null}},"33":{"start":{"line":127,"column":4},"end":{"line":130,"column":null}},"34":{"start":{"line":131,"column":18},"end":{"line":131,"column":null}},"35":{"start":{"line":131,"column":24},"end":{"line":131,"column":null}},"36":{"start":{"line":133,"column":2},"end":{"line":143,"column":null}},"37":{"start":{"line":140,"column":8},"end":{"line":140,"column":null}},"38":{"start":{"line":140,"column":19},"end":{"line":140,"column":null}},"39":{"start":{"line":145,"column":2},"end":{"line":149,"column":null}},"40":{"start":{"line":153,"column":28},"end":{"line":153,"column":null}},"41":{"start":{"line":155,"column":2},"end":{"line":163,"column":null}},"42":{"start":{"line":156,"column":4},"end":{"line":156,"column":null}},"43":{"start":{"line":157,"column":4},"end":{"line":162,"column":null}},"44":{"start":{"line":158,"column":20},"end":{"line":158,"column":null}},"45":{"start":{"line":159,"column":6},"end":{"line":161,"column":null}},"46":{"start":{"line":160,"column":8},"end":{"line":160,"column":null}},"47":{"start":{"line":165,"column":2},"end":{"line":169,"column":null}},"48":{"start":{"line":168,"column":35},"end":{"line":168,"column":null}},"49":{"start":{"line":173,"column":2},"end":{"line":175,"column":null}},"50":{"start":{"line":174,"column":4},"end":{"line":174,"column":null}},"51":{"start":{"line":177,"column":18},"end":{"line":183,"column":null}},"52":{"start":{"line":178,"column":4},"end":{"line":178,"column":null}},"53":{"start":{"line":179,"column":4},"end":{"line":182,"column":null}},"54":{"start":{"line":185,"column":2},"end":{"line":185,"column":null}}},"fnMap":{"0":{"name":"genId","decl":{"start":{"line":26,"column":9},"end":{"line":26,"column":null}},"loc":{"start":{"line":26,"column":9},"end":{"line":29,"column":null}}},"1":{"name":"(anonymous_7)","decl":{"start":{"line":57,"column":16},"end":{"line":57,"column":17}},"loc":{"start":{"line":57,"column":31},"end":{"line":108,"column":null}}},"2":{"name":"(anonymous_8)","decl":{"start":{"line":68,"column":33},"end":{"line":68,"column":34}},"loc":{"start":{"line":68,"column":41},"end":{"line":68,"column":null}}},"3":{"name":"(anonymous_9)","decl":{"start":{"line":79,"column":29},"end":{"line":79,"column":30}},"loc":{"start":{"line":79,"column":30},"end":{"line":81,"column":null}}},"4":{"name":"(anonymous_10)","decl":{"start":{"line":86,"column":33},"end":{"line":86,"column":34}},"loc":{"start":{"line":87,"column":10},"end":{"line":92,"column":null}}},"5":{"name":"(anonymous_11)","decl":{"start":{"line":105,"column":36},"end":{"line":105,"column":37}},"loc":{"start":{"line":105,"column":43},"end":{"line":105,"column":66}}},"6":{"name":"dispatch","decl":{"start":{"line":114,"column":9},"end":{"line":114,"column":18}},"loc":{"start":{"line":114,"column":32},"end":{"line":119,"column":null}}},"7":{"name":"(anonymous_13)","decl":{"start":{"line":116,"column":20},"end":{"line":116,"column":21}},"loc":{"start":{"line":116,"column":21},"end":{"line":118,"column":null}}},"8":{"name":"toast","decl":{"start":{"line":123,"column":9},"end":{"line":123,"column":15}},"loc":{"start":{"line":123,"column":34},"end":{"line":150,"column":null}}},"9":{"name":"(anonymous_15)","decl":{"start":{"line":126,"column":17},"end":{"line":126,"column":18}},"loc":{"start":{"line":127,"column":4},"end":{"line":130,"column":null}}},"10":{"name":"(anonymous_16)","decl":{"start":{"line":131,"column":18},"end":{"line":131,"column":24}},"loc":{"start":{"line":131,"column":24},"end":{"line":131,"column":null}}},"11":{"name":"(anonymous_17)","decl":{"start":{"line":139,"column":20},"end":{"line":139,"column":21}},"loc":{"start":{"line":139,"column":21},"end":{"line":141,"column":null}}},"12":{"name":"useToast","decl":{"start":{"line":152,"column":9},"end":{"line":152,"column":null}},"loc":{"start":{"line":152,"column":9},"end":{"line":170,"column":null}}},"13":{"name":"(anonymous_19)","decl":{"start":{"line":155,"column":18},"end":{"line":155,"column":null}},"loc":{"start":{"line":155,"column":18},"end":{"line":163,"column":5}}},"14":{"name":"(anonymous_20)","decl":{"start":{"line":157,"column":11},"end":{"line":157,"column":null}},"loc":{"start":{"line":157,"column":11},"end":{"line":162,"column":null}}},"15":{"name":"(anonymous_21)","decl":{"start":{"line":168,"column":13},"end":{"line":168,"column":14}},"loc":{"start":{"line":168,"column":35},"end":{"line":168,"column":null}}},"16":{"name":"addToRemoveQueue","decl":{"start":{"line":172,"column":9},"end":{"line":172,"column":26}},"loc":{"start":{"line":172,"column":41},"end":{"line":186,"column":null}}},"17":{"name":"(anonymous_23)","decl":{"start":{"line":177,"column":29},"end":{"line":177,"column":null}},"loc":{"start":{"line":177,"column":29},"end":{"line":183,"column":5}}}},"branchMap":{"0":{"loc":{"start":{"line":58,"column":2},"end":{"line":107,"column":null}},"type":"switch","locations":[{"start":{"line":59,"column":4},"end":{"line":63,"column":null}},{"start":{"line":65,"column":4},"end":{"line":69,"column":null}},{"start":{"line":71,"column":4},"end":{"line":95,"column":null}},{"start":{"line":96,"column":4},"end":{"line":106,"column":null}}]},"1":{"loc":{"start":{"line":68,"column":41},"end":{"line":68,"column":null}},"type":"cond-expr","locations":[{"start":{"line":68,"column":68},"end":{"line":68,"column":96}},{"start":{"line":68,"column":96},"end":{"line":68,"column":null}}]},"2":{"loc":{"start":{"line":76,"column":6},"end":{"line":82,"column":null}},"type":"if","locations":[{"start":{"line":76,"column":6},"end":{"line":82,"column":null}},{"start":{"line":78,"column":13},"end":{"line":82,"column":null}}]},"3":{"loc":{"start":{"line":87,"column":10},"end":{"line":92,"column":null}},"type":"cond-expr","locations":[{"start":{"line":88,"column":14},"end":{"line":91,"column":null}},{"start":{"line":92,"column":14},"end":{"line":92,"column":null}}]},"4":{"loc":{"start":{"line":87,"column":10},"end":{"line":87,"column":null}},"type":"binary-expr","locations":[{"start":{"line":87,"column":10},"end":{"line":87,"column":30}},{"start":{"line":87,"column":30},"end":{"line":87,"column":null}}]},"5":{"loc":{"start":{"line":97,"column":6},"end":{"line":102,"column":null}},"type":"if","locations":[{"start":{"line":97,"column":6},"end":{"line":102,"column":null}}]},"6":{"loc":{"start":{"line":140,"column":8},"end":{"line":140,"column":null}},"type":"if","locations":[{"start":{"line":140,"column":8},"end":{"line":140,"column":null}}]},"7":{"loc":{"start":{"line":159,"column":6},"end":{"line":161,"column":null}},"type":"if","locations":[{"start":{"line":159,"column":6},"end":{"line":161,"column":null}}]},"8":{"loc":{"start":{"line":173,"column":2},"end":{"line":175,"column":null}},"type":"if","locations":[{"start":{"line":173,"column":2},"end":{"line":175,"column":null}}]}},"s":{"0":0,"1":13,"2":2,"3":2,"4":2,"5":2,"6":2,"7":0,"8":0,"9":2,"10":2,"11":0,"12":0,"13":0,"14":0,"15":0,"16":0,"17":0,"18":0,"19":0,"20":0,"21":0,"22":0,"23":0,"24":0,"25":0,"26":2,"27":2,"28":0,"29":0,"30":0,"31":0,"32":0,"33":0,"34":0,"35":0,"36":0,"37":0,"38":0,"39":0,"40":13,"41":13,"42":12,"43":12,"44":12,"45":12,"46":12,"47":13,"48":0,"49":0,"50":0,"51":0,"52":0,"53":0,"54":0},"f":{"0":0,"1":0,"2":0,"3":0,"4":0,"5":0,"6":0,"7":0,"8":0,"9":0,"10":0,"11":0,"12":13,"13":12,"14":12,"15":0,"16":0,"17":0},"b":{"0":[0,0,0,0],"1":[0,0],"2":[0,0],"3":[0,0],"4":[0,0],"5":[0],"6":[0],"7":[12],"8":[0]}}
}
