TN:
SF:app\layout.tsx
FN:18,RootLayout
FNF:1
FNH:0
FNDA:0,RootLayout
DA:3,0
DA:5,0
DA:6,0
DA:7,0
DA:8,0
DA:10,0
DA:12,0
DA:18,0
LF:8
LH:0
BRF:0
BRH:0
end_of_record
TN:
SF:app\page.tsx
FN:8,Home
FN:65,(anonymous_3)
FNF:2
FNH:2
FNDA:5,Home
FNDA:20,(anonymous_3)
DA:3,1
DA:4,1
DA:5,1
DA:6,1
DA:8,5
DA:9,5
DA:66,20
LF:7
LH:7
BRF:0
BRH:0
end_of_record
TN:
SF:app\api\analytics\compare\route.ts
FN:3,GET
FN:9,(anonymous_2)
FNF:2
FNH:0
FNDA:0,GET
FNDA:0,(anonymous_2)
DA:1,0
DA:3,0
DA:5,0
DA:6,0
DA:9,0
DA:12,0
DA:22,0
LF:7
LH:0
BRDA:6,0,0,0
BRDA:6,0,1,0
BRF:2
BRH:0
end_of_record
TN:
SF:app\api\cameras\route.ts
FN:56,GET
FN:58,(anonymous_5)
FN:64,POST
FN:73,(anonymous_7)
FNF:4
FNH:0
FNDA:0,GET
FNDA:0,(anonymous_5)
FNDA:0,POST
FNDA:0,(anonymous_7)
DA:1,0
DA:4,0
DA:56,0
DA:58,0
DA:61,0
DA:64,0
DA:65,0
DA:68,0
DA:69,0
DA:73,0
DA:74,0
DA:78,0
DA:87,0
DA:89,0
LF:14
LH:0
BRDA:68,0,0,0
BRDA:68,1,0,0
BRDA:68,1,1,0
BRDA:68,1,2,0
BRDA:73,2,0,0
BRF:5
BRH:0
end_of_record
TN:
SF:app\api\cameras\[id]\route.ts
FN:4,GET
FN:8,(anonymous_6)
FN:17,DELETE
FN:21,(anonymous_8)
FN:34,PUT
FN:39,(anonymous_10)
FN:46,(anonymous_11)
FN:57,PATCH
FN:62,(anonymous_13)
FNF:9
FNH:0
FNDA:0,GET
FNDA:0,(anonymous_6)
FNDA:0,DELETE
FNDA:0,(anonymous_8)
FNDA:0,PUT
FNDA:0,(anonymous_10)
FNDA:0,(anonymous_11)
FNDA:0,PATCH
FNDA:0,(anonymous_13)
DA:1,0
DA:2,0
DA:4,0
DA:5,0
DA:8,0
DA:10,0
DA:11,0
DA:14,0
DA:17,0
DA:18,0
DA:21,0
DA:23,0
DA:24,0
DA:28,0
DA:31,0
DA:34,0
DA:35,0
DA:36,0
DA:39,0
DA:41,0
DA:42,0
DA:46,0
DA:49,0
DA:54,0
DA:57,0
DA:58,0
DA:59,0
DA:62,0
DA:64,0
DA:65,0
DA:69,0
DA:74,0
LF:32
LH:0
BRDA:10,0,0,0
BRDA:23,1,0,0
BRDA:41,2,0,0
BRDA:64,3,0,0
BRF:4
BRH:0
end_of_record
TN:
SF:app\api\cameras\[id]\roi\route.ts
FN:4,POST
FN:9,(anonymous_2)
FNF:2
FNH:0
FNDA:0,POST
FNDA:0,(anonymous_2)
DA:1,0
DA:2,0
DA:4,0
DA:5,0
DA:6,0
DA:9,0
DA:11,0
DA:12,0
DA:16,0
DA:23,0
DA:27,0
DA:28,0
DA:32,0
DA:38,0
LF:14
LH:0
BRDA:11,0,0,0
BRDA:16,1,0,0
BRDA:17,2,0,0
BRDA:17,2,1,0
BRDA:17,2,2,0
BRDA:17,2,3,0
BRDA:17,2,4,0
BRDA:27,3,0,0
BRDA:27,4,0,0
BRDA:27,4,1,0
BRDA:27,4,2,0
BRDA:35,5,0,0
BRDA:35,5,1,0
BRF:13
BRH:0
end_of_record
TN:
SF:app\api\cameras\[id]\roi\clear\route.ts
FN:4,POST
FN:8,(anonymous_2)
FNF:2
FNH:0
FNDA:0,POST
FNDA:0,(anonymous_2)
DA:1,0
DA:2,0
DA:4,0
DA:5,0
DA:8,0
DA:10,0
DA:11,0
DA:15,0
DA:18,0
DA:20,0
LF:10
LH:0
BRDA:10,0,0,0
BRF:1
BRH:0
end_of_record
TN:
SF:app\api\detection\start\route.ts
FN:4,POST
FN:7,(anonymous_2)
FNF:2
FNH:0
FNDA:0,POST
FNDA:0,(anonymous_2)
DA:1,0
DA:4,0
DA:5,0
DA:7,0
DA:10,0
DA:12,0
DA:17,0
DA:18,0
LF:8
LH:0
BRF:0
BRH:0
end_of_record
TN:
SF:app\api\detection\stop\route.ts
FN:4,POST
FN:7,(anonymous_2)
FNF:2
FNH:0
FNDA:0,POST
FNDA:0,(anonymous_2)
DA:1,0
DA:4,0
DA:5,0
DA:7,0
DA:10,0
DA:12,0
DA:17,0
DA:18,0
LF:8
LH:0
BRF:0
BRH:0
end_of_record
TN:
SF:app\api\detections\recent\route.ts
FN:87,GET
FN:94,(anonymous_2)
FN:101,(anonymous_3)
FN:106,(anonymous_4)
FN:110,(anonymous_5)
FNF:5
FNH:0
FNDA:0,GET
FNDA:0,(anonymous_2)
FNDA:0,(anonymous_3)
FNDA:0,(anonymous_4)
FNDA:0,(anonymous_5)
DA:1,0
DA:4,0
DA:87,0
DA:89,0
DA:90,0
DA:91,0
DA:94,0
DA:97,0
DA:99,0
DA:100,0
DA:101,0
DA:104,0
DA:105,0
DA:106,0
DA:110,0
DA:112,0
LF:16
LH:0
BRDA:99,0,0,0
BRDA:104,1,0,0
BRF:2
BRH:0
end_of_record
TN:
SF:app\api\events\route.ts
FN:63,GET
FN:71,(anonymous_2)
FN:78,(anonymous_3)
FN:83,(anonymous_4)
FN:87,(anonymous_5)
FN:91,(anonymous_6)
FNF:6
FNH:0
FNDA:0,GET
FNDA:0,(anonymous_2)
FNDA:0,(anonymous_3)
FNDA:0,(anonymous_4)
FNDA:0,(anonymous_5)
FNDA:0,(anonymous_6)
DA:1,0
DA:4,0
DA:63,0
DA:65,0
DA:66,0
DA:67,0
DA:68,0
DA:71,0
DA:74,0
DA:76,0
DA:77,0
DA:78,0
DA:81,0
DA:82,0
DA:83,0
DA:86,0
DA:87,0
DA:91,0
DA:93,0
LF:19
LH:0
BRDA:76,0,0,0
BRDA:81,1,0,0
BRDA:86,2,0,0
BRF:3
BRH:0
end_of_record
TN:
SF:app\api\metrics\route.ts
FN:3,GET
FN:9,(anonymous_2)
FNF:2
FNH:0
FNDA:0,GET
FNDA:0,(anonymous_2)
DA:1,0
DA:3,0
DA:5,0
DA:6,0
DA:9,0
DA:12,0
DA:50,0
LF:7
LH:0
BRDA:6,0,0,0
BRDA:6,0,1,0
BRF:2
BRH:0
end_of_record
TN:
SF:app\api\metrics\daily\route.ts
FN:3,GET
FN:9,(anonymous_2)
FNF:2
FNH:0
FNDA:0,GET
FNDA:0,(anonymous_2)
DA:1,0
DA:3,0
DA:5,0
DA:6,0
DA:9,0
DA:12,0
DA:14,0
DA:15,0
DA:17,0
DA:18,0
DA:19,0
DA:22,0
DA:25,0
DA:27,0
DA:33,0
LF:15
LH:0
BRDA:6,0,0,0
BRDA:6,0,1,0
BRDA:12,1,0,0
BRDA:12,1,1,0
BRDA:12,2,0,0
BRDA:12,2,1,0
BRDA:12,3,0,0
BRDA:12,3,1,0
BRF:8
BRH:0
end_of_record
TN:
SF:app\api\metrics\summary\route.ts
FN:3,GET
FN:9,(anonymous_2)
FNF:2
FNH:0
FNDA:0,GET
FNDA:0,(anonymous_2)
DA:1,0
DA:3,0
DA:5,0
DA:6,0
DA:9,0
DA:12,0
DA:20,0
LF:7
LH:0
BRDA:6,0,0,0
BRDA:6,0,1,0
BRF:2
BRH:0
end_of_record
TN:
SF:app\api\snapshot\[path]\route.ts
FN:3,GET
FN:11,(anonymous_2)
FNF:2
FNH:0
FNDA:0,GET
FNDA:0,(anonymous_2)
DA:1,0
DA:3,0
DA:4,0
DA:11,0
DA:13,0
LF:5
LH:0
BRF:0
BRH:0
end_of_record
TN:
SF:app\api\status\route.ts
FN:3,GET
FN:9,(anonymous_2)
FNF:2
FNH:0
FNDA:0,GET
FNDA:0,(anonymous_2)
DA:1,0
DA:3,0
DA:5,0
DA:6,0
DA:9,0
DA:15,0
DA:17,0
DA:22,0
DA:23,0
DA:24,0
DA:25,0
DA:28,0
LF:12
LH:0
BRDA:22,0,0,0
BRDA:25,1,0,0
BRDA:25,1,1,0
BRF:3
BRH:0
end_of_record
TN:
SF:app\cameras\page.tsx
FN:26,CamerasPage
FN:33,(anonymous_3)
FN:123,(anonymous_4)
FN:127,(anonymous_5)
FN:146,(anonymous_6)
FN:149,(anonymous_7)
FN:191,(anonymous_8)
FNF:7
FNH:5
FNDA:10,CamerasPage
FNDA:5,(anonymous_3)
FNDA:5,(anonymous_4)
FNDA:1,(anonymous_5)
FNDA:0,(anonymous_6)
FNDA:0,(anonymous_7)
FNDA:9,(anonymous_8)
DA:3,1
DA:4,1
DA:5,1
DA:6,1
DA:7,1
DA:8,1
DA:9,1
DA:26,5
DA:27,10
DA:28,10
DA:29,10
DA:30,10
DA:33,10
DA:34,5
DA:35,5
DA:38,5
DA:39,5
DA:42,3
DA:43,3
DA:44,3
DA:45,3
DA:48,1
DA:53,1
DA:54,1
DA:106,1
DA:107,1
DA:109,0
DA:110,0
DA:111,0
DA:112,0
DA:119,4
DA:123,10
DA:124,5
DA:127,10
DA:128,1
DA:129,1
DA:130,1
DA:131,1
DA:137,0
DA:146,10
DA:147,0
DA:148,0
DA:149,0
DA:150,0
DA:156,0
DA:192,9
LF:46
LH:36
BRDA:42,0,0,3
BRDA:176,1,0,5
BRDA:176,1,1,5
BRDA:180,2,0,0
BRDA:180,2,1,5
BRDA:184,3,0,1
BRDA:184,3,1,4
BRDA:184,4,0,5
BRDA:184,4,1,5
BRDA:184,4,2,5
BRDA:184,4,3,5
BRDA:188,5,0,4
BRDA:188,5,1,0
BRDA:188,6,0,4
BRDA:188,6,1,4
BRDA:188,6,2,4
BRF:16
BRH:14
end_of_record
TN:
SF:app\cameras\[id]\page.tsx
FN:32,CameraDetailsPage
FN:46,(anonymous_3)
FN:128,(anonymous_4)
FN:158,(anonymous_5)
FN:164,(anonymous_6)
FN:214,(anonymous_7)
FN:336,(anonymous_8)
FNF:7
FNH:6
FNDA:20,CameraDetailsPage
FNDA:8,(anonymous_3)
FNDA:1,(anonymous_4)
FNDA:8,(anonymous_5)
FNDA:1,(anonymous_6)
FNDA:1,(anonymous_7)
FNDA:0,(anonymous_8)
DA:3,1
DA:4,1
DA:5,1
DA:6,1
DA:7,1
DA:8,1
DA:9,1
DA:10,1
DA:11,1
DA:12,1
DA:13,1
DA:32,8
DA:33,20
DA:34,20
DA:35,20
DA:36,20
DA:38,20
DA:39,19
DA:40,19
DA:41,19
DA:42,19
DA:43,19
DA:46,19
DA:47,8
DA:48,8
DA:51,8
DA:52,8
DA:55,7
DA:56,7
DA:59,7
DA:60,7
DA:62,7
DA:63,7
DA:66,7
DA:67,7
DA:70,1
DA:75,1
DA:76,1
DA:128,1
DA:130,1
DA:131,1
DA:133,1
DA:134,1
DA:136,1
DA:137,1
DA:140,1
DA:142,0
DA:145,0
DA:146,0
DA:147,0
DA:154,8
DA:158,19
DA:159,8
DA:160,8
DA:164,19
DA:165,1
DA:166,0
DA:172,0
DA:175,1
DA:176,1
DA:178,1
DA:179,1
DA:184,0
DA:188,1
DA:195,1
DA:196,1
DA:203,0
DA:210,1
DA:214,19
DA:215,1
DA:216,1
DA:218,1
DA:219,1
DA:221,0
DA:225,1
DA:227,1
DA:234,1
DA:235,1
DA:236,1
DA:237,1
DA:240,0
DA:247,1
DA:251,19
DA:261,11
DA:336,0
LF:85
LH:74
BRDA:55,0,0,7
BRDA:55,1,0,7
BRDA:55,1,1,7
BRDA:55,1,2,7
BRDA:59,2,0,7
BRDA:62,3,0,7
BRDA:130,4,0,1
BRDA:130,4,1,0
BRDA:133,5,0,1
BRDA:136,6,0,1
BRDA:159,7,0,8
BRDA:165,8,0,0
BRDA:195,9,0,1
BRDA:234,10,0,1
BRDA:251,11,0,8
BRDA:261,12,0,0
BRDA:261,13,0,11
BRDA:261,13,1,11
BRDA:269,14,0,0
BRDA:269,14,1,0
BRDA:297,15,0,11
BRDA:297,15,1,0
BRDA:298,16,0,11
BRDA:298,16,1,0
BRDA:305,17,0,10
BRDA:316,18,0,11
BRDA:316,18,1,0
BRDA:319,19,0,11
BRDA:319,19,1,0
BRDA:320,20,0,11
BRDA:320,20,1,0
BRDA:351,21,0,11
BRDA:351,21,1,9
BRDA:352,22,0,2
BRDA:359,23,0,11
BRDA:359,23,1,9
BRF:36
BRH:26
end_of_record
TN:
SF:app\dashboard\page.tsx
FN:14,DashboardPage
FNF:1
FNH:1
FNDA:7,DashboardPage
DA:3,1
DA:4,1
DA:5,1
DA:6,1
DA:7,1
DA:8,1
DA:9,1
DA:10,1
DA:11,1
DA:12,1
DA:14,5
DA:15,7
LF:12
LH:12
BRF:0
BRH:0
end_of_record
TN:
SF:app\events\loading.tsx
FN:1,Loading
FNF:1
FNH:0
FNDA:0,Loading
DA:1,0
DA:2,0
LF:2
LH:0
BRF:0
BRH:0
end_of_record
TN:
SF:app\events\page.tsx
FN:17,EventsPage
FN:34,(anonymous_3)
FN:39,(anonymous_4)
FN:52,(anonymous_5)
FN:118,(anonymous_6)
FN:197,(anonymous_7)
FN:201,(anonymous_8)
FN:206,(anonymous_9)
FN:216,(anonymous_10)
FNF:9
FNH:6
FNDA:16,EventsPage
FNDA:7,(anonymous_3)
FNDA:8,(anonymous_4)
FNDA:0,(anonymous_5)
FNDA:7,(anonymous_6)
FNDA:0,(anonymous_7)
FNDA:1,(anonymous_8)
FNDA:0,(anonymous_9)
FNDA:2,(anonymous_10)
DA:3,1
DA:4,1
DA:5,1
DA:6,1
DA:7,1
DA:8,1
DA:9,1
DA:10,1
DA:11,1
DA:12,1
DA:13,1
DA:14,1
DA:15,1
DA:17,7
DA:18,16
DA:19,16
DA:21,16
DA:22,15
DA:23,15
DA:24,15
DA:31,15
DA:32,15
DA:34,15
DA:35,7
DA:36,7
DA:39,15
DA:40,8
DA:41,8
DA:44,8
DA:45,8
DA:46,0
DA:48,8
DA:49,0
DA:51,8
DA:52,0
DA:53,0
DA:57,8
DA:58,8
DA:59,8
DA:60,8
DA:61,8
DA:64,0
DA:68,0
DA:105,0
DA:107,0
DA:108,0
DA:114,8
DA:118,15
DA:119,7
DA:120,7
DA:123,7
DA:124,7
DA:125,0
DA:127,7
DA:128,0
DA:131,7
DA:132,7
DA:133,7
DA:134,7
DA:135,7
DA:138,0
DA:142,0
DA:184,0
DA:186,0
DA:187,0
DA:193,7
DA:197,15
DA:198,0
DA:201,15
DA:202,1
DA:203,1
DA:206,15
DA:207,0
DA:208,0
DA:216,2
LF:75
LH:56
BRDA:45,0,0,0
BRDA:48,1,0,0
BRDA:51,2,0,0
BRDA:59,3,0,8
BRDA:124,4,0,0
BRDA:127,5,0,0
BRDA:133,6,0,7
BRDA:225,7,0,15
BRDA:252,8,0,8
BRDA:256,9,0,8
BRDA:260,10,0,8
BRF:11
BRH:6
end_of_record
TN:
SF:app\live\loading.tsx
FN:1,Loading
FNF:1
FNH:0
FNDA:0,Loading
DA:1,0
DA:2,0
LF:2
LH:0
BRF:0
BRH:0
end_of_record
TN:
SF:app\live\page.tsx
FN:38,LivePage
FN:57,(anonymous_3)
FN:63,(anonymous_4)
FN:71,(anonymous_5)
FN:83,(anonymous_6)
FN:148,(anonymous_7)
FN:154,(anonymous_8)
FN:184,(anonymous_9)
FN:188,(anonymous_10)
FN:195,(anonymous_11)
FN:199,(anonymous_12)
FN:211,(anonymous_13)
FN:231,(anonymous_14)
FN:243,(anonymous_15)
FN:250,(anonymous_16)
FNF:15
FNH:9
FNDA:20,LivePage
FNDA:7,(anonymous_3)
FNDA:7,(anonymous_4)
FNDA:7,(anonymous_5)
FNDA:7,(anonymous_6)
FNDA:14,(anonymous_7)
FNDA:14,(anonymous_8)
FNDA:0,(anonymous_9)
FNDA:0,(anonymous_10)
FNDA:0,(anonymous_11)
FNDA:0,(anonymous_12)
FNDA:0,(anonymous_13)
FNDA:5,(anonymous_14)
FNDA:9,(anonymous_15)
FNDA:0,(anonymous_16)
DA:3,1
DA:4,1
DA:5,1
DA:6,1
DA:7,1
DA:8,1
DA:9,1
DA:10,1
DA:11,1
DA:12,1
DA:13,1
DA:14,1
DA:15,1
DA:16,1
DA:17,1
DA:18,1
DA:19,1
DA:20,1
DA:38,7
DA:39,20
DA:40,20
DA:41,20
DA:43,20
DA:44,19
DA:45,19
DA:46,19
DA:50,19
DA:51,19
DA:52,19
DA:53,19
DA:55,19
DA:57,19
DA:58,7
DA:61,7
DA:63,7
DA:65,7
DA:66,7
DA:71,19
DA:73,7
DA:74,7
DA:76,7
DA:80,7
DA:83,19
DA:84,7
DA:85,7
DA:87,7
DA:88,7
DA:89,7
DA:90,7
DA:91,7
DA:94,0
DA:98,0
DA:135,0
DA:137,0
DA:138,0
DA:144,7
DA:148,19
DA:151,14
DA:154,19
DA:155,14
DA:156,14
DA:157,14
DA:158,14
DA:159,14
DA:160,14
DA:163,0
DA:167,0
DA:172,0
DA:173,0
DA:174,0
DA:175,0
DA:178,0
DA:180,0
DA:184,19
DA:185,0
DA:188,19
DA:189,0
DA:190,0
DA:195,0
DA:197,0
DA:199,0
DA:202,0
DA:203,0
DA:211,19
DA:212,0
DA:213,0
DA:214,0
DA:217,0
DA:218,0
DA:227,0
DA:231,19
DA:244,9
DA:250,0
LF:93
LH:65
BRDA:41,0,0,20
BRDA:41,0,1,0
BRDA:65,1,0,7
BRDA:73,2,0,7
BRDA:89,3,0,7
BRDA:158,4,0,14
BRDA:158,5,0,14
BRDA:158,5,1,14
BRDA:172,6,0,0
BRDA:175,7,0,0
BRDA:175,7,1,0
BRDA:195,8,0,0
BRDA:195,8,1,0
BRDA:198,9,0,0
BRDA:198,9,1,0
BRDA:199,10,0,0
BRDA:199,10,1,0
BRDA:217,11,0,0
BRDA:217,12,0,0
BRDA:217,12,1,0
BRDA:245,13,0,9
BRDA:245,13,1,4
BRDA:265,14,0,14
BRDA:265,14,1,5
BRDA:275,15,0,0
BRDA:275,15,1,5
BRDA:300,16,0,5
BRDA:323,17,0,5
BRDA:345,18,0,19
BRDA:402,19,0,19
BRDA:412,20,0,0
BRDA:412,20,1,0
BRDA:413,21,0,0
BRDA:413,21,1,0
BRDA:419,22,0,0
BRF:35
BRH:16
end_of_record
TN:
SF:components\detection-toggle.tsx
FN:16,DetectionToggle
FN:21,(anonymous_5)
FN:104,CameraDetectionToggle
FN:115,(anonymous_7)
FNF:4
FNH:4
FNDA:11,DetectionToggle
FNDA:3,(anonymous_5)
FNDA:26,CameraDetectionToggle
FNDA:3,(anonymous_7)
DA:3,3
DA:4,3
DA:5,3
DA:6,3
DA:7,3
DA:8,3
DA:16,5
DA:17,11
DA:18,11
DA:19,11
DA:21,11
DA:22,3
DA:23,3
DA:24,3
DA:26,3
DA:29,2
DA:32,2
DA:38,1
DA:41,1
DA:48,3
DA:104,20
DA:111,26
DA:112,26
DA:113,26
DA:115,26
DA:116,3
DA:117,3
DA:119,3
DA:124,2
DA:127,2
DA:133,1
DA:136,1
DA:143,3
LF:33
LH:33
BRDA:16,0,0,7
BRDA:16,1,0,11
BRDA:16,2,0,11
BRDA:24,3,0,1
BRDA:24,3,1,2
BRDA:33,4,0,1
BRDA:33,4,1,1
BRDA:34,5,0,1
BRDA:34,5,1,1
BRDA:43,6,0,0
BRDA:43,6,1,1
BRDA:64,7,0,3
BRDA:81,8,0,3
BRDA:91,9,0,11
BRDA:106,10,0,8
BRDA:128,11,0,1
BRDA:128,11,1,1
BRDA:129,12,0,1
BRDA:129,12,1,1
BRDA:138,13,0,0
BRDA:138,13,1,1
BRDA:155,14,0,15
BRDA:155,14,1,11
BRDA:159,15,0,3
BRDA:168,16,0,14
BRDA:172,17,0,15
BRDA:172,17,1,11
BRDA:173,18,0,26
BRF:28
BRH:26
end_of_record
TN:
SF:components\navbar.tsx
FN:21,Navbar
FN:27,(anonymous_3)
FN:28,(anonymous_4)
FN:33,(anonymous_5)
FN:37,(anonymous_6)
FN:64,(anonymous_7)
FN:95,(anonymous_8)
FN:115,(anonymous_9)
FNF:8
FNH:7
FNDA:7,Navbar
FNDA:5,(anonymous_3)
FNDA:0,(anonymous_4)
FNDA:5,(anonymous_5)
FNDA:5,(anonymous_6)
FNDA:35,(anonymous_7)
FNDA:1,(anonymous_8)
FNDA:10,(anonymous_9)
DA:3,1
DA:4,1
DA:5,1
DA:6,1
DA:7,1
DA:8,1
DA:9,1
DA:10,1
DA:11,1
DA:13,1
DA:21,5
DA:22,7
DA:23,7
DA:24,7
DA:27,7
DA:28,5
DA:29,0
DA:32,5
DA:33,5
DA:37,7
DA:38,5
DA:65,35
DA:66,35
DA:68,35
DA:95,1
DA:116,10
DA:117,10
DA:119,10
LF:28
LH:27
BRDA:45,0,0,0
BRDA:45,0,1,7
BRDA:74,1,0,7
BRDA:74,1,1,28
BRDA:97,2,0,2
BRDA:106,3,0,7
BRDA:125,4,0,2
BRDA:125,4,1,8
BRF:8
BRH:7
end_of_record
TN:
SF:components\theme-provider.tsx
FN:5,ThemeProvider
FNF:1
FNH:0
FNDA:0,ThemeProvider
DA:2,0
DA:5,0
LF:2
LH:0
BRF:0
BRH:0
end_of_record
TN:
SF:components\theme-toggle.tsx
FN:8,ThemeToggle
FN:13,(anonymous_2)
FN:30,(anonymous_3)
FNF:3
FNH:2
FNDA:11,ThemeToggle
FNDA:5,(anonymous_2)
FNDA:0,(anonymous_3)
DA:3,2
DA:4,2
DA:5,2
DA:6,2
DA:8,11
DA:9,11
DA:10,11
DA:13,11
DA:14,5
DA:17,11
DA:30,6
DA:31,0
DA:32,0
LF:13
LH:11
BRDA:17,0,0,5
BRDA:31,1,0,0
BRDA:31,1,1,0
BRDA:32,2,0,0
BRDA:32,2,1,0
BRDA:41,3,0,0
BRDA:41,3,1,6
BRF:7
BRH:2
end_of_record
TN:
SF:components\cameras\add-camera-form.tsx
FN:23,AddCameraForm
FN:35,(anonymous_5)
FNF:2
FNH:2
FNDA:25,AddCameraForm
FNDA:3,(anonymous_5)
DA:3,2
DA:4,2
DA:5,2
DA:6,2
DA:7,2
DA:8,2
DA:9,2
DA:11,2
DA:23,14
DA:24,25
DA:26,25
DA:35,25
DA:36,3
DA:37,3
DA:38,3
DA:39,2
DA:41,2
LF:17
LH:17
BRDA:93,0,0,0
BRDA:93,0,1,25
BRF:2
BRH:1
end_of_record
TN:
SF:components\cameras\camera-card.tsx
FN:33,CameraCard
FN:36,(anonymous_3)
FN:100,(anonymous_4)
FNF:3
FNH:1
FNDA:15,CameraCard
FNDA:0,(anonymous_3)
FNDA:0,(anonymous_4)
DA:3,2
DA:4,2
DA:5,2
DA:6,2
DA:17,2
DA:18,2
DA:19,2
DA:20,2
DA:33,15
DA:34,15
DA:36,15
DA:37,0
DA:100,0
LF:13
LH:11
BRDA:48,0,0,12
BRDA:48,0,1,3
BRDA:55,1,0,12
BRDA:55,1,1,3
BRDA:59,2,0,12
BRDA:59,2,1,3
BRF:6
BRH:6
end_of_record
TN:
SF:components\cameras\detection-toggle.tsx
FN:17,DetectionToggle
FN:22,(anonymous_5)
FN:123,CameraDetectionToggle
FN:134,(anonymous_7)
FNF:4
FNH:2
FNDA:7,DetectionToggle
FNDA:0,(anonymous_5)
FNDA:11,CameraDetectionToggle
FNDA:0,(anonymous_7)
DA:3,2
DA:4,2
DA:5,2
DA:6,2
DA:7,2
DA:8,2
DA:9,2
DA:17,9
DA:18,7
DA:19,7
DA:20,7
DA:22,7
DA:23,0
DA:24,0
DA:25,0
DA:27,0
DA:30,0
DA:33,0
DA:39,0
DA:42,0
DA:49,0
DA:123,11
DA:130,11
DA:131,11
DA:132,11
DA:134,11
DA:135,0
DA:136,0
DA:138,0
DA:143,0
DA:146,0
DA:152,0
DA:155,0
DA:162,0
LF:34
LH:17
BRDA:17,0,0,7
BRDA:17,1,0,7
BRDA:17,2,0,7
BRDA:25,3,0,0
BRDA:25,3,1,0
BRDA:34,4,0,0
BRDA:34,4,1,0
BRDA:35,5,0,0
BRDA:35,5,1,0
BRDA:44,6,0,0
BRDA:44,6,1,0
BRDA:65,7,0,0
BRDA:82,8,0,0
BRDA:92,9,0,7
BRDA:125,10,0,0
BRDA:147,11,0,0
BRDA:147,11,1,0
BRDA:148,12,0,0
BRDA:148,12,1,0
BRDA:157,13,0,0
BRDA:157,13,1,0
BRDA:174,14,0,11
BRDA:174,14,1,0
BRDA:178,15,0,0
BRDA:187,16,0,11
BRDA:191,17,0,11
BRDA:191,17,1,0
BRDA:192,18,0,11
BRF:28
BRH:8
end_of_record
TN:
SF:components\cameras\roi-selector.tsx
FN:21,ROISelector
FN:33,(anonymous_2)
FN:39,(anonymous_3)
FN:50,(anonymous_4)
FN:56,(anonymous_5)
FN:69,(anonymous_6)
FN:131,(anonymous_7)
FN:144,(anonymous_8)
FN:168,(anonymous_9)
FNF:9
FNH:5
FNDA:18,ROISelector
FNDA:7,(anonymous_2)
FNDA:7,(anonymous_3)
FNDA:7,(anonymous_4)
FNDA:14,(anonymous_5)
FNDA:0,(anonymous_6)
FNDA:0,(anonymous_7)
FNDA:0,(anonymous_8)
FNDA:0,(anonymous_9)
DA:5,1
DA:6,1
DA:21,11
DA:22,18
DA:23,18
DA:24,18
DA:25,18
DA:26,18
DA:27,18
DA:30,18
DA:33,18
DA:34,7
DA:35,7
DA:36,7
DA:39,7
DA:40,7
DA:41,7
DA:42,7
DA:43,7
DA:44,7
DA:47,7
DA:48,7
DA:50,7
DA:51,7
DA:56,18
DA:57,14
DA:58,14
DA:60,14
DA:61,14
DA:64,14
DA:67,14
DA:68,14
DA:69,14
DA:70,0
DA:73,0
DA:74,0
DA:75,0
DA:78,0
DA:79,0
DA:80,0
DA:83,0
DA:84,0
DA:85,0
DA:88,0
DA:89,0
DA:90,0
DA:91,0
DA:94,0
DA:95,0
DA:101,0
DA:102,0
DA:105,0
DA:106,0
DA:112,0
DA:113,0
DA:116,0
DA:117,0
DA:123,0
DA:124,0
DA:127,14
DA:131,18
DA:132,0
DA:133,0
DA:135,0
DA:136,0
DA:137,0
DA:139,0
DA:140,0
DA:141,0
DA:144,18
DA:145,0
DA:147,0
DA:148,0
DA:150,0
DA:151,0
DA:152,0
DA:154,0
DA:155,0
DA:158,0
DA:165,0
DA:168,18
DA:169,0
DA:171,0
DA:172,0
LF:84
LH:37
BRDA:26,0,0,18
BRDA:26,0,1,1
BRDA:36,1,0,0
BRDA:36,2,0,7
BRDA:36,2,1,7
BRDA:58,3,0,0
BRDA:61,4,0,0
BRDA:73,5,0,0
BRDA:133,6,0,0
BRDA:145,7,0,0
BRDA:148,8,0,0
BRDA:159,9,0,0
BRDA:159,9,1,0
BRDA:160,10,0,0
BRDA:160,10,1,0
BRDA:171,11,0,0
BRDA:171,12,0,0
BRDA:171,12,1,0
BRDA:171,12,2,0
BRF:19
BRH:4
end_of_record
TN:
SF:components\dashboard\camera-comparison.tsx
FN:22,CameraComparison
FN:27,(anonymous_3)
FN:28,(anonymous_4)
FN:65,(anonymous_5)
FN:66,(anonymous_6)
FN:110,(anonymous_7)
FNF:6
FNH:3
FNDA:7,CameraComparison
FNDA:6,(anonymous_3)
FNDA:6,(anonymous_4)
FNDA:0,(anonymous_5)
FNDA:0,(anonymous_6)
FNDA:0,(anonymous_7)
DA:3,1
DA:4,1
DA:5,1
DA:6,1
DA:7,1
DA:8,1
DA:22,6
DA:23,7
DA:24,7
DA:25,7
DA:27,7
DA:28,6
DA:29,6
DA:30,6
DA:32,6
DA:33,6
DA:34,6
DA:35,0
DA:36,0
DA:39,0
DA:43,6
DA:50,6
DA:52,6
DA:56,6
DA:59,7
DA:64,0
DA:65,0
DA:66,0
DA:110,0
LF:29
LH:22
BRDA:34,0,0,0
BRDA:34,1,0,6
BRDA:34,1,1,6
BRDA:34,1,2,0
BRDA:59,2,0,7
BRDA:64,3,0,0
BRDA:64,3,1,0
BRDA:113,4,0,0
BRF:8
BRH:3
end_of_record
TN:
SF:components\dashboard\daily-metrics.tsx
FN:14,DailyMetrics
FN:18,(anonymous_3)
FN:19,(anonymous_4)
FN:79,(anonymous_5)
FN:93,(anonymous_6)
FN:94,(anonymous_7)
FNF:6
FNH:3
FNDA:7,DailyMetrics
FNDA:6,(anonymous_3)
FNDA:6,(anonymous_4)
FNDA:0,(anonymous_5)
FNDA:0,(anonymous_6)
FNDA:0,(anonymous_7)
DA:3,1
DA:4,1
DA:5,1
DA:6,1
DA:7,1
DA:14,6
DA:15,7
DA:16,7
DA:18,7
DA:19,6
DA:20,6
DA:21,6
DA:23,6
DA:24,6
DA:25,6
DA:26,6
DA:27,6
DA:30,0
DA:34,0
DA:43,0
DA:45,6
DA:49,6
DA:52,7
DA:80,0
DA:81,0
DA:93,0
DA:95,0
DA:96,0
LF:28
LH:20
BRDA:25,0,0,6
BRDA:25,1,0,6
BRDA:25,1,1,6
BRDA:52,2,0,7
BRF:4
BRH:4
end_of_record
TN:
SF:components\dashboard\direction-metrics.tsx
FN:18,DirectionMetrics
FN:22,(anonymous_3)
FN:23,(anonymous_4)
FN:82,(anonymous_5)
FN:93,(anonymous_6)
FNF:5
FNH:3
FNDA:7,DirectionMetrics
FNDA:6,(anonymous_3)
FNDA:6,(anonymous_4)
FNDA:0,(anonymous_5)
FNDA:0,(anonymous_6)
DA:3,1
DA:4,1
DA:5,1
DA:6,1
DA:7,1
DA:8,1
DA:18,6
DA:19,7
DA:20,7
DA:22,7
DA:23,6
DA:24,6
DA:25,6
DA:27,6
DA:28,6
DA:29,6
DA:30,0
DA:31,0
DA:34,0
DA:38,6
DA:45,6
DA:47,6
DA:51,6
DA:54,7
DA:64,0
DA:69,0
DA:83,0
DA:93,0
LF:28
LH:21
BRDA:29,0,0,0
BRDA:29,1,0,6
BRDA:29,1,1,6
BRDA:29,1,2,6
BRDA:54,2,0,7
BRDA:54,3,0,7
BRDA:54,3,1,0
BRF:7
BRH:5
end_of_record
TN:
SF:components\dashboard\footfall-metrics.tsx
FN:19,FootfallMetrics
FN:23,(anonymous_3)
FN:24,(anonymous_4)
FN:88,(anonymous_5)
FN:89,(anonymous_6)
FNF:5
FNH:3
FNDA:14,FootfallMetrics
FNDA:10,(anonymous_3)
FNDA:10,(anonymous_4)
FNDA:0,(anonymous_5)
FNDA:0,(anonymous_6)
DA:3,2
DA:4,2
DA:5,2
DA:6,2
DA:7,2
DA:8,2
DA:19,10
DA:20,14
DA:21,14
DA:23,14
DA:24,10
DA:25,10
DA:26,10
DA:28,10
DA:29,10
DA:30,8
DA:31,8
DA:32,8
DA:35,1
DA:39,1
DA:51,1
DA:53,9
DA:57,10
DA:60,14
DA:88,0
DA:89,0
LF:26
LH:24
BRDA:30,0,0,8
BRDA:30,1,0,8
BRDA:30,1,1,8
BRDA:60,2,0,11
BRDA:60,3,0,14
BRDA:60,3,1,3
BRF:6
BRH:6
end_of_record
TN:
SF:components\dashboard\hourly-metrics.tsx
FN:14,HourlyMetrics
FN:18,(anonymous_3)
FN:19,(anonymous_4)
FN:96,(anonymous_5)
FN:107,(anonymous_6)
FN:108,(anonymous_7)
FNF:6
FNH:3
FNDA:7,HourlyMetrics
FNDA:6,(anonymous_3)
FNDA:6,(anonymous_4)
FNDA:0,(anonymous_5)
FNDA:0,(anonymous_6)
FNDA:0,(anonymous_7)
DA:3,1
DA:4,1
DA:5,1
DA:6,1
DA:7,1
DA:14,6
DA:15,7
DA:16,7
DA:18,7
DA:19,6
DA:20,6
DA:21,6
DA:23,6
DA:24,6
DA:25,6
DA:26,0
DA:27,0
DA:30,0
DA:34,6
DA:60,6
DA:62,6
DA:66,6
DA:69,7
DA:96,0
DA:107,0
DA:108,0
LF:26
LH:20
BRDA:25,0,0,0
BRDA:25,1,0,6
BRDA:25,1,1,6
BRDA:25,1,2,0
BRDA:69,2,0,7
BRF:5
BRH:3
end_of_record
TN:
SF:components\dashboard\metrics-card.tsx
FN:20,MetricsCard
FNF:1
FNH:1
FNDA:25,MetricsCard
DA:4,2
DA:5,2
DA:6,2
DA:20,28
LF:4
LH:4
BRDA:36,0,0,25
BRDA:43,1,0,3
BRDA:43,1,1,0
BRDA:47,2,0,3
BRDA:47,2,1,0
BRDA:54,3,0,25
BRDA:66,4,0,25
BRF:7
BRH:5
end_of_record
TN:
SF:components\dashboard\summary-metrics.tsx
FN:17,SummaryMetrics
FN:21,(anonymous_3)
FN:22,(anonymous_4)
FNF:3
FNH:3
FNDA:7,SummaryMetrics
FNDA:6,(anonymous_3)
FNDA:6,(anonymous_4)
DA:3,1
DA:4,1
DA:5,1
DA:6,1
DA:7,1
DA:17,6
DA:18,7
DA:19,7
DA:21,7
DA:22,6
DA:23,6
DA:24,6
DA:26,6
DA:27,6
DA:28,6
DA:29,6
DA:30,6
DA:33,0
DA:37,0
DA:44,0
DA:46,6
DA:50,6
DA:53,7
LF:23
LH:20
BRDA:28,0,0,6
BRDA:28,1,0,6
BRDA:28,1,1,6
BRDA:53,2,0,7
BRDA:53,3,0,7
BRDA:53,3,1,0
BRF:6
BRH:5
end_of_record
TN:
SF:components\dashboard\time-range-selector.tsx
FN:10,TimeRangeSelector
FNF:1
FNH:1
FNDA:6,TimeRangeSelector
DA:3,1
DA:10,6
LF:2
LH:2
BRF:0
BRH:0
end_of_record
TN:
SF:components\events\date-range-picker.tsx
FN:16,DateRangePicker
FNF:1
FNH:1
FNDA:15,DateRangePicker
DA:2,1
DA:3,1
DA:5,1
DA:6,1
DA:7,1
DA:8,1
DA:16,15
LF:7
LH:7
BRDA:24,0,0,15
BRDA:24,0,1,15
BRDA:28,1,0,0
BRDA:28,2,0,0
BRDA:28,2,1,0
BRF:5
BRH:2
end_of_record
TN:
SF:components\events\event-type-filter.tsx
FN:16,EventTypeFilter
FN:17,(anonymous_2)
FN:19,(anonymous_3)
FN:29,(anonymous_4)
FN:34,(anonymous_5)
FNF:5
FNH:4
FNDA:3,EventTypeFilter
FNDA:1,(anonymous_2)
FNDA:0,(anonymous_3)
FNDA:12,(anonymous_4)
FNDA:1,(anonymous_5)
DA:2,1
DA:9,1
DA:16,3
DA:17,3
DA:18,1
DA:19,0
DA:21,1
DA:30,12
DA:34,1
LF:9
LH:8
BRDA:18,0,0,0
BRDA:18,0,1,1
BRDA:32,1,0,1
BRDA:32,1,1,11
BRF:4
BRH:3
end_of_record
TN:
SF:components\events\events-list.tsx
FN:17,EventsList
FN:28,(anonymous_3)
FN:46,(anonymous_4)
FN:61,(anonymous_5)
FN:69,(anonymous_6)
FN:80,(anonymous_7)
FN:93,(anonymous_8)
FNF:7
FNH:5
FNDA:7,EventsList
FNDA:21,(anonymous_3)
FNDA:21,(anonymous_4)
FNDA:21,(anonymous_5)
FNDA:0,(anonymous_6)
FNDA:21,(anonymous_7)
FNDA:0,(anonymous_8)
DA:3,1
DA:4,1
DA:5,1
DA:6,1
DA:7,1
DA:8,1
DA:9,1
DA:10,1
DA:17,21
DA:18,7
DA:20,7
DA:28,7
DA:29,21
DA:34,14
DA:46,7
DA:47,21
DA:49,14
DA:51,7
DA:53,0
DA:55,7
DA:57,0
DA:61,7
DA:62,21
DA:63,21
DA:65,0
DA:69,7
DA:70,0
DA:71,0
DA:73,0
DA:81,21
DA:93,0
LF:31
LH:24
BRDA:20,0,0,0
BRDA:29,1,0,7
BRDA:47,2,0,7
BRDA:49,3,0,7
BRDA:49,3,1,0
BRDA:49,3,2,7
BRDA:49,3,3,0
BRDA:70,4,0,0
BRDA:70,4,1,0
BRDA:91,5,0,0
BRDA:91,5,1,21
BRDA:101,6,0,7
BRDA:101,6,1,14
BRDA:103,7,0,14
BRDA:103,7,1,0
BRDA:106,8,0,7
BRDA:106,8,1,14
BRDA:108,9,0,21
BRDA:115,10,0,21
BRDA:115,10,1,14
BRDA:124,11,0,21
BRDA:132,12,0,21
BRDA:132,12,1,0
BRDA:150,13,0,0
BRDA:160,14,0,0
BRF:25
BRH:15
end_of_record
TN:
SF:components\events\snapshot-preview.tsx
FN:14,SnapshotPreview
FN:58,(anonymous_3)
FN:71,cn
FNF:3
FNH:2
FNDA:7,SnapshotPreview
FNDA:0,(anonymous_3)
FNDA:7,cn
DA:3,1
DA:4,1
DA:5,1
DA:6,1
DA:7,1
DA:14,7
DA:15,7
DA:19,7
DA:21,7
DA:58,0
DA:72,7
LF:11
LH:10
BRDA:14,0,0,7
BRDA:21,1,0,0
BRDA:21,1,1,7
BRDA:28,2,0,0
BRDA:28,2,1,7
BRDA:32,3,0,7
BRDA:32,3,1,0
BRDA:48,4,0,7
BRDA:48,4,1,0
BRF:9
BRH:5
end_of_record
TN:
SF:components\live\detection-indicator.tsx
FN:12,DetectionIndicator
FN:15,(anonymous_2)
FN:18,(anonymous_3)
FN:22,(anonymous_4)
FNF:4
FNH:4
FNDA:9,DetectionIndicator
FNDA:6,(anonymous_2)
FNDA:2,(anonymous_3)
FNDA:6,(anonymous_4)
DA:3,2
DA:4,2
DA:5,2
DA:12,6
DA:13,9
DA:15,9
DA:17,6
DA:18,6
DA:19,2
DA:22,6
LF:10
LH:10
BRDA:27,0,0,9
BRDA:43,1,0,6
BRF:2
BRH:2
end_of_record
TN:
SF:components\live\status-panel.tsx
FN:33,StatusPanel
FN:47,(anonymous_2)
FN:56,(anonymous_3)
FN:111,(anonymous_4)
FNF:4
FNH:4
FNDA:26,StatusPanel
FNDA:1,(anonymous_2)
FNDA:2,(anonymous_3)
FNDA:1,(anonymous_4)
DA:3,2
DA:4,2
DA:5,2
DA:6,2
DA:7,2
DA:8,2
DA:9,2
DA:10,2
DA:11,2
DA:33,25
DA:34,26
DA:36,26
DA:47,11
DA:48,1
DA:49,1
DA:50,1
DA:52,1
DA:56,11
DA:57,2
DA:58,2
DA:59,2
DA:61,0
DA:111,1
LF:23
LH:22
BRDA:36,0,0,15
BRDA:57,1,0,0
BRDA:87,2,0,9
BRDA:87,2,1,2
BRDA:88,3,0,9
BRDA:88,3,1,2
BRDA:103,4,0,11
BRDA:107,5,0,11
BRDA:107,5,1,0
BRDA:112,6,0,11
BRDA:112,6,1,10
BRDA:128,7,0,11
BRDA:128,7,1,0
BRDA:130,8,0,11
BRDA:130,8,1,0
BRDA:135,9,0,2
BRDA:135,9,1,9
BRDA:137,10,0,2
BRDA:137,10,1,9
BRDA:140,11,0,11
BRDA:140,11,1,2
BRDA:149,12,0,11
BRF:22
BRH:18
end_of_record
TN:
SF:components\live\video-feed.tsx
FN:14,VideoFeed
FN:23,(anonymous_3)
FN:29,(anonymous_4)
FN:33,(anonymous_5)
FN:38,(anonymous_6)
FN:42,(anonymous_7)
FNF:6
FNH:3
FNDA:10,VideoFeed
FNDA:10,(anonymous_3)
FNDA:0,(anonymous_4)
FNDA:10,(anonymous_5)
FNDA:0,(anonymous_6)
FNDA:0,(anonymous_7)
DA:3,2
DA:4,2
DA:5,2
DA:6,2
DA:14,10
DA:15,10
DA:16,10
DA:17,10
DA:21,10
DA:23,10
DA:25,10
DA:26,10
DA:29,10
DA:30,0
DA:33,10
DA:38,10
DA:39,0
DA:42,10
DA:43,0
DA:44,0
LF:20
LH:16
BRDA:14,0,0,9
BRDA:14,1,0,9
BRDA:49,2,0,10
BRDA:63,3,0,10
BRDA:78,4,0,10
BRDA:78,4,1,0
BRDA:79,5,0,10
BRDA:79,5,1,0
BRDA:85,6,0,10
BRDA:85,6,1,0
BRF:10
BRH:7
end_of_record
TN:
SF:components\live\websocket-client.tsx
FN:14,WebSocketClient
FN:19,(anonymous_2)
FN:26,(anonymous_3)
FN:33,(anonymous_4)
FN:47,(anonymous_5)
FN:51,(anonymous_6)
FN:60,(anonymous_7)
FN:62,(anonymous_8)
FNF:8
FNH:8
FNDA:13,WebSocketClient
FNDA:4,(anonymous_2)
FNDA:3,(anonymous_3)
FNDA:1,(anonymous_4)
FNDA:3,(anonymous_5)
FNDA:1,(anonymous_6)
FNDA:5,(anonymous_7)
FNDA:5,(anonymous_8)
DA:3,2
DA:4,2
DA:5,2
DA:6,2
DA:7,2
DA:14,5
DA:15,13
DA:16,13
DA:17,13
DA:19,13
DA:22,4
DA:23,4
DA:26,4
DA:29,3
DA:30,3
DA:33,3
DA:34,1
DA:43,1
DA:47,3
DA:51,13
DA:52,1
DA:53,1
DA:54,1
DA:56,1
DA:57,1
DA:60,13
DA:62,5
DA:63,5
DA:64,2
LF:29
LH:29
BRDA:37,0,0,0
BRDA:37,0,1,1
BRDA:39,1,0,1
BRDA:39,1,1,0
BRDA:52,2,0,1
BRDA:63,3,0,2
BRDA:72,4,0,13
BRDA:79,5,0,13
BRDA:86,6,0,13
BRDA:92,7,0,13
BRDA:95,8,0,0
BRDA:95,8,1,0
BRDA:102,9,0,6
BRDA:101,10,0,13
BRDA:101,10,1,7
BRF:15
BRH:11
end_of_record
TN:
SF:components\ui\accordion.tsx
FNF:0
FNH:0
DA:3,0
DA:4,0
DA:5,0
DA:7,0
DA:9,0
DA:21,0
DA:41,0
DA:56,0
DA:58,0
LF:9
LH:0
BRF:0
BRH:0
end_of_record
TN:
SF:components\ui\alert-dialog.tsx
FNF:0
FNH:0
DA:3,2
DA:4,2
DA:6,2
DA:7,2
DA:9,2
DA:11,2
DA:13,2
DA:28,2
DA:46,2
DA:51,2
DA:56,2
DA:64,2
DA:72,2
DA:80,2
DA:92,2
DA:95,15
DA:96,0
DA:97,0
DA:98,15
DA:99,15
DA:100,15
DA:101,15
DA:102,15
DA:103,15
DA:104,15
DA:105,15
LF:26
LH:24
BRF:0
BRH:0
end_of_record
TN:
SF:components\ui\alert.tsx
FNF:0
FNH:0
DA:1,0
DA:2,0
DA:4,0
DA:6,0
DA:33,0
DA:45,0
DA:57,0
DA:59,0
LF:8
LH:0
BRF:0
BRH:0
end_of_record
TN:
SF:components\ui\aspect-ratio.tsx
FNF:0
FNH:0
DA:3,0
DA:5,0
DA:7,0
LF:3
LH:0
BRF:0
BRH:0
end_of_record
TN:
SF:components\ui\avatar.tsx
FNF:0
FNH:0
DA:3,0
DA:4,0
DA:6,0
DA:21,0
DA:33,0
DA:48,0
DA:50,0
LF:7
LH:0
BRF:0
BRH:0
end_of_record
TN:
SF:components\ui\badge.tsx
FN:25,Badge
FNF:1
FNH:1
FNDA:51,Badge
DA:2,3
DA:4,3
DA:6,3
DA:29,51
LF:4
LH:4
BRF:0
BRH:0
end_of_record
TN:
SF:components\ui\breadcrumb.tsx
FN:47,(anonymous_14)
FNF:1
FNH:0
FNDA:0,(anonymous_14)
DA:1,0
DA:2,0
DA:3,0
DA:5,0
DA:13,0
DA:28,0
DA:40,0
DA:42,0
DA:48,0
DA:58,0
DA:73,0
DA:89,0
DA:105,0
DA:108,0
DA:109,0
DA:110,0
DA:111,0
DA:112,0
DA:113,0
DA:114,0
LF:20
LH:0
BRDA:48,0,0,0
BRDA:48,0,1,0
BRDA:86,1,0,0
BRDA:86,1,1,0
BRF:4
BRH:0
end_of_record
TN:
SF:components\ui\button.tsx
FN:40,(anonymous_6)
FNF:1
FNH:1
FNDA:271,(anonymous_6)
DA:1,12
DA:2,12
DA:3,12
DA:5,12
DA:7,12
DA:39,12
DA:41,271
DA:45,12
DA:47,250
LF:9
LH:9
BRDA:40,0,0,261
BRDA:41,1,0,10
BRDA:41,1,1,261
BRF:3
BRH:3
end_of_record
TN:
SF:components\ui\calendar.tsx
FN:12,Calendar
FNF:1
FNH:0
FNDA:0,Calendar
DA:4,1
DA:5,1
DA:7,1
DA:8,1
DA:54,1
DA:56,15
LF:6
LH:6
BRDA:12,0,0,0
BRF:1
BRH:0
end_of_record
TN:
SF:components\ui\card.tsx
FNF:0
FNH:0
DA:1,7
DA:3,7
DA:18,7
DA:30,7
DA:45,7
DA:57,7
DA:65,7
DA:77,7
DA:79,139
LF:9
LH:9
BRF:0
BRH:0
end_of_record
TN:
SF:components\ui\carousel.tsx
FN:35,useCarousel
FN:49,(anonymous_11)
FN:71,(anonymous_12)
FN:80,(anonymous_13)
FN:84,(anonymous_14)
FN:89,(anonymous_15)
FN:101,(anonymous_16)
FN:109,(anonymous_17)
FN:118,(anonymous_18)
FN:156,(anonymous_19)
FN:178,(anonymous_20)
FN:200,(anonymous_21)
FN:229,(anonymous_22)
FNF:13
FNH:0
FNDA:0,useCarousel
FNDA:0,(anonymous_11)
FNDA:0,(anonymous_12)
FNDA:0,(anonymous_13)
FNDA:0,(anonymous_14)
FNDA:0,(anonymous_15)
FNDA:0,(anonymous_16)
FNDA:0,(anonymous_17)
FNDA:0,(anonymous_18)
FNDA:0,(anonymous_19)
FNDA:0,(anonymous_20)
FNDA:0,(anonymous_21)
FNDA:0,(anonymous_22)
DA:3,0
DA:6,0
DA:7,0
DA:9,0
DA:10,0
DA:33,0
DA:36,0
DA:38,0
DA:39,0
DA:42,0
DA:45,0
DA:61,0
DA:68,0
DA:69,0
DA:71,0
DA:72,0
DA:73,0
DA:76,0
DA:77,0
DA:80,0
DA:81,0
DA:84,0
DA:85,0
DA:88,0
DA:90,0
DA:91,0
DA:92,0
DA:93,0
DA:94,0
DA:95,0
DA:101,0
DA:102,0
DA:103,0
DA:106,0
DA:109,0
DA:110,0
DA:111,0
DA:114,0
DA:115,0
DA:116,0
DA:118,0
DA:119,0
DA:151,0
DA:153,0
DA:157,0
DA:173,0
DA:175,0
DA:179,0
DA:195,0
DA:197,0
DA:201,0
DA:224,0
DA:226,0
DA:230,0
DA:253,0
DA:257,0
DA:258,0
DA:259,0
DA:260,0
DA:261,0
LF:60
LH:0
BRDA:38,0,0,0
BRDA:51,1,0,0
BRDA:64,2,0,0
BRDA:64,2,1,0
BRDA:72,3,0,0
BRDA:90,4,0,0
BRDA:90,4,1,0
BRDA:93,5,0,0
BRDA:102,6,0,0
BRDA:102,7,0,0
BRDA:102,7,1,0
BRDA:110,8,0,0
BRDA:130,9,0,0
BRDA:130,9,1,0
BRDA:130,10,0,0
BRDA:130,10,1,0
BRDA:165,11,0,0
BRDA:165,11,1,0
BRDA:188,12,0,0
BRDA:188,12,1,0
BRDA:200,13,0,0
BRDA:200,14,0,0
BRDA:210,15,0,0
BRDA:210,15,1,0
BRDA:229,16,0,0
BRDA:229,17,0,0
BRDA:239,18,0,0
BRDA:239,18,1,0
BRF:28
BRH:0
end_of_record
TN:
SF:components\ui\chart.tsx
FN:27,useChart
FN:45,(anonymous_11)
FN:70,(anonymous_12)
FN:72,(anonymous_13)
FN:84,(anonymous_14)
FN:87,(anonymous_15)
FN:116,(anonymous_16)
FN:136,(anonymous_17)
FN:188,(anonymous_18)
FN:269,(anonymous_19)
FN:288,(anonymous_20)
FN:320,getPayloadConfigFromPayload
FNF:12
FNH:0
FNDA:0,useChart
FNDA:0,(anonymous_11)
FNDA:0,(anonymous_12)
FNDA:0,(anonymous_13)
FNDA:0,(anonymous_14)
FNDA:0,(anonymous_15)
FNDA:0,(anonymous_16)
FNDA:0,(anonymous_17)
FNDA:0,(anonymous_18)
FNDA:0,(anonymous_19)
FNDA:0,(anonymous_20)
FNDA:0,getPayloadConfigFromPayload
DA:3,0
DA:4,0
DA:6,0
DA:9,0
DA:25,0
DA:28,0
DA:30,0
DA:31,0
DA:34,0
DA:37,0
DA:46,0
DA:47,0
DA:68,0
DA:70,0
DA:71,0
DA:72,0
DA:75,0
DA:76,0
DA:84,0
DA:89,0
DA:91,0
DA:103,0
DA:105,0
DA:134,0
DA:136,0
DA:137,0
DA:138,0
DA:141,0
DA:142,0
DA:143,0
DA:145,0
DA:149,0
DA:157,0
DA:158,0
DA:172,0
DA:173,0
DA:176,0
DA:189,0
DA:190,0
DA:191,0
DA:193,0
DA:257,0
DA:259,0
DA:261,0
DA:273,0
DA:275,0
DA:276,0
DA:289,0
DA:290,0
DA:292,0
DA:317,0
DA:325,0
DA:326,0
DA:330,0
DA:336,0
DA:338,0
DA:342,0
DA:343,0
DA:348,0
DA:353,0
DA:359,0
DA:360,0
DA:361,0
DA:362,0
DA:363,0
DA:364,0
LF:66
LH:0
BRDA:30,0,0,0
BRDA:47,1,0,0
BRDA:47,1,1,0
BRDA:72,2,0,0
BRDA:72,2,1,0
BRDA:75,3,0,0
BRDA:89,4,0,0
BRDA:89,4,1,0
BRDA:91,5,0,0
BRDA:91,5,1,0
BRDA:121,6,0,0
BRDA:122,7,0,0
BRDA:123,8,0,0
BRDA:137,9,0,0
BRDA:137,10,0,0
BRDA:137,10,1,0
BRDA:142,11,0,0
BRDA:142,11,1,0
BRDA:142,11,2,0
BRDA:142,11,3,0
BRDA:145,12,0,0
BRDA:145,12,1,0
BRDA:145,13,0,0
BRDA:145,13,1,0
BRDA:146,14,0,0
BRDA:146,14,1,0
BRDA:149,15,0,0
BRDA:157,16,0,0
BRDA:172,17,0,0
BRDA:172,18,0,0
BRDA:172,18,1,0
BRDA:176,19,0,0
BRDA:176,19,1,0
BRDA:186,20,0,0
BRDA:186,20,1,0
BRDA:189,21,0,0
BRDA:189,21,1,0
BRDA:189,21,2,0
BRDA:189,21,3,0
BRDA:191,22,0,0
BRDA:191,22,1,0
BRDA:191,22,2,0
BRDA:198,23,0,0
BRDA:198,23,1,0
BRDA:202,24,0,0
BRDA:201,25,0,0
BRDA:201,25,1,0
BRDA:201,25,2,0
BRDA:206,26,0,0
BRDA:208,27,0,0
BRDA:217,28,0,0
BRDA:217,28,1,0
BRDA:232,29,0,0
BRDA:232,29,1,0
BRDA:236,30,0,0
BRDA:236,30,1,0
BRDA:238,31,0,0
BRDA:238,31,1,0
BRDA:241,32,0,0
BRDA:270,33,0,0
BRDA:270,34,0,0
BRDA:275,35,0,0
BRDA:284,36,0,0
BRDA:284,36,1,0
BRDA:289,37,0,0
BRDA:289,37,1,0
BRDA:289,37,2,0
BRDA:300,38,0,0
BRDA:299,39,0,0
BRDA:299,39,1,0
BRDA:325,40,0,0
BRDA:325,41,0,0
BRDA:325,41,1,0
BRDA:330,42,0,0
BRDA:330,42,1,0
BRDA:330,43,0,0
BRDA:330,43,1,0
BRDA:330,43,2,0
BRDA:338,44,0,0
BRDA:338,44,1,0
BRDA:339,45,0,0
BRDA:339,45,1,0
BRDA:343,46,0,0
BRDA:344,47,0,0
BRDA:344,47,1,0
BRDA:344,47,2,0
BRDA:353,48,0,0
BRDA:353,48,1,0
BRF:88
BRH:0
end_of_record
TN:
SF:components\ui\checkbox.tsx
FNF:0
FNH:0
DA:3,0
DA:4,0
DA:5,0
DA:7,0
DA:28,0
DA:30,0
LF:6
LH:0
BRF:0
BRH:0
end_of_record
TN:
SF:components\ui\collapsible.tsx
FNF:0
FNH:0
DA:3,0
DA:5,0
DA:7,0
DA:9,0
DA:11,0
LF:5
LH:0
BRF:0
BRH:0
end_of_record
TN:
SF:components\ui\command.tsx
FN:28,(anonymous_14)
FN:119,(anonymous_21)
FNF:2
FNH:0
FNDA:0,(anonymous_14)
FNDA:0,(anonymous_21)
DA:3,0
DA:5,0
DA:6,0
DA:8,0
DA:9,0
DA:24,0
DA:28,0
DA:57,0
DA:70,0
DA:77,0
DA:93,0
DA:101,0
DA:117,0
DA:119,0
DA:122,0
DA:125,0
DA:126,0
DA:127,0
DA:128,0
DA:129,0
DA:130,0
DA:131,0
DA:132,0
DA:133,0
LF:24
LH:0
BRF:0
BRH:0
end_of_record
TN:
SF:components\ui\context-menu.tsx
FN:168,(anonymous_27)
FNF:1
FNH:0
FNDA:0,(anonymous_27)
DA:3,0
DA:4,0
DA:5,0
DA:7,0
DA:9,0
DA:11,0
DA:13,0
DA:15,0
DA:17,0
DA:19,0
DA:40,0
DA:55,0
DA:72,0
DA:90,0
DA:113,0
DA:136,0
DA:154,0
DA:166,0
DA:168,0
DA:182,0
DA:185,0
DA:186,0
DA:187,0
DA:188,0
DA:189,0
DA:190,0
DA:191,0
DA:192,0
DA:193,0
DA:194,0
DA:195,0
DA:196,0
DA:197,0
DA:198,0
DA:199,0
LF:35
LH:0
BRDA:31,0,0,0
BRDA:31,0,1,0
BRDA:84,1,0,0
BRDA:84,1,1,0
BRDA:148,2,0,0
BRDA:148,2,1,0
BRF:6
BRH:0
end_of_record
TN:
SF:components\ui\dialog.tsx
FNF:0
FNH:0
DA:3,1
DA:4,1
DA:5,1
DA:7,1
DA:9,1
DA:11,1
DA:13,1
DA:15,1
DA:30,1
DA:54,1
DA:59,1
DA:64,1
DA:76,1
DA:84,1
DA:87,7
DA:88,0
DA:89,0
DA:90,7
DA:91,0
DA:92,7
DA:93,0
DA:94,0
DA:95,0
DA:96,0
LF:24
LH:17
BRF:0
BRH:0
end_of_record
TN:
SF:components\ui\drawer.tsx
FNF:0
FNH:0
DA:3,0
DA:4,0
DA:6,0
DA:17,0
DA:19,0
DA:21,0
DA:23,0
DA:35,0
DA:56,0
DA:67,0
DA:78,0
DA:93,0
DA:105,0
DA:108,0
DA:109,0
DA:110,0
DA:111,0
DA:112,0
DA:113,0
DA:114,0
DA:115,0
DA:116,0
DA:117,0
LF:23
LH:0
BRDA:9,0,0,0
BRF:1
BRH:0
end_of_record
TN:
SF:components\ui\dropdown-menu.tsx
FN:171,(anonymous_27)
FNF:1
FNH:0
FNDA:0,(anonymous_27)
DA:3,0
DA:4,0
DA:5,0
DA:7,0
DA:9,0
DA:11,0
DA:13,0
DA:15,0
DA:17,0
DA:19,0
DA:40,0
DA:56,0
DA:75,0
DA:93,0
DA:116,0
DA:139,0
DA:157,0
DA:169,0
DA:171,0
DA:182,0
DA:185,0
DA:186,0
DA:187,0
DA:188,0
DA:189,0
DA:190,0
DA:191,0
DA:192,0
DA:193,0
DA:194,0
DA:195,0
DA:196,0
DA:197,0
DA:198,0
DA:199,0
LF:35
LH:0
BRDA:31,0,0,0
BRDA:31,0,1,0
BRDA:62,1,0,0
BRDA:87,2,0,0
BRDA:87,2,1,0
BRDA:151,3,0,0
BRDA:151,3,1,0
BRF:7
BRH:0
end_of_record
TN:
SF:components\ui\form.tsx
FN:31,(anonymous_12)
FN:44,(anonymous_13)
FN:78,(anonymous_14)
FN:92,(anonymous_15)
FN:109,(anonymous_16)
FN:131,(anonymous_17)
FN:148,(anonymous_18)
FNF:7
FNH:6
FNDA:75,(anonymous_12)
FNDA:225,(anonymous_13)
FNDA:75,(anonymous_14)
FNDA:75,(anonymous_15)
FNDA:75,(anonymous_16)
FNDA:0,(anonymous_17)
FNDA:75,(anonymous_18)
DA:3,2
DA:5,2
DA:13,2
DA:15,2
DA:16,2
DA:18,2
DA:27,2
DA:31,2
DA:44,2
DA:45,225
DA:46,225
DA:47,225
DA:49,225
DA:51,225
DA:52,0
DA:55,225
DA:57,225
DA:71,2
DA:75,2
DA:79,75
DA:87,2
DA:89,2
DA:93,75
DA:104,2
DA:106,2
DA:110,75
DA:126,2
DA:128,2
DA:132,0
DA:143,2
DA:145,2
DA:149,75
DA:150,75
DA:152,75
DA:153,72
DA:167,2
DA:170,0
DA:171,25
DA:172,87
DA:173,87
DA:174,87
DA:175,0
DA:176,87
DA:177,75
LF:44
LH:40
BRDA:51,0,0,0
BRDA:98,1,0,75
BRDA:98,1,1,3
BRDA:117,2,0,72
BRDA:117,2,1,3
BRDA:150,3,0,3
BRDA:150,3,1,72
BRDA:152,4,0,72
BRF:8
BRH:7
end_of_record
TN:
SF:components\ui\hover-card.tsx
FNF:0
FNH:0
DA:3,0
DA:4,0
DA:6,0
DA:8,0
DA:10,0
DA:27,0
DA:29,0
LF:7
LH:0
BRDA:15,0,0,0
BRDA:15,1,0,0
BRF:2
BRH:0
end_of_record
TN:
SF:components\ui\input-otp.tsx
FN:36,(anonymous_10)
FNF:1
FNH:0
FNDA:0,(anonymous_10)
DA:3,0
DA:4,0
DA:5,0
DA:7,0
DA:23,0
DA:31,0
DA:33,0
DA:37,0
DA:38,0
DA:59,0
DA:69,0
DA:71,0
LF:12
LH:0
BRDA:45,0,0,0
BRDA:45,0,1,0
BRDA:51,1,0,0
BRF:3
BRH:0
end_of_record
TN:
SF:components\ui\input.tsx
FN:6,(anonymous_4)
FNF:1
FNH:1
FNDA:75,(anonymous_4)
DA:1,2
DA:3,2
DA:5,2
DA:20,2
DA:22,87
LF:5
LH:5
BRF:0
BRH:0
end_of_record
TN:
SF:components\ui\label.tsx
FNF:0
FNH:0
DA:3,4
DA:4,4
DA:5,4
DA:7,4
DA:9,4
DA:17,4
DA:19,97
LF:7
LH:7
BRF:0
BRH:0
end_of_record
TN:
SF:components\ui\loading-spinner.tsx
FN:14,LoadingSpinner
FN:51,LoadingDots
FN:54,(anonymous_7)
FN:72,LoadingCard
FN:86,LoadingOverlay
FNF:5
FNH:3
FNDA:71,LoadingSpinner
FNDA:0,LoadingDots
FNDA:0,(anonymous_7)
FNDA:26,LoadingCard
FNDA:14,LoadingOverlay
DA:3,6
DA:4,6
DA:5,6
DA:14,34
DA:15,71
DA:21,71
DA:51,0
DA:55,0
DA:72,45
DA:86,14
LF:10
LH:8
BRDA:14,0,0,26
BRDA:14,1,0,45
BRDA:37,2,0,71
BRDA:74,3,0,0
BRDA:88,4,0,0
BRF:5
BRH:3
end_of_record
TN:
SF:components\ui\menubar.tsx
FN:203,(anonymous_30)
FNF:1
FNH:0
FNDA:0,(anonymous_30)
DA:3,0
DA:4,0
DA:5,0
DA:7,0
DA:9,0
DA:11,0
DA:13,0
DA:15,0
DA:17,0
DA:32,0
DA:47,0
DA:68,0
DA:83,0
DA:108,0
DA:126,0
DA:149,0
DA:171,0
DA:189,0
DA:201,0
DA:203,0
DA:217,0
DA:220,0
DA:221,0
DA:222,0
DA:223,0
DA:224,0
DA:225,0
DA:226,0
DA:227,0
DA:228,0
DA:229,0
DA:230,0
DA:231,0
DA:232,0
DA:233,0
DA:234,0
DA:235,0
LF:37
LH:0
BRDA:59,0,0,0
BRDA:59,0,1,0
BRDA:90,1,0,0
BRDA:90,2,0,0
BRDA:90,3,0,0
BRDA:120,4,0,0
BRDA:120,4,1,0
BRDA:183,5,0,0
BRDA:183,5,1,0
BRF:9
BRH:0
end_of_record
TN:
SF:components\ui\navigation-menu.tsx
FNF:0
FNH:0
DA:1,0
DA:2,0
DA:3,0
DA:4,0
DA:6,0
DA:24,0
DA:39,0
DA:41,0
DA:43,0
DA:63,0
DA:78,0
DA:80,0
DA:97,0
DA:115,0
DA:119,0
DA:120,0
DA:121,0
DA:122,0
DA:123,0
DA:124,0
DA:125,0
DA:126,0
DA:127,0
LF:23
LH:0
BRF:0
BRH:0
end_of_record
TN:
SF:components\ui\pagination.tsx
FNF:0
FNH:0
DA:1,0
DA:2,0
DA:4,0
DA:5,0
DA:15,0
DA:27,0
DA:35,0
DA:60,0
DA:76,0
DA:92,0
DA:107,0
DA:110,0
DA:111,0
DA:112,0
DA:113,0
DA:114,0
DA:115,0
DA:116,0
LF:18
LH:0
BRDA:45,0,0,0
BRDA:49,1,0,0
BRDA:49,1,1,0
BRDA:52,2,0,0
BRDA:52,2,1,0
BRF:5
BRH:0
end_of_record
TN:
SF:components\ui\popover.tsx
FNF:0
FNH:0
DA:3,1
DA:4,1
DA:6,1
DA:8,1
DA:10,1
DA:29,1
DA:31,15
LF:7
LH:7
BRDA:15,0,0,0
BRDA:15,1,0,15
BRF:2
BRH:1
end_of_record
TN:
SF:components\ui\progress.tsx
FNF:0
FNH:0
DA:3,0
DA:4,0
DA:6,0
DA:26,0
DA:28,0
LF:5
LH:0
BRDA:22,0,0,0
BRDA:22,0,1,0
BRF:2
BRH:0
end_of_record
TN:
SF:components\ui\radio-group.tsx
FN:12,(anonymous_6)
FN:20,(anonymous_7)
FNF:2
FNH:2
FNDA:11,(anonymous_6)
FNDA:22,(anonymous_7)
DA:3,1
DA:4,1
DA:5,1
DA:7,1
DA:9,1
DA:15,1
DA:17,1
DA:36,1
DA:38,22
LF:9
LH:9
BRF:0
BRH:0
end_of_record
TN:
SF:components\ui\resizable.tsx
FNF:0
FNH:0
DA:3,0
DA:4,0
DA:6,0
DA:21,0
DA:45,0
LF:5
LH:0
BRDA:37,0,0,0
BRF:1
BRH:0
end_of_record
TN:
SF:components\ui\scroll-area.tsx
FNF:0
FNH:0
DA:3,0
DA:4,0
DA:6,0
DA:24,0
DA:46,0
DA:48,0
LF:6
LH:0
BRDA:29,0,0,0
BRDA:35,1,0,0
BRDA:35,1,1,0
BRDA:37,2,0,0
BRDA:37,2,1,0
BRF:5
BRH:0
end_of_record
TN:
SF:components\ui\select.tsx
FNF:0
FNH:0
DA:3,2
DA:4,2
DA:5,2
DA:7,2
DA:9,2
DA:11,2
DA:13,2
DA:33,2
DA:47,2
DA:61,2
DA:93,2
DA:101,2
DA:124,2
DA:132,2
DA:135,25
DA:136,0
DA:137,25
DA:138,25
DA:139,25
DA:140,0
DA:141,33
DA:142,0
DA:143,0
DA:144,0
LF:24
LH:19
BRDA:66,0,0,25
BRDA:72,1,0,25
BRDA:72,1,1,25
BRDA:83,2,0,25
BRDA:83,2,1,25
BRF:5
BRH:5
end_of_record
TN:
SF:components\ui\separator.tsx
FNF:0
FNH:0
DA:3,2
DA:4,2
DA:6,2
DA:20,2
DA:22,35
LF:5
LH:5
BRDA:11,0,0,35
BRDA:11,1,0,35
BRDA:16,2,0,35
BRDA:16,2,1,0
BRF:4
BRH:3
end_of_record
TN:
SF:components\ui\sheet.tsx
FNF:0
FNH:0
DA:3,0
DA:4,0
DA:5,0
DA:6,0
DA:8,0
DA:10,0
DA:12,0
DA:14,0
DA:16,0
DA:31,0
DA:33,0
DA:75,0
DA:89,0
DA:103,0
DA:115,0
DA:127,0
DA:130,0
DA:131,0
DA:132,0
DA:133,0
DA:134,0
DA:135,0
DA:136,0
DA:137,0
DA:138,0
DA:139,0
LF:26
LH:0
BRDA:59,0,0,0
BRF:1
BRH:0
end_of_record
TN:
SF:components\ui\sidebar.tsx
FN:41,useSidebar
FN:58,(anonymous_29)
FN:78,(anonymous_30)
FN:93,(anonymous_31)
FN:95,(anonymous_32)
FN:96,(anonymous_33)
FN:100,(anonymous_34)
FN:101,(anonymous_35)
FN:112,(anonymous_36)
FN:120,(anonymous_37)
FN:167,(anonymous_38)
FN:265,(anonymous_39)
FN:275,(anonymous_40)
FN:291,(anonymous_41)
FN:320,(anonymous_42)
FN:338,(anonymous_43)
FN:356,(anonymous_44)
FN:371,(anonymous_45)
FN:386,(anonymous_46)
FN:401,(anonymous_47)
FN:419,(anonymous_48)
FN:434,(anonymous_49)
FN:455,(anonymous_50)
FN:544,(anonymous_54)
FN:601,(anonymous_55)
FN:652,(anonymous_57)
FN:654,(anonymous_58)
FN:715,(anonymous_61)
FNF:28
FNH:0
FNDA:0,useSidebar
FNDA:0,(anonymous_29)
FNDA:0,(anonymous_30)
FNDA:0,(anonymous_31)
FNDA:0,(anonymous_32)
FNDA:0,(anonymous_33)
FNDA:0,(anonymous_34)
FNDA:0,(anonymous_35)
FNDA:0,(anonymous_36)
FNDA:0,(anonymous_37)
FNDA:0,(anonymous_38)
FNDA:0,(anonymous_39)
FNDA:0,(anonymous_40)
FNDA:0,(anonymous_41)
FNDA:0,(anonymous_42)
FNDA:0,(anonymous_43)
FNDA:0,(anonymous_44)
FNDA:0,(anonymous_45)
FNDA:0,(anonymous_46)
FNDA:0,(anonymous_47)
FNDA:0,(anonymous_48)
FNDA:0,(anonymous_49)
FNDA:0,(anonymous_50)
FNDA:0,(anonymous_54)
FNDA:0,(anonymous_55)
FNDA:0,(anonymous_57)
FNDA:0,(anonymous_58)
FNDA:0,(anonymous_61)
DA:3,0
DA:4,0
DA:5,0
DA:6,0
DA:8,0
DA:9,0
DA:10,0
DA:11,0
DA:12,0
DA:13,0
DA:14,0
DA:20,0
DA:22,0
DA:23,0
DA:24,0
DA:25,0
DA:26,0
DA:27,0
DA:39,0
DA:42,0
DA:43,0
DA:44,0
DA:47,0
DA:50,0
DA:70,0
DA:71,0
DA:75,0
DA:76,0
DA:77,0
DA:79,0
DA:80,0
DA:81,0
DA:83,0
DA:87,0
DA:93,0
DA:94,0
DA:95,0
DA:96,0
DA:100,0
DA:101,0
DA:102,0
DA:106,0
DA:107,0
DA:111,0
DA:112,0
DA:117,0
DA:119,0
DA:120,0
DA:157,0
DA:159,0
DA:178,0
DA:180,0
DA:195,0
DA:260,0
DA:262,0
DA:266,0
DA:276,0
DA:277,0
DA:286,0
DA:288,0
DA:292,0
DA:315,0
DA:317,0
DA:333,0
DA:335,0
DA:351,0
DA:353,0
DA:366,0
DA:368,0
DA:381,0
DA:383,0
DA:396,0
DA:398,0
DA:414,0
DA:416,0
DA:429,0
DA:431,0
DA:435,0
DA:450,0
DA:452,0
DA:456,0
DA:473,0
DA:486,0
DA:499,0
DA:512,0
DA:514,0
DA:536,0
DA:556,0
DA:557,0
DA:570,0
DA:571,0
DA:574,0
DA:575,0
DA:593,0
DA:595,0
DA:602,0
DA:624,0
DA:645,0
DA:647,0
DA:654,0
DA:655,0
DA:683,0
DA:700,0
DA:706,0
DA:708,0
DA:716,0
DA:736,0
DA:739,0
DA:740,0
DA:741,0
DA:742,0
DA:743,0
DA:744,0
DA:745,0
DA:746,0
DA:747,0
DA:748,0
DA:749,0
DA:750,0
DA:751,0
DA:752,0
DA:753,0
DA:754,0
DA:755,0
DA:756,0
DA:757,0
DA:758,0
DA:759,0
DA:760,0
DA:761,0
DA:762,0
LF:131
LH:0
BRDA:43,0,0,0
BRDA:60,1,0,0
BRDA:76,2,0,0
BRDA:76,2,1,0
BRDA:79,3,0,0
BRDA:79,3,1,0
BRDA:80,4,0,0
BRDA:80,4,1,0
BRDA:94,5,0,0
BRDA:94,5,1,0
BRDA:102,6,0,0
BRDA:103,7,0,0
BRDA:103,7,1,0
BRDA:103,7,2,0
BRDA:117,8,0,0
BRDA:117,8,1,0
BRDA:169,9,0,0
BRDA:170,10,0,0
BRDA:171,11,0,0
BRDA:180,12,0,0
BRDA:195,13,0,0
BRDA:220,14,0,0
BRDA:220,14,1,0
BRDA:230,15,0,0
BRDA:230,15,1,0
BRDA:230,16,0,0
BRDA:230,16,1,0
BRDA:238,17,0,0
BRDA:238,17,1,0
BRDA:242,18,0,0
BRDA:242,18,1,0
BRDA:242,19,0,0
BRDA:242,19,1,0
BRDA:434,20,0,0
BRDA:435,21,0,0
BRDA:435,21,1,0
BRDA:455,22,0,0
BRDA:456,23,0,0
BRDA:456,23,1,0
BRDA:546,24,0,0
BRDA:547,25,0,0
BRDA:548,26,0,0
BRDA:549,27,0,0
BRDA:556,28,0,0
BRDA:556,28,1,0
BRDA:570,29,0,0
BRDA:574,30,0,0
BRDA:586,31,0,0
BRDA:586,31,1,0
BRDA:601,32,0,0
BRDA:601,33,0,0
BRDA:602,34,0,0
BRDA:602,34,1,0
BRDA:616,35,0,0
BRDA:616,35,1,0
BRDA:652,36,0,0
BRDA:665,37,0,0
BRDA:715,38,0,0
BRDA:715,39,0,0
BRDA:716,40,0,0
BRDA:716,40,1,0
BRDA:727,41,0,0
BRDA:727,41,1,0
BRDA:728,42,0,0
BRDA:728,42,1,0
BRF:65
BRH:0
end_of_record
TN:
SF:components\ui\skeleton.tsx
FN:3,Skeleton
FNF:1
FNH:0
FNDA:0,Skeleton
DA:1,0
DA:15,0
LF:2
LH:0
BRF:0
BRH:0
end_of_record
TN:
SF:components\ui\slider.tsx
FNF:0
FNH:0
DA:3,0
DA:4,0
DA:6,0
DA:26,0
DA:28,0
LF:5
LH:0
BRF:0
BRH:0
end_of_record
TN:
SF:components\ui\sonner.tsx
FN:8,(anonymous_1)
FNF:1
FNH:0
FNDA:0,(anonymous_1)
DA:3,0
DA:4,0
DA:8,0
DA:9,0
DA:31,0
LF:5
LH:0
BRDA:9,0,0,0
BRF:1
BRH:0
end_of_record
TN:
SF:components\ui\switch.tsx
FNF:0
FNH:0
DA:3,5
DA:4,5
DA:6,5
DA:27,5
DA:29,32
LF:5
LH:5
BRF:0
BRH:0
end_of_record
TN:
SF:components\ui\table.tsx
FNF:0
FNH:0
DA:1,0
DA:3,0
DA:17,0
DA:25,0
DA:37,0
DA:52,0
DA:67,0
DA:82,0
DA:94,0
DA:106,0
DA:109,0
DA:110,0
DA:111,0
DA:112,0
DA:113,0
DA:114,0
DA:115,0
DA:116,0
LF:18
LH:0
BRF:0
BRH:0
end_of_record
TN:
SF:components\ui\tabs.tsx
FNF:0
FNH:0
DA:3,2
DA:4,2
DA:6,2
DA:8,2
DA:23,2
DA:38,2
DA:53,2
DA:55,57
LF:8
LH:8
BRF:0
BRH:0
end_of_record
TN:
SF:components\ui\textarea.tsx
FN:8,(anonymous_4)
FNF:1
FNH:0
FNDA:0,(anonymous_4)
DA:1,0
DA:3,0
DA:5,0
DA:20,0
DA:22,0
LF:5
LH:0
BRF:0
BRH:0
end_of_record
TN:
SF:components\ui\toast.tsx
FN:43,(anonymous_12)
FNF:1
FNH:0
FNDA:0,(anonymous_12)
DA:1,0
DA:2,0
DA:3,0
DA:4,0
DA:6,0
DA:8,0
DA:23,0
DA:25,0
DA:40,0
DA:46,0
DA:61,0
DA:79,0
DA:87,0
DA:95,0
DA:104,0
DA:105,0
DA:106,0
DA:107,0
DA:108,0
DA:109,0
DA:110,0
LF:21
LH:0
BRF:0
BRH:0
end_of_record
TN:
SF:components\ui\toaster.tsx
FN:6,Toaster
FN:11,(anonymous_2)
FNF:2
FNH:0
FNDA:0,Toaster
FNDA:0,(anonymous_2)
DA:3,0
DA:4,0
DA:6,0
DA:7,0
DA:12,0
LF:5
LH:0
BRDA:14,0,0,0
BRDA:15,1,0,0
BRF:2
BRH:0
end_of_record
TN:
SF:components\ui\toggle-group.tsx
FN:39,(anonymous_7)
FNF:1
FNH:0
FNDA:0,(anonymous_7)
DA:3,0
DA:4,0
DA:7,0
DA:8,0
DA:10,0
DA:33,0
DA:35,0
DA:40,0
DA:59,0
DA:61,0
LF:10
LH:0
BRDA:47,0,0,0
BRDA:47,0,1,0
BRDA:48,1,0,0
BRDA:48,1,1,0
BRF:4
BRH:0
end_of_record
TN:
SF:components\ui\toggle.tsx
FNF:0
FNH:0
DA:3,0
DA:4,0
DA:5,0
DA:7,0
DA:9,0
DA:43,0
DA:45,0
LF:7
LH:0
BRF:0
BRH:0
end_of_record
TN:
SF:components\ui\tooltip.tsx
FNF:0
FNH:0
DA:3,5
DA:4,5
DA:6,5
DA:8,5
DA:10,5
DA:12,5
DA:28,5
DA:30,18
LF:8
LH:8
BRDA:17,0,0,18
BRF:1
BRH:1
end_of_record
TN:
SF:components\ui\use-mobile.tsx
FN:5,useIsMobile
FN:8,(anonymous_5)
FN:10,(anonymous_6)
FN:15,(anonymous_7)
FNF:4
FNH:0
FNDA:0,useIsMobile
FNDA:0,(anonymous_5)
FNDA:0,(anonymous_6)
FNDA:0,(anonymous_7)
DA:1,0
DA:3,0
DA:5,0
DA:6,0
DA:8,0
DA:9,0
DA:10,0
DA:11,0
DA:13,0
DA:14,0
DA:15,0
DA:18,0
LF:12
LH:0
BRF:0
BRH:0
end_of_record
TN:
SF:components\ui\use-toast.ts
FN:26,genId
FN:57,(anonymous_7)
FN:68,(anonymous_8)
FN:79,(anonymous_9)
FN:86,(anonymous_10)
FN:105,(anonymous_11)
FN:114,dispatch
FN:116,(anonymous_13)
FN:123,toast
FN:126,(anonymous_15)
FN:131,(anonymous_16)
FN:139,(anonymous_17)
FN:152,useToast
FN:155,(anonymous_19)
FN:157,(anonymous_20)
FN:168,(anonymous_21)
FN:172,addToRemoveQueue
FN:177,(anonymous_23)
FNF:18
FNH:3
FNDA:0,genId
FNDA:0,(anonymous_7)
FNDA:0,(anonymous_8)
FNDA:0,(anonymous_9)
FNDA:0,(anonymous_10)
FNDA:0,(anonymous_11)
FNDA:0,dispatch
FNDA:0,(anonymous_13)
FNDA:0,toast
FNDA:0,(anonymous_15)
FNDA:0,(anonymous_16)
FNDA:0,(anonymous_17)
FNDA:13,useToast
FNDA:12,(anonymous_19)
FNDA:12,(anonymous_20)
FNDA:0,(anonymous_21)
FNDA:0,addToRemoveQueue
FNDA:0,(anonymous_23)
DA:3,2
DA:7,2
DA:8,2
DA:17,2
DA:24,2
DA:27,0
DA:28,0
DA:55,2
DA:57,2
DA:58,0
DA:60,0
DA:66,0
DA:68,0
DA:72,0
DA:76,0
DA:77,0
DA:79,0
DA:80,0
DA:84,0
DA:87,0
DA:97,0
DA:98,0
DA:103,0
DA:105,0
DA:110,2
DA:112,2
DA:115,0
DA:116,0
DA:117,0
DA:124,0
DA:126,0
DA:127,0
DA:131,0
DA:133,0
DA:140,0
DA:145,0
DA:153,13
DA:155,13
DA:156,12
DA:157,12
DA:158,12
DA:159,12
DA:160,12
DA:165,13
DA:168,0
DA:173,0
DA:174,0
DA:177,0
DA:178,0
DA:179,0
DA:185,0
DA:188,13
LF:52
LH:18
BRDA:58,0,0,0
BRDA:58,0,1,0
BRDA:58,0,2,0
BRDA:58,0,3,0
BRDA:68,1,0,0
BRDA:68,1,1,0
BRDA:76,2,0,0
BRDA:76,2,1,0
BRDA:87,3,0,0
BRDA:87,3,1,0
BRDA:87,4,0,0
BRDA:87,4,1,0
BRDA:97,5,0,0
BRDA:140,6,0,0
BRDA:159,7,0,12
BRDA:173,8,0,0
BRF:16
BRH:1
end_of_record
